Script started on 2023-07-07 09:39:15+02:00
[0;35m[DEPRECATION WARNING]: "include" is deprecated, use include_tasks/import_tasks instead. See https://docs.ansible.com/ansible-core/2.14/user_guide/playbooks_reuse_includes.html for details.[0m
[0;35m This feature will be removed in version 2.16. Deprecation warnings can be disabled by setting deprecation_warnings=False in ansible.cfg.[0m

PLAY [all] **********************************************************************************************************************************************************************************

TASK [Gathering Facts] **********************************************************************************************************************************************************************
[1;35m[WARNING]: Platform linux on host dcex9002tzf0g8i is using the discovered Python interpreter at /usr/bin/python3.6, but future installation of another Python interpreter could change the[0m
[1;35mmeaning of that path. See https://docs.ansible.com/ansible-core/2.14/reference_appendices/interpreter_discovery.html for more information.[0m
[0;32mok: [dcex9002tzf0g8i][0m

TASK [cis_security : include] ***************************************************************************************************************************************************************
[0;35m[DEPRECATION WARNING]: "include" is deprecated, use include_tasks/import_tasks/import_playbook instead. This feature will be removed in version 2.16. Deprecation warnings can be disabled [0m
[0;35mby setting deprecation_warnings=False in ansible.cfg.[0m
[0;36mincluded: /home/gfk.com/ivan.stamov.adm/cis-hardening/roles/cis_security/tasks/CIS-OracleLinux-8.yml for dcex9002tzf0g8i[0m

TASK [cis_security : include] ***************************************************************************************************************************************************************
[1;35m[WARNING]: While constructing a mapping from /home/gfk.com/ivan.stamov.adm/cis-hardening/roles/cis_security/tasks/type-files/oracle-8-type.yml, line 968, column 5, found a duplicate dict[0m
[1;35mkey (tags). Using last defined value only.[0m
[0;36mincluded: /home/gfk.com/ivan.stamov.adm/cis-hardening/roles/cis_security/tasks/type-files/oracle-8-type.yml for dcex9002tzf0g8i[0m

TASK [cis_security : Print Header] **********************************************************************************************************************************************************
[0;32mok: [dcex9002tzf0g8i] => {[0m
[0;32m    "msg": "CIS Controls for OracleLinux 8"[0m
[0;32m}[0m

TASK [cis_security : Collect package list] **************************************************************************************************************************************************
[0;32mok: [dcex9002tzf0g8i][0m

TASK [cis_security : 1.1.1.1 Ensure mounting of cramfs filesystems is disabled] *************************************************************************************************************
[0;31m--- before: /etc/modprobe.d/cramfs.conf (content)[0m
[0;31m[0m[0;32m+++ after: /etc/modprobe.d/cramfs.conf (content)[0m
[0;32m[0m[0;36m@@ -1,2 +1,3 @@[0m
[0;36m[0m install cramfs /bin/false
 blacklist cramfs
[0;32m+install cramfs /bin/true[0m
[0;32m[0m
[0;33mchanged: [dcex9002tzf0g8i] => (item={'From': '(?m)^\\S+\\s+install cramfs', 'To': 'install cramfs /bin/true'})[0m
[0;32mok: [dcex9002tzf0g8i] => (item={'From': '(?m)^\\S+\\s+blacklist cramfs', 'To': 'blacklist cramfs'})[0m

TASK [cis_security : 1.1.1.1 Ensure mounting of cramfs filesystems is disabled | modprobe] **************************************************************************************************
[0;32mok: [dcex9002tzf0g8i][0m

TASK [cis_security : Get file system] *******************************************************************************************************************************************************
[0;32mok: [dcex9002tzf0g8i][0m

TASK [cis_security : debug] *****************************************************************************************************************************************************************
[0;32mok: [dcex9002tzf0g8i] => {[0m
[0;32m    "filesystem.stdout": "xfs"[0m
[0;32m}[0m

TASK [cis_security : Check /tmp config] *****************************************************************************************************************************************************
[0;33mchanged: [dcex9002tzf0g8i][0m

TASK [cis_security : Remount /tmp] **********************************************************************************************************************************************************
[0;33mchanged: [dcex9002tzf0g8i][0m

TASK [cis_security : Get file system] *******************************************************************************************************************************************************
[0;32mok: [dcex9002tzf0g8i][0m

TASK [cis_security : debug] *****************************************************************************************************************************************************************
[0;32mok: [dcex9002tzf0g8i] => {[0m
[0;32m    "varsystem.stdout": "xfs"[0m
[0;32m}[0m

TASK [cis_security : Check /var config] *****************************************************************************************************************************************************
[0;33mchanged: [dcex9002tzf0g8i][0m

TASK [cis_security : Remount /var] **********************************************************************************************************************************************************
[0;33mchanged: [dcex9002tzf0g8i][0m

TASK [cis_security : 1.1.4 Ensure nodev option set on /var/tmp partitions] ******************************************************************************************************************
[0;32mok: [dcex9002tzf0g8i][0m

TASK [cis_security : /var/tmp partitions] ***************************************************************************************************************************************************
[0;32mok: [dcex9002tzf0g8i] => {[0m
[0;32m    "msg": {[0m
[0;32m        "changed": false,[0m
[0;32m        "cmd": "mount | grep \"on /var\" && true || true\n",[0m
[0;32m        "delta": "0:00:00.006819",[0m
[0;32m        "end": "2023-07-07 09:39:24.068903",[0m
[0;32m        "failed": false,[0m
[0;32m        "msg": "",[0m
[0;32m        "rc": 0,[0m
[0;32m        "start": "2023-07-07 09:39:24.062084",[0m
[0;32m        "stderr": "",[0m
[0;32m        "stderr_lines": [],[0m
[0;32m        "stdout": "/dev/mapper/system-var on /var type xfs (rw,nosuid,nodev,relatime,attr2,inode64,logbufs=8,logbsize=32k,noquota)\n/dev/mapper/system-log on /var/log type xfs (rw,nosuid,nodev,noexec,relatime,attr2,inode64,logbufs=8,logbsize=32k,noquota)\n/dev/mapper/system-audit on /var/log/audit type xfs (rw,nosuid,nodev,noexec,relatime,attr2,inode64,logbufs=8,logbsize=32k,noquota)",[0m
[0;32m        "stdout_lines": [[0m
[0;32m            "/dev/mapper/system-var on /var type xfs (rw,nosuid,nodev,relatime,attr2,inode64,logbufs=8,logbsize=32k,noquota)",[0m
[0;32m            "/dev/mapper/system-log on /var/log type xfs (rw,nosuid,nodev,noexec,relatime,attr2,inode64,logbufs=8,logbsize=32k,noquota)",[0m
[0;32m            "/dev/mapper/system-audit on /var/log/audit type xfs (rw,nosuid,nodev,noexec,relatime,attr2,inode64,logbufs=8,logbsize=32k,noquota)"[0m
[0;32m        ][0m
[0;32m    }[0m
[0;32m}[0m

TASK [cis_security : Get file system] *******************************************************************************************************************************************************
[0;32mok: [dcex9002tzf0g8i][0m

TASK [cis_security : debug] *****************************************************************************************************************************************************************
[0;32mok: [dcex9002tzf0g8i] => {[0m
[0;32m    "varlogsystem.stdout": "xfs"[0m
[0;32m}[0m

TASK [cis_security : Check /var/log config] *************************************************************************************************************************************************
[0;33mchanged: [dcex9002tzf0g8i][0m

TASK [cis_security : Remount /var/log] ******************************************************************************************************************************************************
[0;33mchanged: [dcex9002tzf0g8i][0m

TASK [cis_security : Get file system] *******************************************************************************************************************************************************
[0;32mok: [dcex9002tzf0g8i][0m

TASK [cis_security : debug] *****************************************************************************************************************************************************************
[0;32mok: [dcex9002tzf0g8i] => {[0m
[0;32m    "varauditsystem.stdout": "xfs"[0m
[0;32m}[0m

TASK [cis_security : Check /var/log/audit config] *******************************************************************************************************************************************
[0;33mchanged: [dcex9002tzf0g8i][0m

TASK [cis_security : Remount /var/log/audit] ************************************************************************************************************************************************
[0;33mchanged: [dcex9002tzf0g8i][0m

TASK [cis_security : Get file system] *******************************************************************************************************************************************************
[0;32mok: [dcex9002tzf0g8i][0m

TASK [cis_security : debug] *****************************************************************************************************************************************************************
[0;32mok: [dcex9002tzf0g8i] => {[0m
[0;32m    "homesystem.stdout": "xfs"[0m
[0;32m}[0m

TASK [cis_security : Check /home config] ****************************************************************************************************************************************************
[0;33mchanged: [dcex9002tzf0g8i][0m

TASK [cis_security : Remount /home] *********************************************************************************************************************************************************
[0;33mchanged: [dcex9002tzf0g8i][0m

TASK [cis_security :  Ensure /dev/shm is configured
 1.1.8.1 Ensure nodev option set on /dev/shm partition
 1.1.8.2 Ensure nosuid option set on /dev/shm partition
 1.1.8.3 Ensure noexec option set on /dev/shm partition] ***
[0;33mchanged: [dcex9002tzf0g8i][0m

TASK [cis_security : 1.1.9 - disable automounting] ******************************************************************************************************************************************
[0;36mskipping: [dcex9002tzf0g8i][0m

TASK [cis_security : 1.1.23 - Disable USB storage module] ***********************************************************************************************************************************
[0;31m--- before: /etc/modprobe.d/CIS.conf (content)[0m
[0;31m[0m[0;32m+++ after: /etc/modprobe.d/CIS.conf (content)[0m
[0;32m[0m[0;36m@@ -0,0 +1 @@[0m
[0;36m[0m[0;32m+install usb-storage /bin/true[0m
[0;32m[0m
[0;33mchanged: [dcex9002tzf0g8i][0m

TASK [cis_security : 1.2.2 - set master yum.conf gpgcheck to '1'] ***************************************************************************************************************************
[0;36mskipping: [dcex9002tzf0g8i][0m

TASK [cis_security : 1.2.2 - set master dnf.conf gpgcheck to '1'] ***************************************************************************************************************************
[0;36mskipping: [dcex9002tzf0g8i][0m

TASK [cis_security : 1.2.2 - find all repo files in /etc/yum.repos.d/] **********************************************************************************************************************
[0;32mok: [dcex9002tzf0g8i][0m

TASK [cis_security : 1.2.2 - Set all repos gpgchecks to '1'] ********************************************************************************************************************************
[0;32mok: [dcex9002tzf0g8i] => (item={'path': '/etc/yum.repos.d/oracle-linux-ol7.repo', 'mode': '0644', 'isdir': False, 'ischr': False, 'isblk': False, 'isreg': True, 'isfifo': False, 'islnk': False, 'issock': False, 'uid': 0, 'gid': 0, 'size': 4075, 'inode': 1274613, 'dev': 64512, 'nlink': 1, 'atime': 1688655352.3754086, 'mtime': 1683126454.393378, 'ctime': 1683126454.393378, 'gr_name': 'root', 'pw_name': 'root', 'wusr': True, 'rusr': True, 'xusr': False, 'wgrp': False, 'rgrp': True, 'xgrp': False, 'woth': False, 'roth': True, 'xoth': False, 'isuid': False, 'isgid': False})[0m
[0;32mok: [dcex9002tzf0g8i] => (item={'path': '/etc/yum.repos.d/uek-ol7.repo', 'mode': '0644', 'isdir': False, 'ischr': False, 'isblk': False, 'isreg': True, 'isfifo': False, 'islnk': False, 'issock': False, 'uid': 0, 'gid': 0, 'size': 2587, 'inode': 587106, 'dev': 64512, 'nlink': 1, 'atime': 1688655359.7386937, 'mtime': 1683126454.394378, 'ctime': 1683126454.395378, 'gr_name': 'root', 'pw_name': 'root', 'wusr': True, 'rusr': True, 'xusr': False, 'wgrp': False, 'rgrp': True, 'xgrp': False, 'woth': False, 'roth': True, 'xoth': False, 'isuid': False, 'isgid': False})[0m
[0;32mok: [dcex9002tzf0g8i] => (item={'path': '/etc/yum.repos.d/virt-ol7.repo', 'mode': '0644', 'isdir': False, 'ischr': False, 'isblk': False, 'isreg': True, 'isfifo': False, 'islnk': False, 'issock': False, 'uid': 0, 'gid': 0, 'size': 226, 'inode': 431090, 'dev': 64512, 'nlink': 1, 'atime': 1688655361.6987696, 'mtime': 1623211020.0, 'ctime': 1683126778.618899, 'gr_name': 'root', 'pw_name': 'root', 'wusr': True, 'rusr': True, 'xusr': False, 'wgrp': False, 'rgrp': True, 'xgrp': False, 'woth': False, 'roth': True, 'xoth': False, 'isuid': False, 'isgid': False})[0m
[0;32mok: [dcex9002tzf0g8i] => (item={'path': '/etc/yum.repos.d/epel-modular.repo', 'mode': '0644', 'isdir': False, 'ischr': False, 'isblk': False, 'isreg': True, 'isfifo': False, 'islnk': False, 'issock': False, 'uid': 0, 'gid': 0, 'size': 1680, 'inode': 587072, 'dev': 64512, 'nlink': 1, 'atime': 1688644554.855928, 'mtime': 1681737779.0, 'ctime': 1688644547.3186357, 'gr_name': 'root', 'pw_name': 'root', 'wusr': True, 'rusr': True, 'xusr': False, 'wgrp': False, 'rgrp': True, 'xgrp': False, 'woth': False, 'roth': True, 'xoth': False, 'isuid': False, 'isgid': False})[0m
[0;32mok: [dcex9002tzf0g8i] => (item={'path': '/etc/yum.repos.d/epel-testing-modular.repo', 'mode': '0644', 'isdir': False, 'ischr': False, 'isblk': False, 'isreg': True, 'isfifo': False, 'islnk': False, 'issock': False, 'uid': 0, 'gid': 0, 'size': 1779, 'inode': 587073, 'dev': 64512, 'nlink': 1, 'atime': 1688644554.8699286, 'mtime': 1681737779.0, 'ctime': 1688644547.3186357, 'gr_name': 'root', 'pw_name': 'root', 'wusr': True, 'rusr': True, 'xusr': False, 'wgrp': False, 'rgrp': True, 'xgrp': False, 'woth': False, 'roth': True, 'xoth': False, 'isuid': False, 'isgid': False})[0m
[0;32mok: [dcex9002tzf0g8i] => (item={'path': '/etc/yum.repos.d/epel-testing.repo', 'mode': '0644', 'isdir': False, 'ischr': False, 'isblk': False, 'isreg': True, 'isfifo': False, 'islnk': False, 'issock': False, 'uid': 0, 'gid': 0, 'size': 1431, 'inode': 587074, 'dev': 64512, 'nlink': 1, 'atime': 1688644554.8629282, 'mtime': 1681737779.0, 'ctime': 1688644547.3186357, 'gr_name': 'root', 'pw_name': 'root', 'wusr': True, 'rusr': True, 'xusr': False, 'wgrp': False, 'rgrp': True, 'xgrp': False, 'woth': False, 'roth': True, 'xoth': False, 'isuid': False, 'isgid': False})[0m
[0;32mok: [dcex9002tzf0g8i] => (item={'path': '/etc/yum.repos.d/epel.repo', 'mode': '0644', 'isdir': False, 'ischr': False, 'isblk': False, 'isreg': True, 'isfifo': False, 'islnk': False, 'issock': False, 'uid': 0, 'gid': 0, 'size': 1332, 'inode': 587075, 'dev': 64512, 'nlink': 1, 'atime': 1688644554.8499277, 'mtime': 1681737779.0, 'ctime': 1688644547.3196356, 'gr_name': 'root', 'pw_name': 'root', 'wusr': True, 'rusr': True, 'xusr': False, 'wgrp': False, 'rgrp': True, 'xgrp': False, 'woth': False, 'roth': True, 'xoth': False, 'isuid': False, 'isgid': False})[0m
[0;32mok: [dcex9002tzf0g8i] => (item={'path': '/etc/yum.repos.d/redhat.repo', 'mode': '0640', 'isdir': False, 'ischr': False, 'isblk': False, 'isreg': True, 'isfifo': False, 'islnk': False, 'issock': False, 'uid': 0, 'gid': 0, 'size': 6000, 'inode': 587076, 'dev': 64512, 'nlink': 1, 'atime': 1688646299.701601, 'mtime': 1688646299.700601, 'ctime': 1688646299.700601, 'gr_name': 'root', 'pw_name': 'root', 'wusr': True, 'rusr': True, 'xusr': False, 'wgrp': False, 'rgrp': True, 'xgrp': False, 'woth': False, 'roth': False, 'xoth': False, 'isuid': False, 'isgid': False})[0m

TASK [cis_security : 1.3.1 Ensure aide is installed] ****************************************************************************************************************************************
[0;32mok: [dcex9002tzf0g8i][0m

TASK [cis_security : 1.3.1 - Determine if AIDE has already been initialized] ****************************************************************************************************************
[0;32mok: [dcex9002tzf0g8i][0m

TASK [cis_security : 1.3.1 - Set up database file location] *********************************************************************************************************************************
[0;32mok: [dcex9002tzf0g8i][0m

TASK [cis_security : 1.3.1 - Set up database_out file location] *****************************************************************************************************************************
[0;32mok: [dcex9002tzf0g8i][0m

TASK [cis_security : 1.3.1 - enable gzip compression for database] **************************************************************************************************************************
[0;32mok: [dcex9002tzf0g8i][0m

TASK [cis_security : 1.3.1 - Move the newly created database into place] ********************************************************************************************************************
[0;31mfatal: [dcex9002tzf0g8i]: FAILED! => {"changed": false, "msg": "Source /var/lib/aide/aide.db.new.gz not found"}[0m
[0;36m...ignoring[0m

TASK [cis_security : 1.5.2 - Ensure IgnoreRhosts is set] ************************************************************************************************************************************
[0;32mok: [dcex9002tzf0g8i][0m

TASK [cis_security : 1.5.3 - Ensure address space layout reandomization (ASLR) is enabled] **************************************************************************************************
[0;33mchanged: [dcex9002tzf0g8i][0m

TASK [cis_security : 1.6.1.1 - Ensure SELinux is installed] *********************************************************************************************************************************
[0;32mok: [dcex9002tzf0g8i][0m

TASK [cis_security : Regather facts] ********************************************************************************************************************************************************
[0;32mok: [dcex9002tzf0g8i][0m

TASK [cis_security : 1.6.1.2 - Ensure SELinux is not disabled in bootloader configuration] **************************************************************************************************
[0;32mok: [dcex9002tzf0g8i] => (item=selinux=0)[0m
[0;32mok: [dcex9002tzf0g8i] => (item=enforcing=0)[0m

TASK [cis_security : 1.6.1.6 - Generate report on unconfined running services] **************************************************************************************************************
[0;36mskipping: [dcex9002tzf0g8i][0m

TASK [cis_security : 1.6.1.6 - Report on unconfined running services to user] ***************************************************************************************************************
[0;31mfatal: [dcex9002tzf0g8i]: FAILED! => {"msg": "The conditional check 'unconfined_services_out.stdout' failed. The error was: error while evaluating conditional (unconfined_services_out.stdout): 'dict object' has no attribute 'stdout'. 'dict object' has no attribute 'stdout'\n\nThe error appears to be in '/home/gfk.com/ivan.stamov.adm/cis-hardening/roles/cis_security/tasks/type-files/oracle-8-type.yml': line 548, column 9, but may\nbe elsewhere in the file depending on the exact syntax problem.\n\nThe offending line appears to be:\n\n      # Print any findings to the user\n      - name: 1.6.1.6 - Report on unconfined running services to user\n        ^ here\n"}[0m
[0;36m...ignoring[0m

TASK [cis_security : 1.6.1.7 - Remove setroubleshoot] ***************************************************************************************************************************************
[0;32mok: [dcex9002tzf0g8i][0m

TASK [cis_security : 1.6.1.8 - Remove MCS Translation Service] ******************************************************************************************************************************
[0;32mok: [dcex9002tzf0g8i][0m

TASK [cis_security : 1.7.1 - Install motd banners] ******************************************************************************************************************************************
[0;31m--- before: /etc/motd[0m
[0;31m[0m[0;32m+++ after: /home/gfk.com/ivan.stamov.adm/cis-hardening/roles/cis_security/files/banner[0m
[0;32m[0m[0;36m@@ -0,0 +1,6 @@[0m
[0;36m[0m[0;32m+-----------------------------------------------------------------------------[0m
[0;32m[0m[0;32m+WARNING: This is a private system.  Do not attempt to login unless you are an[0m
[0;32m[0m[0;32m+authorized user.  Any authorized or unauthorized access and use may be moni-[0m
[0;32m[0m[0;32m+tored and can result in criminal or civil prosecution under applicable law.[0m
[0;32m[0m[0;32m+-----------------------------------------------------------------------------[0m
[0;32m[0m[0;32m+[0m
[0;32m[0m
[0;33mchanged: [dcex9002tzf0g8i][0m

TASK [cis_security : 1.7.2 - Install issue banners] *****************************************************************************************************************************************
[0;31m--- before: /etc/issue[0m
[0;31m[0m[0;32m+++ after: /home/gfk.com/ivan.stamov.adm/cis-hardening/roles/cis_security/files/issue[0m
[0;32m[0m[0;36m@@ -1 +1,6 @@[0m
[0;36m[0m[0;31m-Authorized uses only. All activity may be monitored and reported.[0m
[0;31m[0m[0;32m+-----------------------------------------------------------------------------[0m
[0;32m[0m[0;32m+WARNING: This is a private system.  Do not attempt to login unless you are an[0m
[0;32m[0m[0;32m+authorized user.  Any authorized or unauthorized access and use may be moni-[0m
[0;32m[0m[0;32m+tored and can result in criminal or civil prosecution under applicable law.[0m
[0;32m[0m[0;32m+-----------------------------------------------------------------------------[0m
[0;32m[0m[0;32m+[0m
[0;32m[0m
[0;33mchanged: [dcex9002tzf0g8i][0m

TASK [cis_security : 1.8.1.3 - Install issue.net banners] ***********************************************************************************************************************************
[0;31m--- before: /etc/issue.net[0m
[0;31m[0m[0;32m+++ after: /home/gfk.com/ivan.stamov.adm/cis-hardening/roles/cis_security/files/issue[0m
[0;32m[0m[0;36m@@ -1 +1,6 @@[0m
[0;36m[0m[0;31m-Authorized uses only. All activity may be monitored and reported.[0m
[0;31m[0m[0;32m+-----------------------------------------------------------------------------[0m
[0;32m[0m[0;32m+WARNING: This is a private system.  Do not attempt to login unless you are an[0m
[0;32m[0m[0;32m+authorized user.  Any authorized or unauthorized access and use may be moni-[0m
[0;32m[0m[0;32m+tored and can result in criminal or civil prosecution under applicable law.[0m
[0;32m[0m[0;32m+-----------------------------------------------------------------------------[0m
[0;32m[0m[0;32m+[0m
[0;32m[0m
[0;33mchanged: [dcex9002tzf0g8i][0m

TASK [cis_security : 1.8.2 Ensure GDM banner set up] ****************************************************************************************************************************************
[0;36mskipping: [dcex9002tzf0g8i][0m

TASK [cis_security : 1.10.0 - Display error if crypto variable violates policy] *************************************************************************************************************
[0;36mskipping: [dcex9002tzf0g8i][0m

TASK [cis_security : 1.10.0 - Set crypto-policy to DEFAULT] *********************************************************************************************************************************
[0;32mok: [dcex9002tzf0g8i][0m

TASK [cis_security : 1.10.0 - Check to see if FIPS mode is already set up if crypto_policy == "FIPS"] ***************************************************************************************
[0;36mskipping: [dcex9002tzf0g8i][0m

TASK [cis_security : 1.10.0 - Enabling FIPS mode if crypt_policy set to FIPS] ***************************************************************************************************************
[0;36mskipping: [dcex9002tzf0g8i][0m

TASK [cis_security : 2.1.1 - Verify chrony is  installed] ***********************************************************************************************************************************
[0;32mok: [dcex9002tzf0g8i][0m

TASK [cis_security : 2.1.2 - Configure chrony] **********************************************************************************************************************************************
[0;31m--- before: /etc/chrony.conf[0m
[0;31m[0m[0;32m+++ after: /root/.ansible/tmp/ansible-local-1217097lja30prx/tmp7mfd0t8s/chrony.conf[0m
[0;32m[0m[0;36m@@ -1,8 +1,7 @@[0m
[0;36m[0m[0;31m-# These servers were defined in the installation:[0m
[0;31m[0m[0;31m-server uxtime2.gfk.de iburst[0m
[0;31m[0m[0;31m-server uxtime1.gfk.de iburst[0m
[0;31m[0m # Use public servers from the pool.ntp.org project.
 # Please consider joining the pool (http://www.pool.ntp.org/join.html).
[0;32m+server uxtime1.gfk.de iburst[0m
[0;32m[0m[0;32m+server uxtime2.gfk.de iburst[0m
[0;32m[0m 
 # Record the rate at which the system clock gains/losses time.
 driftfile /var/lib/chrony/drift
[0;36m@@ -28,7 +27,10 @@[0m
[0;36m[0m #local stratum 10
 
 # Specify file containing keys for NTP authentication.
[0;31m-#keyfile /etc/chrony.keys[0m
[0;31m[0m[0;32m+keyfile /etc/chrony.keys[0m
[0;32m[0m[0;32m+[0m
[0;32m[0m[0;32m+# Get TAI-UTC offset and leap seconds from the system tz database.[0m
[0;32m[0m[0;32m+leapsectz right/UTC[0m
[0;32m[0m 
 # Specify directory for log files.
 logdir /var/log/chrony

[0;33mchanged: [dcex9002tzf0g8i][0m

TASK [cis_security : 2.1.3 - configure sysconfig time_server options] ***********************************************************************************************************************
[0;31m--- before: /etc/sysconfig/chronyd[0m
[0;31m[0m[0;32m+++ after: /root/.ansible/tmp/ansible-local-1217097lja30prx/tmp2m6y65ql/chronyd[0m
[0;32m[0m[0;36m@@ -1,2 +1 @@[0m
[0;36m[0m[0;31m-# Command-line options for chronyd[0m
[0;31m[0m[0;31m-OPTIONS="-u chrony"[0m
[0;31m[0m[0;32m+OPTIONS="-u chrony"[0m
[0;32m\ No newline at end of file[0m
[0;32m[0m
[0;33mchanged: [dcex9002tzf0g8i][0m

TASK [cis_security : create empty list for unneeded packages] *******************************************************************************************************************************
[0;32mok: [dcex9002tzf0g8i][0m

TASK [cis_security : 2.2.1 - Remove xinetd service] *****************************************************************************************************************************************
[0;32mok: [dcex9002tzf0g8i][0m

TASK [cis_security : 2.2.2 - Ensure xorg-x11-server-common is not installed] ****************************************************************************************************************
[0;32mok: [dcex9002tzf0g8i][0m

TASK [cis_security : 2.2.3 - Remove avahi; add to removal list] *****************************************************************************************************************************
[0;32mok: [dcex9002tzf0g8i][0m

TASK [cis_security : 2.2.4 - Disable dhcpd server [controlled by host variable dhcp_server]; add to removal list] ***************************************************************************
[0;32mok: [dcex9002tzf0g8i][0m

TASK [cis_security : 2.2.5 - Disable dhcpd server [controlled by host variable dhcp_server]; add to removal list] ***************************************************************************
[0;32mok: [dcex9002tzf0g8i][0m

TASK [cis_security : 2.2.6 - Remove bind; add to removal list] ******************************************************************************************************************************
[0;32mok: [dcex9002tzf0g8i][0m

TASK [cis_security : 2.2.7 - Remove ftp; add to removal list] *******************************************************************************************************************************
[0;32mok: [dcex9002tzf0g8i][0m

TASK [cis_security : 2.2.8 - Remove vsftpd; add to removal list] ****************************************************************************************************************************
[0;32mok: [dcex9002tzf0g8i][0m

TASK [cis_security : 2.2.9 - Remove tftp; add to removal list] ******************************************************************************************************************************
[0;32mok: [dcex9002tzf0g8i][0m

TASK [cis_security : 2.2.10 Check is Httpd is operational] **********************************************************************************************************************************
[0;32mok: [dcex9002tzf0g8i][0m

TASK [cis_security : show value] ************************************************************************************************************************************************************
[0;32mok: [dcex9002tzf0g8i] => {[0m
[0;32m    "httpd_service.status.ActiveState": "inactive"[0m
[0;32m}[0m

TASK [cis_security : Add Httpd to removal list] *********************************************************************************************************************************************
[0;36mskipping: [dcex9002tzf0g8i][0m

TASK [cis_security : 2.2.11 - Remove dovecot; add to removal list] **************************************************************************************************************************
[0;32mok: [dcex9002tzf0g8i][0m

TASK [cis_security : 2.2.12 Check is Samba is operational] **********************************************************************************************************************************
[0;32mok: [dcex9002tzf0g8i][0m

TASK [cis_security : 2.2.12 Check for log files] ********************************************************************************************************************************************
[1;35m[WARNING]: Skipped '/var/log/samba/' path due to this access issue: '/var/log/samba/' is not a directory[0m
[0;32mok: [dcex9002tzf0g8i][0m

TASK [cis_security : 2.2.12 Cheking for Samba logs] *****************************************************************************************************************************************
[0;32mok: [dcex9002tzf0g8i] => {[0m
[0;32m    "smbd_logs.matched": "0"[0m
[0;32m}[0m

TASK [cis_security : 2.2.12 Cheking for Samba service] **************************************************************************************************************************************
[0;32mok: [dcex9002tzf0g8i] => {[0m
[0;32m    "smbd_service.status.ActiveState": "inactive"[0m
[0;32m}[0m

TASK [cis_security : 2.2.12 - Remove samba; add to removal list] ****************************************************************************************************************************
[0;32mok: [dcex9002tzf0g8i][0m

TASK [cis_security : 2.2.13 - Remove squid; add to removal list] ****************************************************************************************************************************
[0;32mok: [dcex9002tzf0g8i][0m

TASK [cis_security : 2.2.14 - Remove snmp; add to removal list] *****************************************************************************************************************************
[0;32mok: [dcex9002tzf0g8i][0m

TASK [cis_security : 2.2.15 - Remove ypserv; add to removal list] ***************************************************************************************************************************
[0;32mok: [dcex9002tzf0g8i][0m

TASK [cis_security : 2.2.16 - Remove telnet; add to removal list] ***************************************************************************************************************************
[0;32mok: [dcex9002tzf0g8i][0m

TASK [cis_security : 2.2.[18-19] Check for nfs in /etc/fstab] *******************************************************************************************************************************
[0;31mfatal: [dcex9002tzf0g8i]: FAILED! => {"changed": true, "cmd": "grep nfs /etc/fstab", "delta": "0:00:00.004770", "end": "2023-07-07 09:40:11.727564", "msg": "non-zero return code", "rc": 1, "start": "2023-07-07 09:40:11.722794", "stderr": "", "stderr_lines": [], "stdout": "", "stdout_lines": []}[0m
[0;36m...ignoring[0m

TASK [cis_security : 2.2.[18-19] Check for nfs shares] **************************************************************************************************************************************
[0;31mfatal: [dcex9002tzf0g8i]: FAILED! => {"changed": true, "cmd": "nfsstat -m", "delta": "0:00:00.003094", "end": "2023-07-07 09:40:12.133713", "msg": "non-zero return code", "rc": 127, "start": "2023-07-07 09:40:12.130619", "stderr": "/bin/sh: nfsstat: command not found", "stderr_lines": ["/bin/sh: nfsstat: command not found"], "stdout": "", "stdout_lines": []}[0m
[0;36m...ignoring[0m

TASK [cis_security : 2.2.[18-19] Fstab result] **********************************************************************************************************************************************
[0;32mok: [dcex9002tzf0g8i] => {[0m
[0;32m    "nfs_mp.stdout": ""[0m
[0;32m}[0m

TASK [cis_security : 2.2.[18-19] Nfs shares found] ******************************************************************************************************************************************
[0;32mok: [dcex9002tzf0g8i] => {[0m
[0;32m    "nfs_shares.stdout": ""[0m
[0;32m}[0m

TASK [cis_security : 2.2.[18-19] - Remove nfs server; add to removal list] ******************************************************************************************************************
[0;32mok: [dcex9002tzf0g8i][0m

TASK [cis_security : 2.2.20 - Remove rsync; add to removal list] ****************************************************************************************************************************
[0;32mok: [dcex9002tzf0g8i][0m

TASK [cis_security : 2.3.1 - Remove ypbind; add to removal list] ****************************************************************************************************************************
[0;32mok: [dcex9002tzf0g8i][0m

TASK [cis_security : 2.3.2 - Remove rsh; add to removal list] *******************************************************************************************************************************
[0;32mok: [dcex9002tzf0g8i][0m

TASK [cis_security : 2.3.3 - Ensure talk client is not installed] ***************************************************************************************************************************
[0;32mok: [dcex9002tzf0g8i][0m

TASK [cis_security : 2.3.5 - Remove openldap-clients; add to removal list] ******************************************************************************************************************
[0;32mok: [dcex9002tzf0g8i][0m

TASK [cis_security : 2.[2-3] - list of packages to remove] **********************************************************************************************************************************
[0;32mok: [dcex9002tzf0g8i] => {[0m
[0;32m    "unneeded_packages": [[0m
[0;32m        "xinetd",[0m
[0;32m        "avahi",[0m
[0;32m        "avahi-autoipd",[0m
[0;32m        "cups",[0m
[0;32m        "dhcp-server",[0m
[0;32m        "bind",[0m
[0;32m        "unbound",[0m
[0;32m        "ftp",[0m
[0;32m        "vsftpd",[0m
[0;32m        "tftp-server",[0m
[0;32m        "tftp",[0m
[0;32m        "dovecot",[0m
[0;32m        "cyrus-imapd",[0m
[0;32m        "samba",[0m
[0;32m        "squid",[0m
[0;32m        "net-snmp",[0m
[0;32m        "ypserv",[0m
[0;32m        "telnet",[0m
[0;32m        "nfs-utils",[0m
[0;32m        "rpcbind",[0m
[0;32m        "rsync",[0m
[0;32m        "ypbind",[0m
[0;32m        "rsh",[0m
[0;32m        "talk",[0m
[0;32m        "openldap-clients"[0m
[0;32m    ][0m
[0;32m}[0m

TASK [cis_security : Process removal list] **************************************************************************************************************************************************
[0;32mok: [dcex9002tzf0g8i][0m

TASK [cis_security : 2.2.17 - Find if we have a mail agent config file] *********************************************************************************************************************
[0;32mok: [dcex9002tzf0g8i][0m

TASK [cis_security : 2.2.17 - If the file exists and not a mail server, then set loopback only] *********************************************************************************************
[0;31m--- before: /etc/postfix/main.cf (content)[0m
[0;31m[0m[0;32m+++ after: /etc/postfix/main.cf (content)[0m
[0;32m[0m[0;36m@@ -113,7 +113,7 @@[0m
[0;36m[0m #inet_interfaces = all
 #inet_interfaces = $myhostname
 #inet_interfaces = $myhostname, localhost
[0;31m-inet_interfaces = localhost[0m
[0;31m[0m[0;32m+inet_interfaces = loopback-only[0m
[0;32m[0m 
 # Enable IPv4, and IPv6 if supported
 inet_protocols = all

[0;33mchanged: [dcex9002tzf0g8i][0m

TASK [cis_security : Check for runing docker] ***********************************************************************************************************************************************
[0;32mok: [dcex9002tzf0g8i][0m

TASK [cis_security : Docker service status] *************************************************************************************************************************************************
[0;32mok: [dcex9002tzf0g8i] => {[0m
[0;32m    "docker_service.status.ActiveState": "inactive"[0m
[0;32m}[0m

TASK [cis_security : 3.1.1 - Set ipv4 networking parameters (OFF)] **************************************************************************************************************************
[0;33mchanged: [dcex9002tzf0g8i] => (item=net.ipv4.conf.all.forwarding)[0m

TASK [cis_security : 3.1.1 - Set ipv6 networking parameters (OFF)] **************************************************************************************************************************
[0;36mskipping: [dcex9002tzf0g8i] => (item=net.ipv6.conf.all.forwarding) [0m
[0;36mskipping: [dcex9002tzf0g8i][0m

TASK [cis_security : 3.1.2 - Set ipv4 networking parameters (OFF)] **************************************************************************************************************************
[0;33mchanged: [dcex9002tzf0g8i] => (item=net.ipv4.conf.all.send_redirects)[0m
[0;33mchanged: [dcex9002tzf0g8i] => (item=net.ipv4.conf.default.send_redirects)[0m

TASK [cis_security : 3.2 - Set ipv4 network parameters (OFF)] *******************************************************************************************************************************
[0;33mchanged: [dcex9002tzf0g8i] => (item=net.ipv4.conf.all.accept_source_route)[0m
[0;33mchanged: [dcex9002tzf0g8i] => (item=net.ipv4.conf.default.accept_source_route)[0m
[0;33mchanged: [dcex9002tzf0g8i] => (item=net.ipv4.conf.all.accept_redirects)[0m
[0;33mchanged: [dcex9002tzf0g8i] => (item=net.ipv4.conf.default.accept_redirects)[0m
[0;33mchanged: [dcex9002tzf0g8i] => (item=net.ipv4.conf.all.secure_redirects)[0m
[0;33mchanged: [dcex9002tzf0g8i] => (item=net.ipv4.conf.default.secure_redirects)[0m

TASK [cis_security : 3.2.[4-8] - Set ipv4 networking parameters (ON)] ***********************************************************************************************************************
[0;33mchanged: [dcex9002tzf0g8i] => (item=net.ipv4.conf.all.log_martians)[0m
[0;33mchanged: [dcex9002tzf0g8i] => (item=net.ipv4.conf.default.log_martians)[0m
[0;33mchanged: [dcex9002tzf0g8i] => (item=net.ipv4.icmp_echo_ignore_broadcasts)[0m
[0;33mchanged: [dcex9002tzf0g8i] => (item=net.ipv4.icmp_ignore_bogus_error_responses)[0m
[0;33mchanged: [dcex9002tzf0g8i] => (item=net.ipv4.conf.all.rp_filter)[0m
[0;33mchanged: [dcex9002tzf0g8i] => (item=net.ipv4.conf.default.rp_filter)[0m
[0;33mchanged: [dcex9002tzf0g8i] => (item=net.ipv4.tcp_syncookies)[0m

TASK [cis_security : 3.2 - Set ipv6 networking parameters (OFF)] ****************************************************************************************************************************
[0;36mskipping: [dcex9002tzf0g8i] => (item=net.ipv6.conf.all.accept_source_route) [0m
[0;36mskipping: [dcex9002tzf0g8i] => (item=net.ipv6.conf.default.accept_source_route) [0m
[0;36mskipping: [dcex9002tzf0g8i] => (item=net.ipv6.conf.all.accept_redirects) [0m
[0;36mskipping: [dcex9002tzf0g8i] => (item=net.ipv6.conf.default.accept_redirects) [0m
[0;36mskipping: [dcex9002tzf0g8i] => (item=net.ipv6.conf.all.accept_ra) [0m
[0;36mskipping: [dcex9002tzf0g8i] => (item=net.ipv6.conf.default.accept_ra) [0m
[0;36mskipping: [dcex9002tzf0g8i][0m

TASK [cis_security : 3.4.1.1 - Install firewalld] *******************************************************************************************************************************************
[0;32mok: [dcex9002tzf0g8i][0m

TASK [cis_security : 3.4.2.2 - Disable iptables service] ************************************************************************************************************************************
[0;32mok: [dcex9002tzf0g8i][0m

TASK [cis_security : 3.4.2.3 - Disable netfilters service] **********************************************************************************************************************************
[0;33mchanged: [dcex9002tzf0g8i][0m

TASK [cis_security : 3.4.1.5 - Set default zone] ********************************************************************************************************************************************
[0;32mok: [dcex9002tzf0g8i][0m

TASK [cis_security : Notify users to configure the firewall] ********************************************************************************************************************************
[0;32mok: [dcex9002tzf0g8i] => {[0m
[0;32m    "msg": [[0m
[0;32m        "3.4.2.7 - Ensure default firewalld policy must be handled locally"[0m
[0;32m    ][0m
[0;32m}[0m

TASK [cis_security : 3.6 - Find if IPv6 is currently in the grub file, shows changed when it is in the file] ********************************************************************************
[0;32mok: [dcex9002tzf0g8i][0m

TASK [cis_security : 3.6 - Disable IPv6 in grub] ********************************************************************************************************************************************
[0;31m--- before: /etc/default/grub[0m
[0;31m[0m[0;32m+++ after: /etc/default/grub[0m
[0;32m[0m[0;36m@@ -4,5 +4,5 @@[0m
[0;36m[0m GRUB_DEFAULT=saved
 GRUB_DISABLE_SUBMENU=true
 GRUB_TERMINAL_OUTPUT="console"
[0;31m-GRUB_CMDLINE_LINUX="crashkernel=auto rd.lvm.lv=system/root rd.lvm.lv=system/swap rhgb quiet"[0m
[0;31m[0m[0;32m+GRUB_CMDLINE_LINUX="ipv6.disable=1 crashkernel=auto rd.lvm.lv=system/root rd.lvm.lv=system/swap rhgb quiet"[0m
[0;32m[0m GRUB_DISABLE_RECOVERY="true"

[0;33mchanged: [dcex9002tzf0g8i][0m

TASK [cis_security : 4.2.1.1 - Ensure rsyslog is installed] *********************************************************************************************************************************
[0;32mok: [dcex9002tzf0g8i][0m

TASK [cis_security : 4.2.1.2 - Enable Rsyslog] **********************************************************************************************************************************************
[0;32mok: [dcex9002tzf0g8i][0m

TASK [cis_security : 4.2.1.3 - Ensure rsyslog default file permissions are configured] ******************************************************************************************************
[0;32mok: [dcex9002tzf0g8i][0m

TASK [cis_security : Find any rsyslog files where all logs are being forwarded to a loghost] ************************************************************************************************
[0;32mok: [dcex9002tzf0g8i][0m

TASK [cis_security : 4.2.2.1 - Forward journald logs to rsyslog IF rsyslog is sending logs to a log host] ***********************************************************************************
[0;31m--- before: /etc/systemd/journald.conf (content)[0m
[0;31m[0m[0;32m+++ after: /etc/systemd/journald.conf (content)[0m
[0;32m[0m[0;36m@@ -38,3 +38,4 @@[0m
[0;36m[0m #MaxLevelConsole=info
 #MaxLevelWall=emerg
 #LineMax=48K
[0;32m+ForwardToSyslog=yes[0m
[0;32m[0m
[0;33mchanged: [dcex9002tzf0g8i][0m

TASK [cis_security : 4.2.2.2 - Ensure journald compresses large files] **********************************************************************************************************************
[0;32mok: [dcex9002tzf0g8i][0m

TASK [cis_security : 4.2.2.3 - Ensure journald writes to peristent disk] ********************************************************************************************************************
[0;32mok: [dcex9002tzf0g8i][0m

TASK [cis_security : 4.2.3 Ensure permissions on all logfiles are configured] ***************************************************************************************************************
[0;32mok: [dcex9002tzf0g8i][0m

TASK [cis_security : Remove /etc/cron.deny] *************************************************************************************************************************************************
[0;32mok: [dcex9002tzf0g8i] => (item=/etc/cron.deny)[0m
[0;31m--- before[0m
[0;31m[0m[0;32m+++ after[0m
[0;32m[0m[0;36m@@ -1,4 +1,4 @@[0m
[0;36m[0m {
     "path": "/etc/at.deny",
[0;31m-    "state": "file"[0m
[0;31m[0m[0;32m+    "state": "absent"[0m
[0;32m[0m }

[0;33mchanged: [dcex9002tzf0g8i] => (item=/etc/at.deny)[0m

TASK [cis_security : Create the cron/at allow files (5.1.8)] ********************************************************************************************************************************
[0;32mok: [dcex9002tzf0g8i] => (item=/etc/cron.allow)[0m
[0;32mok: [dcex9002tzf0g8i] => (item=/etc/at.allow)[0m

TASK [cis_security : 5.1.1 - Ensure cron is enabled] ****************************************************************************************************************************************
[0;32mok: [dcex9002tzf0g8i][0m

TASK [cis_security : 5.1.2 - Ensure permissions on /etc/crontab] ****************************************************************************************************************************
[0;32mok: [dcex9002tzf0g8i][0m

TASK [cis_security : 5.1.[3-7] - Ensure permissions on crontab directories] *****************************************************************************************************************
[0;31m--- before[0m
[0;31m[0m[0;32m+++ after[0m
[0;32m[0m[0;36m@@ -1,4 +1,4 @@[0m
[0;36m[0m {
[0;31m-    "mode": "0755",[0m
[0;31m[0m[0;32m+    "mode": "0600",[0m
[0;32m[0m     "path": "/etc/cron.hourly"
 }

[0;33mchanged: [dcex9002tzf0g8i] => (item=/etc/cron.hourly)[0m
[0;31m--- before[0m
[0;31m[0m[0;32m+++ after[0m
[0;32m[0m[0;36m@@ -1,4 +1,4 @@[0m
[0;36m[0m {
[0;31m-    "mode": "0755",[0m
[0;31m[0m[0;32m+    "mode": "0600",[0m
[0;32m[0m     "path": "/etc/cron.daily"
 }

[0;33mchanged: [dcex9002tzf0g8i] => (item=/etc/cron.daily)[0m
[0;31m--- before[0m
[0;31m[0m[0;32m+++ after[0m
[0;32m[0m[0;36m@@ -1,4 +1,4 @@[0m
[0;36m[0m {
[0;31m-    "mode": "0755",[0m
[0;31m[0m[0;32m+    "mode": "0600",[0m
[0;32m[0m     "path": "/etc/cron.weekly"
 }

[0;33mchanged: [dcex9002tzf0g8i] => (item=/etc/cron.weekly)[0m
[0;31m--- before[0m
[0;31m[0m[0;32m+++ after[0m
[0;32m[0m[0;36m@@ -1,4 +1,4 @@[0m
[0;36m[0m {
[0;31m-    "mode": "0755",[0m
[0;31m[0m[0;32m+    "mode": "0600",[0m
[0;32m[0m     "path": "/etc/cron.monthly"
 }

[0;33mchanged: [dcex9002tzf0g8i] => (item=/etc/cron.monthly)[0m
[0;31m--- before[0m
[0;31m[0m[0;32m+++ after[0m
[0;32m[0m[0;36m@@ -1,4 +1,4 @@[0m
[0;36m[0m {
[0;31m-    "mode": "0755",[0m
[0;31m[0m[0;32m+    "mode": "0600",[0m
[0;32m[0m     "path": "/etc/cron.d"
 }

[0;33mchanged: [dcex9002tzf0g8i] => (item=/etc/cron.d)[0m

TASK [cis_security : 5.2.1 - Set permissions on SSH file] ***********************************************************************************************************************************
[0;32mok: [dcex9002tzf0g8i][0m

TASK [cis_security : 5.2.3 - Find all ssh private host keys] ********************************************************************************************************************************
[0;32mok: [dcex9002tzf0g8i][0m

TASK [cis_security : 5.2.3 - Set permissions on all ssh private host keys (Red Hat set the group to ssh_keys and mode to 640)] **************************************************************
[0;32mok: [dcex9002tzf0g8i] => (item={'path': '/etc/ssh/ssh_host_rsa_key', 'mode': '0640', 'isdir': False, 'ischr': False, 'isblk': False, 'isreg': True, 'isfifo': False, 'islnk': False, 'issock': False, 'uid': 0, 'gid': 997, 'size': 1675, 'inode': 17770581, 'dev': 64512, 'nlink': 1, 'atime': 1688684495.6949537, 'mtime': 1688568308.1513424, 'ctime': 1688568308.1693425, 'gr_name': 'ssh_keys', 'pw_name': 'root', 'wusr': True, 'rusr': True, 'xusr': False, 'wgrp': False, 'rgrp': True, 'xgrp': False, 'woth': False, 'roth': False, 'xoth': False, 'isuid': False, 'isgid': False})[0m
[0;32mok: [dcex9002tzf0g8i] => (item={'path': '/etc/ssh/ssh_host_ecdsa_key', 'mode': '0640', 'isdir': False, 'ischr': False, 'isblk': False, 'isreg': True, 'isfifo': False, 'islnk': False, 'issock': False, 'uid': 0, 'gid': 997, 'size': 227, 'inode': 17769750, 'dev': 64512, 'nlink': 1, 'atime': 1688684495.7119544, 'mtime': 1688568308.1833425, 'ctime': 1688568308.2093425, 'gr_name': 'ssh_keys', 'pw_name': 'root', 'wusr': True, 'rusr': True, 'xusr': False, 'wgrp': False, 'rgrp': True, 'xgrp': False, 'woth': False, 'roth': False, 'xoth': False, 'isuid': False, 'isgid': False})[0m
[0;32mok: [dcex9002tzf0g8i] => (item={'path': '/etc/ssh/ssh_host_ed25519_key', 'mode': '0640', 'isdir': False, 'ischr': False, 'isblk': False, 'isreg': True, 'isfifo': False, 'islnk': False, 'issock': False, 'uid': 0, 'gid': 997, 'size': 387, 'inode': 17770650, 'dev': 64512, 'nlink': 1, 'atime': 1688684495.7249548, 'mtime': 1688568308.2833426, 'ctime': 1688568308.3023427, 'gr_name': 'ssh_keys', 'pw_name': 'root', 'wusr': True, 'rusr': True, 'xusr': False, 'wgrp': False, 'rgrp': True, 'xgrp': False, 'woth': False, 'roth': False, 'xoth': False, 'isuid': False, 'isgid': False})[0m

TASK [cis_security : 5.2.4 - Find all ssh public host keys] *********************************************************************************************************************************
[0;32mok: [dcex9002tzf0g8i][0m

TASK [cis_security : 5.2.4 - Set permissions on all ssh public host keys] *******************************************************************************************************************
[0;32mok: [dcex9002tzf0g8i] => (item={'path': '/etc/ssh/ssh_host_rsa_key.pub', 'mode': '0644', 'isdir': False, 'ischr': False, 'isblk': False, 'isreg': True, 'isfifo': False, 'islnk': False, 'issock': False, 'uid': 0, 'gid': 0, 'size': 382, 'inode': 17769748, 'dev': 64512, 'nlink': 1, 'atime': 1688684495.7039542, 'mtime': 1688568308.1533425, 'ctime': 1688568308.1703424, 'gr_name': 'root', 'pw_name': 'root', 'wusr': True, 'rusr': True, 'xusr': False, 'wgrp': False, 'rgrp': True, 'xgrp': False, 'woth': False, 'roth': True, 'xoth': False, 'isuid': False, 'isgid': False})[0m
[0;32mok: [dcex9002tzf0g8i] => (item={'path': '/etc/ssh/ssh_host_ecdsa_key.pub', 'mode': '0644', 'isdir': False, 'ischr': False, 'isblk': False, 'isreg': True, 'isfifo': False, 'islnk': False, 'issock': False, 'uid': 0, 'gid': 0, 'size': 162, 'inode': 17770649, 'dev': 64512, 'nlink': 1, 'atime': 1688684495.7189548, 'mtime': 1688568308.1833425, 'ctime': 1688568308.2133427, 'gr_name': 'root', 'pw_name': 'root', 'wusr': True, 'rusr': True, 'xusr': False, 'wgrp': False, 'rgrp': True, 'xgrp': False, 'woth': False, 'roth': True, 'xoth': False, 'isuid': False, 'isgid': False})[0m
[0;32mok: [dcex9002tzf0g8i] => (item={'path': '/etc/ssh/ssh_host_ed25519_key.pub', 'mode': '0644', 'isdir': False, 'ischr': False, 'isblk': False, 'isreg': True, 'isfifo': False, 'islnk': False, 'issock': False, 'uid': 0, 'gid': 0, 'size': 82, 'inode': 17770651, 'dev': 64512, 'nlink': 1, 'atime': 1688684495.7319553, 'mtime': 1688568308.2833426, 'ctime': 1688568308.3083427, 'gr_name': 'root', 'pw_name': 'root', 'wusr': True, 'rusr': True, 'xusr': False, 'wgrp': False, 'rgrp': True, 'xgrp': False, 'woth': False, 'roth': True, 'xoth': False, 'isuid': False, 'isgid': False})[0m

TASK [cis_security : 5.2.5 - Set LogLevel to INFO or more verbose, but not debug] ***********************************************************************************************************
[0;32mok: [dcex9002tzf0g8i][0m

TASK [cis_security : 5.2.6 - Ensure SSH is configured to use PAM] ***************************************************************************************************************************
[0;32mok: [dcex9002tzf0g8i][0m

TASK [cis_security : 5.2.8 - Ensure HostbasedAuthentication is disabled] ********************************************************************************************************************
[0;32mok: [dcex9002tzf0g8i][0m

TASK [cis_security : 5.2.9 - Ensure SSH PermitEmptyPasswords is disabled] *******************************************************************************************************************
[0;31m--- before: /etc/ssh/sshd_config (content)[0m
[0;31m[0m[0;32m+++ after: /etc/ssh/sshd_config (content)[0m
[0;32m[0m[0;36m@@ -100,7 +100,6 @@[0m
[0;36m[0m 
 # Disable password-based authentication, it can allow for potentially easier brute-force attacks.
 PasswordAuthentication no
[0;31m-PermitEmptyPasswords no[0m
[0;31m[0m ChallengeResponseAuthentication no
 
 # Only enable Kerberos authentication if it is configured.

[0;33mchanged: [dcex9002tzf0g8i][0m

TASK [cis_security : 5.2.10 - Ensure PermitUserEnvironment is disabled] *********************************************************************************************************************
[0;31m--- before: /etc/ssh/sshd_config (content)[0m
[0;31m[0m[0;32m+++ after: /etc/ssh/sshd_config (content)[0m
[0;32m[0m[0;36m@@ -150,7 +150,6 @@[0m
[0;36m[0m # User environment configuration
 # ==============================
 
[0;31m-PermitUserEnvironment no[0m
[0;31m[0m 
 
 # Misc. configuration

[0;33mchanged: [dcex9002tzf0g8i][0m

TASK [cis_security : 5.2.11 - Ensure IgnoreRhosts is set] ***********************************************************************************************************************************
[0;32mok: [dcex9002tzf0g8i][0m

TASK [cis_security : 5.2.15 - Ensure SSH Banner is configured] ******************************************************************************************************************************
[0;31m--- before: /etc/ssh/sshd_config (content)[0m
[0;31m[0m[0;32m+++ after: /etc/ssh/sshd_config (content)[0m
[0;32m[0m[0;36m@@ -170,3 +170,4 @@[0m
[0;36m[0m RevokedKeys /etc/ssh/revoked_keys
 
 DenyGroups games
[0;32m+Banner /etc/issue[0m
[0;32m[0m
[0;33mchanged: [dcex9002tzf0g8i][0m

TASK [cis_security : 5.2.16 - Ensure SSH MaxAuthTires is set to 2 or less] ******************************************************************************************************************
[0;32mok: [dcex9002tzf0g8i][0m

TASK [cis_security : 5.2.17 - Limit max unauthenticated startups] ***************************************************************************************************************************
[0;32mok: [dcex9002tzf0g8i][0m

TASK [cis_security : 5.2.18 - Limit max sessions] *******************************************************************************************************************************************
[0;32mok: [dcex9002tzf0g8i][0m

TASK [cis_security : 5.2.19 - Ensure SSH LoginGraceTime is set to 30 or less] ***************************************************************************************************************
[0;31m--- before: /etc/ssh/sshd_config (content)[0m
[0;31m[0m[0;32m+++ after: /etc/ssh/sshd_config (content)[0m
[0;32m[0m[0;36m@@ -78,7 +78,7 @@[0m
[0;36m[0m # Secure Login directives.
 UsePrivilegeSeparation sandbox
 
[0;31m-LoginGraceTime 30s[0m
[0;31m[0m[0;32m+LoginGraceTime 30[0m
[0;32m[0m MaxAuthTries 2
 MaxSessions 4
 MaxStartups 10:30:60

[0;33mchanged: [dcex9002tzf0g8i][0m

TASK [cis_security : 5.2.20 - Ensure SSH Idle Timeout is configured ClientAliveInterval] ****************************************************************************************************
[0;32mok: [dcex9002tzf0g8i][0m

TASK [cis_security : 5.2.20 - Ensure SSH Idle Timeout is configured ClientAliveCountMax] ****************************************************************************************************
[0;32mok: [dcex9002tzf0g8i][0m

TASK [cis_security : 5.3.1 - Ensure sudo is installed] **************************************************************************************************************************************
[0;32mok: [dcex9002tzf0g8i][0m

TASK [cis_security : 5.3.2 - Ensure sudo commands use pty] **********************************************************************************************************************************
[0;32mok: [dcex9002tzf0g8i][0m

TASK [cis_security : 5.3.3 - Ensure sudo log file exists] ***********************************************************************************************************************************
[0;31m--- before: /etc/sudoers (content)[0m
[0;31m[0m[0;32m+++ after: /etc/sudoers (content)[0m
[0;32m[0m[0;36m@@ -48,6 +48,7 @@[0m
[0;36m[0m # Cmnd_Alias DRIVERS = /sbin/modprobe
 
 # Defaults specification
[0;32m+Defaults logfile="/var/log/sudoers"[0m
[0;32m[0m 
 #
 # Refuse to run if unable to disable echo on the tty.

[0;33mchanged: [dcex9002tzf0g8i][0m

TASK [cis_security : 5.5.1 - require at least one digit in passwords] ***********************************************************************************************************************
[0;31m--- before: /etc/security/pwquality.conf (content)[0m
[0;31m[0m[0;32m+++ after: /etc/security/pwquality.conf (content)[0m
[0;32m[0m[0;36m@@ -13,6 +13,7 @@[0m
[0;36m[0m # The maximum credit for having digits in the new password. If less than 0
 # it is the minimum number of digits in the new password.
 # dcredit = 0
[0;32m+dcredit = -1[0m
[0;32m[0m #
 # The maximum credit for having uppercase characters in the new password.
 # If less than 0 it is the minimum number of uppercase characters in the new

[0;33mchanged: [dcex9002tzf0g8i][0m

TASK [cis_security : 5.5.1 - require at least one uppercase letter in passwords] ************************************************************************************************************
[0;31m--- before: /etc/security/pwquality.conf (content)[0m
[0;31m[0m[0;32m+++ after: /etc/security/pwquality.conf (content)[0m
[0;32m[0m[0;36m@@ -19,6 +19,7 @@[0m
[0;36m[0m # If less than 0 it is the minimum number of uppercase characters in the new
 # password.
 # ucredit = 0
[0;32m+ucredit = -1[0m
[0;32m[0m #
 # The maximum credit for having lowercase characters in the new password.
 # If less than 0 it is the minimum number of lowercase characters in the new

[0;33mchanged: [dcex9002tzf0g8i][0m

TASK [cis_security : 5.5.1 - require at least one lowercase letter in passwords] ************************************************************************************************************
[0;31m--- before: /etc/security/pwquality.conf (content)[0m
[0;31m[0m[0;32m+++ after: /etc/security/pwquality.conf (content)[0m
[0;32m[0m[0;36m@@ -25,6 +25,7 @@[0m
[0;36m[0m # If less than 0 it is the minimum number of lowercase characters in the new
 # password.
 # lcredit = 0
[0;32m+lcredit = -1[0m
[0;32m[0m #
 # The maximum credit for having other characters in the new password.
 # If less than 0 it is the minimum number of other characters in the new

[0;33mchanged: [dcex9002tzf0g8i][0m

TASK [cis_security : 5.5.1 - Require at least one special character in passwords] ***********************************************************************************************************
[0;31m--- before: /etc/security/pwquality.conf (content)[0m
[0;31m[0m[0;32m+++ after: /etc/security/pwquality.conf (content)[0m
[0;32m[0m[0;36m@@ -31,6 +31,7 @@[0m
[0;36m[0m # If less than 0 it is the minimum number of other characters in the new
 # password.
 # ocredit = 0
[0;32m+ocredit = -1[0m
[0;32m[0m #
 # The minimum number of required classes of characters for the new
 # password (digits, uppercase, lowercase, others).

[0;33mchanged: [dcex9002tzf0g8i][0m

TASK [cis_security : 5.5.1 - Require at least 14 characters in passwords] *******************************************************************************************************************
[0;31m--- before: /etc/security/pwquality.conf (content)[0m
[0;31m[0m[0;32m+++ after: /etc/security/pwquality.conf (content)[0m
[0;32m[0m[0;36m@@ -9,6 +9,7 @@[0m
[0;36m[0m # credits are not disabled which is the default). (See pam_cracklib manual.)
 # Cannot be set to lower value than 6.
 # minlen = 8
[0;32m+minlen = 14[0m
[0;32m[0m #
 # The maximum credit for having digits in the new password. If less than 0
 # it is the minimum number of digits in the new password.

[0;33mchanged: [dcex9002tzf0g8i][0m

TASK [cis_security : add deny] **************************************************************************************************************************************************************
[0;31m--- before: /etc/security/faillock.conf (content)[0m
[0;31m[0m[0;32m+++ after: /etc/security/faillock.conf (content)[0m
[0;32m[0m[0;36m@@ -60,3 +60,4 @@[0m
[0;36m[0m # `root_unlock_time` will apply to them.
 # By default, the option is not set.
 # admin_group = <admin_group_name>
[0;32m+deny = 5[0m
[0;32m[0m
[0;33mchanged: [dcex9002tzf0g8i][0m

TASK [cis_security : 5.5.2 add unlock_time] *************************************************************************************************************************************************
[0;31m--- before: /etc/security/faillock.conf (content)[0m
[0;31m[0m[0;32m+++ after: /etc/security/faillock.conf (content)[0m
[0;32m[0m[0;36m@@ -61,3 +61,4 @@[0m
[0;36m[0m # By default, the option is not set.
 # admin_group = <admin_group_name>
 deny = 5
[0;32m+unlock_time = 900[0m
[0;32m[0m
[0;33mchanged: [dcex9002tzf0g8i][0m

TASK [cis_security : 5.5.3/5.5.4 PAM checks] ************************************************************************************************************************************************
[0;31m--- before: /etc/pam.d/system-auth (content)[0m
[0;31m[0m[0;32m+++ after: /etc/pam.d/system-auth (content)[0m
[0;32m[0m[0;36m@@ -20,7 +20,7 @@[0m
[0;36m[0m account     required                                     pam_permit.so
 
 password    requisite                                    pam_pwquality.so try_first_pass retry=3
[0;31m-password    sufficient                                   pam_unix.so yescrypt shadow nullok use_authtok remember=5 sha512[0m
[0;31m[0m[0;32m+password    sufficient    pam_unix.so yescrypt shadow nullok use_authtok remember=5 sha512[0m
[0;32m[0m password    sufficient                                   pam_sss.so use_authtok
 password    required                                     pam_deny.so
 

[0;33mchanged: [dcex9002tzf0g8i][0m

TASK [cis_security : 5.5.3 Ensure password reuse is limited | update file according to CIS] *************************************************************************************************
[0;32mok: [dcex9002tzf0g8i][0m

TASK [cis_security : 5.5.3/5.5.4 PAM checks] ************************************************************************************************************************************************
[0;31m--- before: /etc/pam.d/password-auth (content)[0m
[0;31m[0m[0;32m+++ after: /etc/pam.d/password-auth (content)[0m
[0;32m[0m[0;36m@@ -20,7 +20,7 @@[0m
[0;36m[0m account     required                                     pam_permit.so
 
 password    requisite                                    pam_pwquality.so try_first_pass retry=3
[0;31m-password    sufficient                                   pam_unix.so yescrypt shadow nullok use_authtok remember=5 sha512[0m
[0;31m[0m[0;32m+password    sufficient    pam_unix.so yescrypt shadow nullok use_authtok remember=5 sha512[0m
[0;32m[0m password    sufficient                                   pam_sss.so use_authtok
 password    required                                     pam_deny.so
 

[0;33mchanged: [dcex9002tzf0g8i][0m

TASK [cis_security : 5.5.4 Ensure password reuse is limited | update /etc/pam.d/system-auth] ************************************************************************************************
[0;32mok: [dcex9002tzf0g8i][0m

TASK [cis_security : 5.5.4 Ensure password reuse is limited | update /etc/pam.d/password-auth] **********************************************************************************************
[0;32mok: [dcex9002tzf0g8i][0m

TASK [cis_security : 5.5.4 Setting password hashing algorithm is sha512 / libuser.conf] *****************************************************************************************************
[0;32mok: [dcex9002tzf0g8i][0m

TASK [cis_security : 5.5.4 Setting password hashing algorithm is sha512 / /etc/login.defs] **************************************************************************************************
[0;32mok: [dcex9002tzf0g8i][0m

TASK [cis_security : 5.6.1.2 - Ensure password change days is set to 0] *********************************************************************************************************************
[0;31m--- before: /etc/login.defs (content)[0m
[0;31m[0m[0;32m+++ after: /etc/login.defs (content)[0m
[0;32m[0m[0;36m@@ -23,7 +23,7 @@[0m
[0;36m[0m #	PASS_WARN_AGE	Number of days warning given before a password expires.
 #
 PASS_MAX_DAYS	99999
[0;31m-PASS_MIN_DAYS   7[0m
[0;31m[0m[0;32m+PASS_MIN_DAYS  0[0m
[0;32m[0m PASS_MIN_LEN	5
 PASS_WARN_AGE	7
 

[0;33mchanged: [dcex9002tzf0g8i][0m

TASK [cis_security : 5.6.1.3 - Ensure password warning days is set to 7] ********************************************************************************************************************
[0;31m--- before: /etc/login.defs (content)[0m
[0;31m[0m[0;32m+++ after: /etc/login.defs (content)[0m
[0;32m[0m[0;36m@@ -70,3 +70,4 @@[0m
[0;36m[0m # Use SHA512 to encrypt password.
 ENCRYPT_METHOD SHA512
 
[0;32m+PASS_WARN_AGE  7[0m
[0;32m[0m
[0;33mchanged: [dcex9002tzf0g8i][0m

TASK [cis_security : 5.6.1.5 Ensure all users last password change date is in the past | get list] ******************************************************************************************
[0;32mok: [dcex9002tzf0g8i][0m

TASK [cis_security : 5.6.1.5 Ensure all users last password change date is in the past | save list] *****************************************************************************************
[0;31mfatal: [dcex9002tzf0g8i]: FAILED! => {"changed": false, "checksum": "97d170e1550eee4afc0af065b78cda302a97674c", "msg": "Destination directory /root/hardening does not exist"}[0m
[0;36m...ignoring[0m

TASK [cis_security : 5.6.3 - Ensure default shell timeout is 900 seconds or less] ***********************************************************************************************************
[0;32mok: [dcex9002tzf0g8i] => (item=/etc/profile)[0m

TASK [cis_security : 5.6.4 - Ensure default group for root is GID 0] ************************************************************************************************************************
[0;32mok: [dcex9002tzf0g8i][0m

TASK [cis_security : 5.6.5 - Ensure umask is set] *******************************************************************************************************************************************
[0;32mok: [dcex9002tzf0g8i] => (item=/etc/bashrc)[0m
[0;32mok: [dcex9002tzf0g8i] => (item=/etc/profile)[0m

TASK [cis_security : 5.7 - Configure PAM to only allow su from wheel group] *****************************************************************************************************************
[0;32mok: [dcex9002tzf0g8i][0m

TASK [cis_security : 5.7 - Add root to the wheel group] *************************************************************************************************************************************
[0;32mok: [dcex9002tzf0g8i][0m

TASK [cis_security : 6.1.2 - Find any world writiable files directories] ********************************************************************************************************************
[0;32mok: [dcex9002tzf0g8i][0m

TASK [cis_security : 6.1.2 - Print any world writable directories found] ********************************************************************************************************************
[0;36mskipping: [dcex9002tzf0g8i][0m

TASK [cis_security : 6.1.2 Remove any world writiable files directories] ********************************************************************************************************************
[0;33mchanged: [dcex9002tzf0g8i][0m

TASK [cis_security : 6.1.[3,9] - Ensure permissions on /etc/passwd /etc/group] **************************************************************************************************************
[0;32mok: [dcex9002tzf0g8i] => (item=gshadow-)[0m
[0;32mok: [dcex9002tzf0g8i] => (item=shadow-)[0m
[0;32mok: [dcex9002tzf0g8i] => (item=shadow)[0m
[0;32mok: [dcex9002tzf0g8i] => (item=gshadow)[0m

TASK [cis_security : 6.1.[6-10] - Ensure permissions on /etc/passwd- /etc/[g]shadow- /etc/group-] *******************************************************************************************
[0;32mok: [dcex9002tzf0g8i] => (item=passwd)[0m
[0;32mok: [dcex9002tzf0g8i] => (item=passwd-)[0m
[0;32mok: [dcex9002tzf0g8i] => (item=group)[0m
[0;32mok: [dcex9002tzf0g8i] => (item=group-)[0m

TASK [cis_security : 6.1.11 - Find any world writiable files] *******************************************************************************************************************************
[0;32mok: [dcex9002tzf0g8i][0m

TASK [cis_security : 6.1.11 - Print any world writable files found] *************************************************************************************************************************
[0;33mchanged: [dcex9002tzf0g8i] => {[0m
[0;33m    "msg": "World writiable files found: /root/bootstrap.py"[0m
[0;33m}[0m

TASK [cis_security : 6.1.12 - Find any unowned files] ***************************************************************************************************************************************
[0;32mok: [dcex9002tzf0g8i][0m

TASK [cis_security : 6.1.12 - Print any unowned files found] ********************************************************************************************************************************
[0;36mskipping: [dcex9002tzf0g8i][0m

TASK [cis_security : 6.1.13 - Find any ungrouped files] *************************************************************************************************************************************
[0;32mok: [dcex9002tzf0g8i][0m

TASK [cis_security : 6.1.13 - Print any ungrouped files found] ******************************************************************************************************************************
[0;36mskipping: [dcex9002tzf0g8i][0m

TASK [cis_security : 6.2.1 - Check to see if there are any accounts with empty passwords] ***************************************************************************************************
[0;32mok: [dcex9002tzf0g8i][0m

TASK [cis_security : 6.2.1 - Report the named users to the report] **************************************************************************************************************************
[0;36mskipping: [dcex9002tzf0g8i][0m

TASK [cis_security : 6.2.2 - Use script to pull the list of groups] *************************************************************************************************************************
[0;32mok: [dcex9002tzf0g8i][0m

TASK [cis_security : 6.2.2 - Report to user any unreferenced groups] ************************************************************************************************************************
[0;36mskipping: [dcex9002tzf0g8i][0m

TASK [cis_security : 6.2.3 - Use script to pull the list of duplicate UIDs] *****************************************************************************************************************
[0;32mok: [dcex9002tzf0g8i][0m

TASK [cis_security : 6.2.3 - Print report of duplicated UIDs to user] ***********************************************************************************************************************
[0;36mskipping: [dcex9002tzf0g8i][0m

TASK [cis_security : 6.2.4 - Use script to pull the list of duplicate GIDs] *****************************************************************************************************************
[0;32mok: [dcex9002tzf0g8i][0m

TASK [cis_security : 6.2.4 - Print report of duplcate GIDs to user] *************************************************************************************************************************
[0;36mskipping: [dcex9002tzf0g8i][0m

TASK [cis_security : 6.2.5 - Use script to pull the list of users] **************************************************************************************************************************
[0;32mok: [dcex9002tzf0g8i][0m

TASK [cis_security : 6.2.5 - Print report of duplicate users to user] ***********************************************************************************************************************
[0;36mskipping: [dcex9002tzf0g8i][0m

TASK [cis_security : 6.2.6 - Use script to pull the list of groups] *************************************************************************************************************************
[0;32mok: [dcex9002tzf0g8i][0m

TASK [cis_security : 6.2.6 - Print report of duplicate groups to user] **********************************************************************************************************************
[0;36mskipping: [dcex9002tzf0g8i][0m

TASK [cis_security : 6.2.7 - Run script on path variable] ***********************************************************************************************************************************
[0;32mok: [dcex9002tzf0g8i][0m

TASK [cis_security : 6.2.7 - Print report to user] ******************************************************************************************************************************************
[0;36mskipping: [dcex9002tzf0g8i][0m

TASK [cis_security : 6.2.8 - find accounts with UID of 0] ***********************************************************************************************************************************
[0;32mok: [dcex9002tzf0g8i][0m

TASK [cis_security : 6.2.8 - Report on mulitple accounts with UID of 0] *********************************************************************************************************************
[0;36mskipping: [dcex9002tzf0g8i][0m

TASK [cis_security : 6.2.9 - Use script to find the users] **********************************************************************************************************************************
[0;32mok: [dcex9002tzf0g8i][0m

TASK [cis_security : 6.2.9 - Print report of users that do not have a home directory] *******************************************************************************************************
[0;36mskipping: [dcex9002tzf0g8i][0m

TASK [cis_security : 6.2.9 Ensure all users' home directories exist | list] *****************************************************************************************************************
[0;32mok: [dcex9002tzf0g8i][0m

TASK [cis_security : 6.2.9 Ensure all users' home directories exist | save] *****************************************************************************************************************
[0;31mfatal: [dcex9002tzf0g8i]: FAILED! => {"changed": false, "checksum": "38823e2d2d9be82b748e108cba34915876439c56", "msg": "Destination directory /root/hardening does not exist"}[0m
[0;36m...ignoring[0m

TASK [cis_security : 6.2.9 Ensure all users' home directories exist | fix] ******************************************************************************************************************
[1;35m[WARNING]: conditional statements should not include jinja2 templating delimiters such as {{ }} or {% %}. Found: {{ output_6_2_9.stdout_lines|length > 0 }}[0m
[0;33mchanged: [dcex9002tzf0g8i] => (item=ntp)[0m
[0;33mchanged: [dcex9002tzf0g8i] => (item=fsbg-mdr)[0m
[0;32mok: [dcex9002tzf0g8i] => (item=tss)[0m

TASK [cis_security : 6.2.10 - Determine if the shadow group exists in /etc/group] ***********************************************************************************************************
[0;32mok: [dcex9002tzf0g8i][0m

TASK [cis_security : 6.2.10 - Print report of shadow group to user] *************************************************************************************************************************
[0;36mskipping: [dcex9002tzf0g8i][0m

TASK [cis_security : Add hardening file.] ***************************************************************************************************************************************************
[0;31m--- before[0m
[0;31m[0m[0;32m+++ after[0m
[0;32m[0m[0;36m@@ -1,7 +1,7 @@[0m
[0;36m[0m {
[0;31m-    "atime": 1688715687.1306312,[0m
[0;31m[0m[0;31m-    "mode": "0640",[0m
[0;31m[0m[0;31m-    "mtime": 1688715687.1306312,[0m
[0;31m[0m[0;32m+    "atime": 1688715687.1317608,[0m
[0;32m[0m[0;32m+    "mode": "0400",[0m
[0;32m[0m[0;32m+    "mtime": 1688715687.1317608,[0m
[0;32m[0m     "path": "/etc/.hardening",
[0;31m-    "state": "absent"[0m
[0;31m[0m[0;32m+    "state": "touch"[0m
[0;32m[0m }

[0;33mchanged: [dcex9002tzf0g8i][0m

RUNNING HANDLER [cis_security : restart sshd] ***********************************************************************************************************************************************
[0;33mchanged: [dcex9002tzf0g8i][0m

RUNNING HANDLER [cis_security : restart chronyd] ********************************************************************************************************************************************
[0;33mchanged: [dcex9002tzf0g8i][0m

RUNNING HANDLER [cis_security : restart postfix] ********************************************************************************************************************************************
[0;33mchanged: [dcex9002tzf0g8i][0m

RUNNING HANDLER [cis_security : rebuild grub] ***********************************************************************************************************************************************
[0;33mchanged: [dcex9002tzf0g8i][0m

RUNNING HANDLER [cis_security : flush network routes] ***************************************************************************************************************************************
[0;33mchanged: [dcex9002tzf0g8i] => (item=net.ipv4.route.flush)[0m
[0;33mchanged: [dcex9002tzf0g8i] => (item=net.ipv6.route.flush)[0m

PLAY RECAP **********************************************************************************************************************************************************************************
[0;33mdcex9002tzf0g8i[0m            : [0;32mok=187 [0m [0;33mchanged=56  [0m unreachable=0    failed=0    [0;36mskipped=24  [0m rescued=0    [1;35mignored=6   [0m


Script done on 2023-07-07 09:41:37+02:00
