Script started on Tue 18 Apr 2023 07:55:40 AM CEST
[1;35m[WARNING]: While constructing a mapping from /home/gfk.com/ivan.stamov.adm/cis-hardening/roles/cis_security/defaults/main.yml, line 6, column 1, found a duplicate dict key[0m
[1;35m(enable_firewall). Using last defined value only.[0m
[1;35m[WARNING]: While constructing a mapping from /home/gfk.com/ivan.stamov.adm/cis-hardening/roles/cis_security/defaults/main.yml, line 6, column 1, found a duplicate dict key[0m
[1;35m(ssh_max_sessions). Using last defined value only.[0m

PLAY [all] **********************************************************************************************************************************************************************************

TASK [Gathering Facts] **********************************************************************************************************************************************************************
[0;35m[DEPRECATION WARNING]: Distribution ubuntu 20.04 on host dcex9002t44sgod should use /usr/bin/python3, but is using /usr/bin/python for backward compatibility with prior Ansible releases. A[0m
[0;35m future Ansible release will default to using the discovered platform python for this host. See https://docs.ansible.com/ansible/2.9/reference_appendices/interpreter_discovery.html for [0m
[0;35mmore information. This feature will be removed in version 2.12. Deprecation warnings can be disabled by setting deprecation_warnings=False in ansible.cfg.[0m
[0;32mok: [dcex9002t44sgod][0m

TASK [cis_security : include] ***************************************************************************************************************************************************************
[0;36mincluded: /home/gfk.com/ivan.stamov.adm/cis-hardening/roles/cis_security/tasks/CIS-Ubuntu-20.yml for dcex9002t44sgod[0m

TASK [cis_security : include] ***************************************************************************************************************************************************************
[1;35m[WARNING]: While constructing a mapping from /home/gfk.com/ivan.stamov.adm/cis-hardening/roles/cis_security/tasks/type-files/ubuntu-20-type.yml, line 2647, column 9, found a duplicate dict[0m
[1;35mkey (line). Using last defined value only.[0m
[0;36mincluded: /home/gfk.com/ivan.stamov.adm/cis-hardening/roles/cis_security/tasks/type-files/ubuntu-20-type.yml for dcex9002t44sgod[0m

TASK [cis_security : 1.1.2 Ensure /tmp is configured] ***************************************************************************************************************************************
[0;33mchanged: [dcex9002t44sgod][0m

TASK [cis_security : 1.1.2 Ensure /tmp is configured | edit file] ***************************************************************************************************************************
[0;31m--- before: /etc/systemd/system/tmp.mount (content)[0m
[0;31m[0m[0;32m+++ after: /etc/systemd/system/tmp.mount (content)[0m
[0;32m[0m[0;36m@@ -22,7 +22,7 @@[0m
[0;36m[0m What=tmpfs
 Where=/tmp
 Type=tmpfs
[0;31m-Options=mode=1777,strictatime,nosuid,nodev[0m
[0;31m[0m[0;32m+Options=mode=1777,strictatime,nosuid,nodev,noexec[0m
[0;32m[0m 
 [Install]
 WantedBy=local-fs.target

[0;33mchanged: [dcex9002t44sgod][0m

TASK [cis_security : 1.1.2 Ensure /tmp is configured | reload demon] ************************************************************************************************************************
[0;32mok: [dcex9002t44sgod][0m

TASK [cis_security : 1.1.2 Ensure /tmp is configured | enable and start tmp.mount] **********************************************************************************************************
[0;32mok: [dcex9002t44sgod][0m

TASK [cis_security : Get file system] *******************************************************************************************************************************************************
[0;33mchanged: [dcex9002t44sgod][0m

TASK [cis_security : debug] *****************************************************************************************************************************************************************
[0;32mok: [dcex9002t44sgod] => {[0m
[0;32m    "msg": [[0m
[0;32m        "ext4"[0m
[0;32m    ][0m
[0;32m}[0m

TASK [cis_security : Check /tmp config] *****************************************************************************************************************************************************
[1;35m[WARNING]: The value ['ext4'] (type list) in a string field was converted to "['ext4']" (type string). If this does not look like what you expect, quote the entire value to ensure it does[0m
[1;35mnot change.[0m
[0;32mok: [dcex9002t44sgod][0m

TASK [cis_security : Remount /tmp] **********************************************************************************************************************************************************
[0;36mskipping: [dcex9002t44sgod][0m

PLAY RECAP **********************************************************************************************************************************************************************************
[0;33mdcex9002t44sgod[0m            : [0;32mok=10  [0m [0;33mchanged=3   [0m unreachable=0    failed=0    [0;36mskipped=1   [0m rescued=0    ignored=0   

