Script started on 2023-06-02 15:28:10+02:00
[1;35m[WARNING]: While constructing a mapping from /home/gfk.com/ivan.stamov.adm/cis-hardening/roles/cis_security/defaults/main.yml, line 6, column 1, found a duplicate dict key[0m
[1;35m(enable_firewall). Using last defined value only.[0m
[1;35m[WARNING]: While constructing a mapping from /home/gfk.com/ivan.stamov.adm/cis-hardening/roles/cis_security/defaults/main.yml, line 6, column 1, found a duplicate dict key[0m
[1;35m(ssh_max_sessions). Using last defined value only.[0m
[0;35m[DEPRECATION WARNING]: "include" is deprecated, use include_tasks/import_tasks instead. See https://docs.ansible.com/ansible-core/2.14/user_guide/playbooks_reuse_includes.html for details.[0m
[0;35m This feature will be removed in version 2.16. Deprecation warnings can be disabled by setting deprecation_warnings=False in ansible.cfg.[0m

PLAY [all] **********************************************************************************************************************************************************************************

TASK [Gathering Facts] **********************************************************************************************************************************************************************
[0;32mok: [ecbx-apmpcl][0m

TASK [cis_security : include] ***************************************************************************************************************************************************************
[0;35m[DEPRECATION WARNING]: "include" is deprecated, use include_tasks/import_tasks/import_playbook instead. This feature will be removed in version 2.16. Deprecation warnings can be disabled [0m
[0;35mby setting deprecation_warnings=False in ansible.cfg.[0m
[0;36mincluded: /home/gfk.com/ivan.stamov.adm/cis-hardening/roles/cis_security/tasks/CIS-Ubuntu-20.yml for ecbx-apmpcl[0m

TASK [cis_security : include] ***************************************************************************************************************************************************************
[0;36mincluded: /home/gfk.com/ivan.stamov.adm/cis-hardening/roles/cis_security/tasks/type-files/ubuntu-20-type.yml for ecbx-apmpcl[0m

TASK [cis_security : 1.1.1.1 Ensure mounting of cramfs filesystems is disabled] *************************************************************************************************************
[0;31m--- before: /etc/modprobe.d/CIS.conf (content)[0m
[0;31m[0m[0;32m+++ after: /etc/modprobe.d/CIS.conf (content)[0m
[0;32m[0m[0;36m@@ -0,0 +1 @@[0m
[0;36m[0m[0;32m+install cramfs /bin/true[0m
[0;32m[0m
[0;31m--- before: /etc/modprobe.d/CIS.conf (file attributes)[0m
[0;31m[0m[0;32m+++ after: /etc/modprobe.d/CIS.conf (file attributes)[0m
[0;32m[0m[0;36m@@ -1,3 +1,3 @@[0m
[0;36m[0m {
[0;31m-    "mode": "0640"[0m
[0;31m[0m[0;32m+    "mode": "0644"[0m
[0;32m[0m }

[0;33mchanged: [ecbx-apmpcl][0m

TASK [cis_security : 1.1.1.1 Ensure mounting of cramfs filesystems is disabled | modprobe] **************************************************************************************************
[0;32mok: [ecbx-apmpcl][0m

TASK [cis_security : 1.1.1.2 Ensure mounting of freevxfs filesystems is disabled] ***********************************************************************************************************
[0;31m--- before: /etc/modprobe.d/CIS.conf (content)[0m
[0;31m[0m[0;32m+++ after: /etc/modprobe.d/CIS.conf (content)[0m
[0;32m[0m[0;36m@@ -1 +1,2 @@[0m
[0;36m[0m install cramfs /bin/true
[0;32m+install freevxfs /bin/true[0m
[0;32m[0m
[0;33mchanged: [ecbx-apmpcl][0m

TASK [cis_security : 1.1.1.2 Ensure mounting of freevxfs filesystems is disabled | modprobe] ************************************************************************************************
[0;32mok: [ecbx-apmpcl][0m

TASK [cis_security : 1.1.1.3 Ensure mounting of jffs2 filesystems is disabled] **************************************************************************************************************
[0;31m--- before: /etc/modprobe.d/CIS.conf (content)[0m
[0;31m[0m[0;32m+++ after: /etc/modprobe.d/CIS.conf (content)[0m
[0;32m[0m[0;36m@@ -1,2 +1,3 @@[0m
[0;36m[0m install cramfs /bin/true
 install freevxfs /bin/true
[0;32m+install jffs2 /bin/true[0m
[0;32m[0m
[0;33mchanged: [ecbx-apmpcl][0m

TASK [cis_security : 1.1.1.3 Ensure mounting of jffs2 filesystems is disabled] **************************************************************************************************************
[0;32mok: [ecbx-apmpcl][0m

TASK [cis_security : 1.1.1.4 Ensure mounting of hfs filesystems is disabled] ****************************************************************************************************************
[0;31m--- before: /etc/modprobe.d/CIS.conf (content)[0m
[0;31m[0m[0;32m+++ after: /etc/modprobe.d/CIS.conf (content)[0m
[0;32m[0m[0;36m@@ -1,3 +1,4 @@[0m
[0;36m[0m install cramfs /bin/true
 install freevxfs /bin/true
 install jffs2 /bin/true
[0;32m+install hfs /bin/true[0m
[0;32m[0m
[0;33mchanged: [ecbx-apmpcl][0m

TASK [cis_security : 1.1.1.4 Ensure mounting of hfs filesystems is disabled | modprobe] *****************************************************************************************************
[0;32mok: [ecbx-apmpcl][0m

TASK [cis_security : 1.1.1.5 Ensure mounting of hfsplus filesystems is disabled] ************************************************************************************************************
[0;31m--- before: /etc/modprobe.d/CIS.conf (content)[0m
[0;31m[0m[0;32m+++ after: /etc/modprobe.d/CIS.conf (content)[0m
[0;32m[0m[0;36m@@ -2,3 +2,4 @@[0m
[0;36m[0m install freevxfs /bin/true
 install jffs2 /bin/true
 install hfs /bin/true
[0;32m+install hfsplus /bin/true[0m
[0;32m[0m
[0;33mchanged: [ecbx-apmpcl][0m

TASK [cis_security : 1.1.1.5 Ensure mounting of hfsplus filesystems is disabled | modprobe] *************************************************************************************************
[0;32mok: [ecbx-apmpcl][0m

TASK [cis_security : 1.1.1.7 Ensure mounting of udf filesystems is disabled] ****************************************************************************************************************
[0;31m--- before: /etc/modprobe.d/CIS.conf (content)[0m
[0;31m[0m[0;32m+++ after: /etc/modprobe.d/CIS.conf (content)[0m
[0;32m[0m[0;36m@@ -3,3 +3,4 @@[0m
[0;36m[0m install jffs2 /bin/true
 install hfs /bin/true
 install hfsplus /bin/true
[0;32m+install udf /bin/true[0m
[0;32m[0m
[0;33mchanged: [ecbx-apmpcl][0m

TASK [cis_security : 1.1.1.7 Ensure mounting of udf filesystems is disabled | modprobe] *****************************************************************************************************
[0;32mok: [ecbx-apmpcl][0m

TASK [cis_security : 1.1.2 Ensure /tmp is configured] ***************************************************************************************************************************************
[0;32mok: [ecbx-apmpcl][0m

TASK [cis_security : 1.1.2 Ensure /tmp is configured | edit file] ***************************************************************************************************************************
[0;32mok: [ecbx-apmpcl][0m

TASK [cis_security : 1.1.2 Ensure /tmp is configured | reload demon] ************************************************************************************************************************
[0;32mok: [ecbx-apmpcl][0m

TASK [cis_security : 1.1.2 Ensure /tmp is configured | enable and start tmp.mount] **********************************************************************************************************
[0;32mok: [ecbx-apmpcl][0m

TASK [cis_security : Get file system] *******************************************************************************************************************************************************
[0;32mok: [ecbx-apmpcl][0m

TASK [cis_security : debug] *****************************************************************************************************************************************************************
[0;32mok: [ecbx-apmpcl] => {[0m
[0;32m    "filesystem.stdout": "ext4"[0m
[0;32m}[0m

TASK [cis_security : Check /tmp config] *****************************************************************************************************************************************************
[0;32mok: [ecbx-apmpcl][0m

TASK [cis_security : Remount /tmp] **********************************************************************************************************************************************************
[0;36mskipping: [ecbx-apmpcl][0m

TASK [cis_security : 1.1.6 Ensure /dev/shm is configured
 1.1.7 Ensure nodev option set on /dev/shm partition
 1.1.8 Ensure nosuid option set on /dev/shm partition
 1.1.9 Ensure noexec option set on /dev/shm partition] ***
[0;33mchanged: [ecbx-apmpcl][0m

TASK [cis_security : 1.1.12 Ensure nodev option set on /var/tmp partitions] *****************************************************************************************************************
[0;32mok: [ecbx-apmpcl][0m

TASK [cis_security : /var/tmp partitions] ***************************************************************************************************************************************************
[0;32mok: [ecbx-apmpcl] => {[0m
[0;32m    "msg": {[0m
[0;32m        "changed": false,[0m
[0;32m        "cmd": "mount | grep \"on /var\" && true || true\n",[0m
[0;32m        "delta": "0:00:00.009044",[0m
[0;32m        "end": "2023-06-02 15:33:17.241758",[0m
[0;32m        "failed": false,[0m
[0;32m        "msg": "",[0m
[0;32m        "rc": 0,[0m
[0;32m        "start": "2023-06-02 15:33:17.232714",[0m
[0;32m        "stderr": "",[0m
[0;32m        "stderr_lines": [],[0m
[0;32m        "stdout": "/dev/mapper/system-var on /var type ext4 (rw,nosuid,nodev,relatime)\n/dev/mapper/system-log on /var/log type ext4 (rw,nodev,relatime)\n/dev/mapper/system-audit on /var/log/audit type ext4 (rw,nodev,relatime)",[0m
[0;32m        "stdout_lines": [[0m
[0;32m            "/dev/mapper/system-var on /var type ext4 (rw,nosuid,nodev,relatime)",[0m
[0;32m            "/dev/mapper/system-log on /var/log type ext4 (rw,nodev,relatime)",[0m
[0;32m            "/dev/mapper/system-audit on /var/log/audit type ext4 (rw,nodev,relatime)"[0m
[0;32m        ][0m
[0;32m    }[0m
[0;32m}[0m

TASK [cis_security : 1.1.18 Ensure nodev option set on /home partition] *********************************************************************************************************************
[0;32mok: [ecbx-apmpcl] => {[0m
[0;32m    "msg": "For new installations, during installation create a custom partition setup and specify a separate partition"[0m
[0;32m}[0m

TASK [cis_security : 1.1.22 Ensure sticky bit is set on all world-writable directories | get info] ******************************************************************************************
[0;32mok: [ecbx-apmpcl][0m

TASK [cis_security : 1.1.22 Ensure sticky bit is set on all world-writable directories | fix] ***********************************************************************************************
[0;33mchanged: [ecbx-apmpcl][0m

TASK [cis_security : 1.1.23 Disable Automounting | service disable] *************************************************************************************************************************
[0;32mok: [ecbx-apmpcl][0m

TASK [cis_security : 1.1.23 Disable Automounting | package remove] **************************************************************************************************************************
[0;32mok: [ecbx-apmpcl][0m

TASK [cis_security : 1.1.24 Disable USB Storage | modprobe] *********************************************************************************************************************************
[0;31m--- before: /etc/modprobe.d/CIS.conf (content)[0m
[0;31m[0m[0;32m+++ after: /etc/modprobe.d/CIS.conf (content)[0m
[0;32m[0m[0;36m@@ -4,3 +4,4 @@[0m
[0;36m[0m install hfs /bin/true
 install hfsplus /bin/true
 install udf /bin/true
[0;32m+install usb-storage /bin/true[0m
[0;32m[0m
[0;33mchanged: [ecbx-apmpcl][0m

TASK [cis_security : 1.1.24 Disable USB Storage] ********************************************************************************************************************************************
[0;32mok: [ecbx-apmpcl][0m

TASK [cis_security : 1.3.1 Ensure AIDE is installed] ****************************************************************************************************************************************
The following packages were automatically installed and are no longer required:
  libboost-iostreams1.71.0 python3-cached-property python3-docker
  python3-dockerpty python3-docopt python3-texttable python3-websocket
Use 'apt autoremove' to remove them.
The following additional packages will be installed:
  bsd-mailx liblockfile-bin liblockfile1 postfix ssl-cert
Suggested packages:
  figlet procmail postfix-mysql postfix-pgsql postfix-ldap postfix-pcre
  postfix-lmdb postfix-sqlite sasl2-bin | dovecot-common resolvconf
  postfix-cdb postfix-doc openssl-blacklist
The following NEW packages will be installed:
  aide aide-common bsd-mailx liblockfile-bin liblockfile1 postfix ssl-cert
0 upgraded, 7 newly installed, 0 to remove and 80 not upgraded.
[0;33mchanged: [ecbx-apmpcl][0m

TASK [cis_security : 1.4.1 Ensure permissions on bootloader config are not overridden - step 1 - update chmod 444 to chmod 400 in /usr/sbin/grubmkconfig] ***********************************
[0;32mok: [ecbx-apmpcl][0m

TASK [cis_security : 1.4.1 Ensure permissions on bootloader config are not overridden - step 2 -  check on password not being set before running chmod command] *****************************
[0;32mok: [ecbx-apmpcl][0m

TASK [cis_security : 1.4.3 Ensure permissions on bootloader config are configured] **********************************************************************************************************
[0;31m--- before[0m
[0;31m[0m[0;32m+++ after[0m
[0;32m[0m[0;36m@@ -1,4 +1,4 @@[0m
[0;36m[0m {
[0;31m-    "mode": "0444",[0m
[0;31m[0m[0;32m+    "mode": "0400",[0m
[0;32m[0m     "path": "/boot/grub/grub.cfg"
 }

[0;33mchanged: [ecbx-apmpcl][0m

TASK [cis_security : 1.5.2 Ensure address space layout randomization (ASLR) is enabled] *****************************************************************************************************
[0;33mchanged: [ecbx-apmpcl][0m

TASK [cis_security : 1.5.3 Ensure prelink is not installed] *********************************************************************************************************************************
[0;31mfatal: [ecbx-apmpcl]: FAILED! => {"changed": false, "cmd": "prelink -ua", "msg": "[Errno 2] No such file or directory: b'prelink'", "rc": 2, "stderr": "", "stderr_lines": [], "stdout": "", "stdout_lines": []}[0m
[0;36m...ignoring[0m

TASK [cis_security : 1.5.3 Ensure prelink is not installed] *********************************************************************************************************************************
[0;32mok: [ecbx-apmpcl][0m

TASK [cis_security : 1.5.4 Ensure core dumps are restricted | sysctl] ***********************************************************************************************************************
[0;33mchanged: [ecbx-apmpcl][0m

TASK [cis_security : 1.5.4 Ensure core dumps are restricted | limits.conf] ******************************************************************************************************************
[0;31m--- before: /etc/security/limits.conf (content)[0m
[0;31m[0m[0;32m+++ after: /etc/security/limits.conf (content)[0m
[0;32m[0m[0;36m@@ -53,4 +53,5 @@[0m
[0;36m[0m #ftp             -       chroot          /ftp
 #@student        -       maxlogins       4
 
[0;32m+*                hard    core            0[0m
[0;32m[0m # End of file

[0;33mchanged: [ecbx-apmpcl][0m

TASK [cis_security : 1.5.4 Ensure core dumps are restricted | apt] **************************************************************************************************************************
The following packages were automatically installed and are no longer required:
  apport-symptoms libboost-iostreams1.71.0 python3-apport
  python3-cached-property python3-docker python3-dockerpty python3-docopt
  python3-problem-report python3-systemd python3-texttable python3-websocket
Use 'apt autoremove' to remove them.
The following additional packages will be installed:
  libnss-systemd libpam-systemd libsystemd0 python3-apport systemd
  systemd-sysv
Suggested packages:
  systemd-container
Recommended packages:
  apport
The following packages will be REMOVED:
  apport
The following NEW packages will be installed:
  systemd-coredump
The following packages will be upgraded:
  libnss-systemd libpam-systemd libsystemd0 python3-apport systemd
  systemd-sysv
6 upgraded, 1 newly installed, 1 to remove and 73 not upgraded.
[0;33mchanged: [ecbx-apmpcl][0m

TASK [cis_security : 1.5.4 Ensure core dumps are restricted | coredump.conf] ****************************************************************************************************************
[0;31m--- before: /etc/systemd/coredump.conf (content)[0m
[0;31m[0m[0;32m+++ after: /etc/systemd/coredump.conf (content)[0m
[0;32m[0m[0;36m@@ -12,7 +12,7 @@[0m
[0;36m[0m # See coredump.conf(5) for details.
 
 [Coredump]
[0;31m-#Storage=external[0m
[0;31m[0m[0;32m+Storage=none[0m
[0;32m[0m #Compress=yes
 #ProcessSizeMax=2G
 #ExternalSizeMax=2G

[0;33mchanged: [ecbx-apmpcl][0m

TASK [cis_security : 1.5.4 Ensure core dumps are restricted | coredump.conf] ****************************************************************************************************************
[0;31m--- before: /etc/systemd/coredump.conf (content)[0m
[0;31m[0m[0;32m+++ after: /etc/systemd/coredump.conf (content)[0m
[0;32m[0m[0;36m@@ -14,7 +14,7 @@[0m
[0;36m[0m [Coredump]
 Storage=none
 #Compress=yes
[0;31m-#ProcessSizeMax=2G[0m
[0;31m[0m[0;32m+ProcessSizeMax=0[0m
[0;32m[0m #ExternalSizeMax=2G
 #JournalSizeMax=767M
 #MaxUse=

[0;33mchanged: [ecbx-apmpcl][0m

TASK [cis_security : 1.5.4 Ensure core dumps are restricted | reload] ***********************************************************************************************************************
^[[C^[[D[0;32mok: [ecbx-apmpcl][0m

TASK [cis_security : 1.6.1.1 Ensure AppArmor is installed] **********************************************************************************************************************************
[0;32mok: [ecbx-apmpcl][0m

TASK [cis_security : 1.6.1.3 Ensure all AppArmor Profiles are in enforce or complain mode
 1.6.1.4 Ensure all AppArmor Profiles are enforcing] ***********************************************
[0;32mok: [ecbx-apmpcl][0m

TASK [cis_security : 1.7.1 Ensure message of the day is configured properly
 1.7.4 Ensure permissions on /etc/motd are configured] ***********************************************************
[0;31m--- before[0m
[0;31m[0m[0;32m+++ after: /root/.ansible/tmp/ansible-local-759442352387mf/tmplcvzz7vd/motd.j2[0m
[0;32m[0m[0;36m@@ -0,0 +1,6 @@[0m
[0;36m[0m[0;32m+-----------------------------------------------------------------------------[0m
[0;32m[0m[0;32m+WARNING: This is a private system.  Do not attempt to login unless you are an[0m
[0;32m[0m[0;32m+authorized user.  Any authorized or unauthorized access and use may be moni-[0m
[0;32m[0m[0;32m+tored and can result in criminal or civil prosecution under applicable law.[0m
[0;32m[0m[0;32m+-----------------------------------------------------------------------------[0m
[0;32m[0m[0;32m+[0m
[0;32m[0m
[0;33mchanged: [ecbx-apmpcl][0m

TASK [cis_security : 1.7.1 Ensure message of the day is configured properly
 1.7.4 Ensure permissions on /etc/motd are configured  | Show templates used] ************************************
[0;32mok: [ecbx-apmpcl] => {[0m
[0;32m    "msg": "custom file not found, using default"[0m
[0;32m}[0m

TASK [cis_security : 1.7.2 Ensure local login warning banner is configured properly
 1.7.5 Ensure permissions on /etc/issue are configured] **************************************************
[0;31m--- before: /etc/issue[0m
[0;31m[0m[0;32m+++ after: /root/.ansible/tmp/ansible-local-759442352387mf/tmpyv574d4j/issue.j2[0m
[0;32m[0m[0;36m@@ -1,2 +1,5 @@[0m
[0;36m[0m[0;31m-Ubuntu 20.04.4 LTS \n \l[0m
[0;31m[0m[0;31m-[0m
[0;31m[0m[0;32m+-----------------------------------------------------------------------------[0m
[0;32m[0m[0;32m+WARNING: This is a private system.  Do not attempt to login unless you are an[0m
[0;32m[0m[0;32m+authorized user.  Any authorized or unauthorized access and use may be moni-[0m
[0;32m[0m[0;32m+tored and can result in criminal or civil prosecution under applicable law.[0m
[0;32m[0m[0;32m+-----------------------------------------------------------------------------[0m
[0;32m[0m
[0;33mchanged: [ecbx-apmpcl][0m

TASK [cis_security : 1.7.2 Ensure local login warning banner is configured properly
 1.7.5 Ensure permissions on /etc/issue are configured  | Show templates used] ***************************
[0;32mok: [ecbx-apmpcl] => {[0m
[0;32m    "msg": "custom file not found, using default"[0m
[0;32m}[0m

TASK [cis_security : 1.7.3 Ensure local remote warning banner is configured properly
 1.7.6 Ensure permissions on /etc/issue.net are configured] *********************************************
[0;31m--- before: /etc/issue.net[0m
[0;31m[0m[0;32m+++ after: /root/.ansible/tmp/ansible-local-759442352387mf/tmpankto22g/issue.net.j2[0m
[0;32m[0m[0;36m@@ -1 +1,5 @@[0m
[0;36m[0m[0;31m-Ubuntu 20.04.4 LTS[0m
[0;31m[0m[0;32m+-----------------------------------------------------------------------------[0m
[0;32m[0m[0;32m+WARNING: This is a private system.  Do not attempt to login unless you are an[0m
[0;32m[0m[0;32m+authorized user.  Any authorized or unauthorized access and use may be moni-[0m
[0;32m[0m[0;32m+tored and can result in criminal or civil prosecution under applicable law.[0m
[0;32m[0m[0;32m+-----------------------------------------------------------------------------[0m
[0;32m[0m
[0;33mchanged: [ecbx-apmpcl][0m

TASK [cis_security : 1.7.3 Ensure remote login warning banner is configured properly
 1.7.6 Ensure permissions on /etc/issue.net are configured  | Show templates used] **********************
[0;32mok: [ecbx-apmpcl] => {[0m
[0;32m    "msg": "custom file not found, using default"[0m
[0;32m}[0m

TASK [cis_security : 2.1.1.1 Ensure time synchronization is in use - service install] *******************************************************************************************************
[0;32mok: [ecbx-apmpcl][0m

TASK [cis_security : 2.1.1.1 Ensure time synchronization is in use - service start] *********************************************************************************************************
[0;32mok: [ecbx-apmpcl][0m

TASK [cis_security : 2.1.1.2 Remove NTP] ****************************************************************************************************************************************************
[0;32mok: [ecbx-apmpcl][0m

TASK [cis_security : 2.1.1.2 Ensure systemd-timesyncd is configured | install systemd-timesyncd] ********************************************************************************************
The following packages were automatically installed and are no longer required:
  apport-symptoms libboost-iostreams1.71.0 python3-apport
  python3-cached-property python3-docker python3-dockerpty python3-docopt
  python3-problem-report python3-systemd python3-texttable python3-websocket
Use 'apt autoremove' to remove them.
The following packages will be REMOVED:
  chrony
The following NEW packages will be installed:
  systemd-timesyncd
0 upgraded, 1 newly installed, 1 to remove and 73 not upgraded.
[0;33mchanged: [ecbx-apmpcl][0m

TASK [cis_security : 2.1.1.2 Ensure systemd-timesyncd is configured | set timezone] *********************************************************************************************************
[0;32mok: [ecbx-apmpcl][0m

TASK [cis_security : 2.1.1.2 Ensure systemd-timesyncd is configured | Configure systemd-timesyncd] ******************************************************************************************
^[[A^[[B[0;31m--- before: /etc/systemd/timesyncd.conf[0m
[0;31m[0m[0;32m+++ after: /root/.ansible/tmp/ansible-local-759442352387mf/tmp4l2hqlhf/timesyncd.conf.j2[0m
[0;32m[0m[0;36m@@ -1,19 +1,4 @@[0m
[0;36m[0m[0;31m-#  This file is part of systemd.[0m
[0;31m[0m[0;31m-#[0m
[0;31m[0m[0;31m-#  systemd is free software; you can redistribute it and/or modify it[0m
[0;31m[0m[0;31m-#  under the terms of the GNU Lesser General Public License as published by[0m
[0;31m[0m[0;31m-#  the Free Software Foundation; either version 2.1 of the License, or[0m
[0;31m[0m[0;31m-#  (at your option) any later version.[0m
[0;31m[0m[0;31m-#[0m
[0;31m[0m[0;31m-# Entries in this file show the compile time defaults.[0m
[0;31m[0m[0;31m-# You can change settings by editing this file.[0m
[0;31m[0m[0;31m-# Defaults can be restored by simply deleting this file.[0m
[0;31m[0m[0;31m-#[0m
[0;31m[0m[0;31m-# See timesyncd.conf(5) for details.[0m
[0;31m[0m[0;31m-[0m
[0;31m[0m[0;32m+# Ansible managed[0m
[0;32m[0m [Time]
[0;31m-NTP=uxtime1.gfk.de uxtime2.gfk.de[0m
[0;31m[0m[0;31m-#FallbackNTP=ntp.ubuntu.com[0m
[0;31m[0m[0;31m-#RootDistanceMaxSec=5[0m
[0;31m[0m[0;31m-#PollIntervalMinSec=32[0m
[0;31m[0m[0;31m-#PollIntervalMaxSec=2048[0m
[0;31m[0m[0;32m+NTP=[0m
[0;32m[0m[0;32m+FallbackNTP=uxtime1.gfk.de uxtime2.gfk.de[0m
[0;32m[0m
[0;33mchanged: [ecbx-apmpcl][0m

TASK [cis_security : 2.1.1.2 Ensure systemd-timesyncd is configured | Start and enable systemd-timesyncd] ***********************************************************************************
[0;32mok: [ecbx-apmpcl][0m

TASK [cis_security : 2.1.1.3 Remove NTP] ****************************************************************************************************************************************************
[0;32mok: [ecbx-apmpcl][0m

TASK [cis_security : 2.1.1.3 Ensure chrony is configured | Install Chrony] ******************************************************************************************************************
The following packages were automatically installed and are no longer required:
  apport-symptoms libboost-iostreams1.71.0 python3-apport
  python3-cached-property python3-docker python3-dockerpty python3-docopt
  python3-problem-report python3-systemd python3-texttable python3-websocket
Use 'apt autoremove' to remove them.
The following packages will be REMOVED:
  systemd-timesyncd
The following NEW packages will be installed:
  chrony
0 upgraded, 1 newly installed, 1 to remove and 73 not upgraded.
[0;33mchanged: [ecbx-apmpcl][0m

TASK [cis_security : 2.1.1.3 Ensure chrony is configured | Start Chrony service] ************************************************************************************************************
[0;32mok: [ecbx-apmpcl][0m

TASK [cis_security : 2.1.1.3 Ensure chrony is configured | Generate configuration] **********************************************************************************************************
[0;31m--- before: /etc/chrony/chrony.conf[0m
[0;31m[0m[0;32m+++ after: /root/.ansible/tmp/ansible-local-759442352387mf/tmpr40unmo1/chrony.conf.j2[0m
[0;32m[0m[0;36m@@ -40,4 +40,4 @@[0m
[0;36m[0m 
 # Step the system clock instead of slewing it if the adjustment is larger than
 # one second, but only in the first three clock updates.
[0;31m-makestep 1.0 3[0m
[0;31m[0m[0;32m+makestep 1 3[0m
[0;32m[0m
[0;33mchanged: [ecbx-apmpcl][0m

TASK [cis_security : 2.1.1.3 Ensure chrony is configured | Restart Chrony service] **********************************************************************************************************
[0;33mchanged: [ecbx-apmpcl][0m

TASK [cis_security : 2.1.2 Ensure X Window System is not installed] *************************************************************************************************************************
[0;32mok: [ecbx-apmpcl][0m

TASK [cis_security : 2.1.3 Ensure Avahi Server is not installed] ****************************************************************************************************************************
[0;32mok: [ecbx-apmpcl][0m

TASK [cis_security : 2.1.4 Ensure CUPS is not installed] ************************************************************************************************************************************
[0;32mok: [ecbx-apmpcl][0m

TASK [cis_security : 2.1.5 Ensure DHCP Server is not installed] *****************************************************************************************************************************
[0;32mok: [ecbx-apmpcl][0m

TASK [cis_security : 2.1.6 Ensure LDAP server is not installed] *****************************************************************************************************************************
[0;32mok: [ecbx-apmpcl][0m

TASK [cis_security : 2.1.7 Ensure NFS is not installed] *************************************************************************************************************************************
[0;36mskipping: [ecbx-apmpcl][0m

TASK [cis_security : 2.1.8 Ensure DNS Server is not installed] ******************************************************************************************************************************
[0;32mok: [ecbx-apmpcl][0m

TASK [cis_security : 2.1.9 Ensure FTP Server is not installed] ******************************************************************************************************************************
[0;32mok: [ecbx-apmpcl][0m

TASK [cis_security : 2.1.10 Ensure HTTP server is not installed] ****************************************************************************************************************************
[0;36mskipping: [ecbx-apmpcl][0m

TASK [cis_security : 2.1.11 Ensure IMAP and POP3 server are not installed] ******************************************************************************************************************
[0;32mok: [ecbx-apmpcl][0m

TASK [cis_security : 2.1.12 Check is Samba is operational] **********************************************************************************************************************************
[0;32mok: [ecbx-apmpcl][0m

TASK [cis_security : 2.1.12 Check for log files] ********************************************************************************************************************************************
[0;32mok: [ecbx-apmpcl][0m

TASK [cis_security : 2.1.12 Cheking for Samba logs] *****************************************************************************************************************************************
[0;32mok: [ecbx-apmpcl] => {[0m
[0;32m    "smbd_logs.matched": "0"[0m
[0;32m}[0m

TASK [cis_security : 2.1.12 Cheking for Samba service] **************************************************************************************************************************************
[0;32mok: [ecbx-apmpcl] => {[0m
[0;32m    "smbd_service.status.ActiveState": "inactive"[0m
[0;32m}[0m

TASK [cis_security : 2.1.12 Ensure Samba is not installed] **********************************************************************************************************************************
[0;32mok: [ecbx-apmpcl][0m

TASK [cis_security : 2.1.13 Ensure HTTP Proxy Server is not installed] **********************************************************************************************************************
[0;32mok: [ecbx-apmpcl][0m

TASK [cis_security : 2.1.14 Ensure SNMP Server is not installed] ****************************************************************************************************************************
[0;32mok: [ecbx-apmpcl][0m

TASK [cis_security : 2.1.15 Ensure mail transfer agent is configured for local-only mode] ***************************************************************************************************
[0;32mok: [ecbx-apmpcl][0m

TASK [cis_security : 2.1.15 Ensure mail transfer agent is configured for local-only mode] ***************************************************************************************************
[0;31m--- before: /etc/postfix/main.cf (content)[0m
[0;31m[0m[0;32m+++ after: /etc/postfix/main.cf (content)[0m
[0;32m[0m[0;36m@@ -43,5 +43,5 @@[0m
[0;36m[0m mynetworks = 127.0.0.0/8 [::ffff:127.0.0.0]/104 [::1]/128
 mailbox_size_limit = 0
 recipient_delimiter = +
[0;31m-inet_interfaces = all[0m
[0;31m[0m[0;32m+inet_interfaces = 127.0.0.1[0m
[0;32m[0m inet_protocols = ipv4

[0;33mchanged: [ecbx-apmpcl][0m

TASK [cis_security : 2.1.15 Restart Mail transfer agent] ************************************************************************************************************************************
[0;33mchanged: [ecbx-apmpcl][0m

TASK [cis_security : 2.1.16 Ensure rsync service is not installed] **************************************************************************************************************************
The following packages were automatically installed and are no longer required:
  apport-symptoms libboost-iostreams1.71.0 python3-apport
  python3-cached-property python3-docker python3-dockerpty python3-docopt
  python3-problem-report python3-systemd python3-texttable python3-websocket
Use 'apt autoremove' to remove them.
The following packages will be REMOVED:
  rsync* ubuntu-standard*
0 upgraded, 0 newly installed, 2 to remove and 72 not upgraded.
[0;33mchanged: [ecbx-apmpcl][0m

TASK [cis_security : 2.1.17 Ensure NIS Server is not installed] *****************************************************************************************************************************
[0;32mok: [ecbx-apmpcl][0m

TASK [cis_security : 2.2.1 Ensure NIS Client is not installed] ******************************************************************************************************************************
[0;32mok: [ecbx-apmpcl][0m

TASK [cis_security : 2.2.2 Ensure rsh client is not installed] ******************************************************************************************************************************
[0;32mok: [ecbx-apmpcl][0m

TASK [cis_security : 2.2.3 Ensure talk client is not installed] *****************************************************************************************************************************
[0;32mok: [ecbx-apmpcl][0m

TASK [cis_security : 2.2.4 Ensure telnet client is not installed] ***************************************************************************************************************************
The following packages were automatically installed and are no longer required:
  apport-symptoms libboost-iostreams1.71.0 python3-apport
  python3-cached-property python3-docker python3-dockerpty python3-docopt
  python3-problem-report python3-systemd python3-texttable python3-websocket
Use 'apt autoremove' to remove them.
The following packages will be REMOVED:
  telnet*
0 upgraded, 0 newly installed, 1 to remove and 72 not upgraded.
[0;33mchanged: [ecbx-apmpcl][0m

TASK [cis_security : 2.2.5 Ensure LDAP client is not installed] *****************************************************************************************************************************
[0;32mok: [ecbx-apmpcl][0m

TASK [cis_security : verify no wireless interfaces are active on the system] ****************************************************************************************************************
[0;32mok: [ecbx-apmpcl][0m

TASK [cis_security : 3.1.2 Ensure wireless interfaces are disabled] *************************************************************************************************************************
[0;36mskipping: [ecbx-apmpcl][0m

TASK [cis_security : 3.2.1 Ensure packet redirect sending is disabled | set] ****************************************************************************************************************
[0;33mchanged: [ecbx-apmpcl] => (item={'name': 'net.ipv4.conf.all.send_redirects', 'value': 0})[0m
[0;33mchanged: [ecbx-apmpcl] => (item={'name': 'net.ipv4.conf.default.send_redirects', 'value': 0})[0m

TASK [cis_security : 3.2.1 Ensure packet redirect sending is disabled | load] ***************************************************************************************************************
[0;32mok: [ecbx-apmpcl][0m

TASK [cis_security : 3.2.2 Ensure IP forwarding is disabled | ipv4"] ************************************************************************************************************************
[0;33mchanged: [ecbx-apmpcl][0m

TASK [cis_security : 3.2.2 Ensure IP forwarding is disabled | ipv6"] ************************************************************************************************************************
[0;36mskipping: [ecbx-apmpcl][0m

TASK [cis_security : 3.2.2 Ensure IP forwarding is disabled | IPV4 load"] *******************************************************************************************************************
[0;32mok: [ecbx-apmpcl][0m

TASK [cis_security : 3.2.2 Ensure IP forwarding is disabled | IPV6 load"] *******************************************************************************************************************
[0;36mskipping: [ecbx-apmpcl][0m

TASK [cis_security : 3.3.1 Ensure source routed packets are not accepted | ipv4"] ***********************************************************************************************************
[0;33mchanged: [ecbx-apmpcl] => (item={'name': 'net.ipv4.conf.all.accept_source_route', 'value': 0})[0m
[0;33mchanged: [ecbx-apmpcl] => (item={'name': 'net.ipv4.conf.default.accept_source_route', 'value': 0})[0m

TASK [cis_security : 3.3.1 Ensure source routed packets are not accepted | ipv4 load"] ******************************************************************************************************
[0;32mok: [ecbx-apmpcl][0m

TASK [cis_security : 3.3.1 Ensure source routed packets are not accepted | ipv6"] ***********************************************************************************************************
[0;36mskipping: [ecbx-apmpcl] => (item={'name': 'net.ipv6.conf.all.accept_source_route', 'value': 0}) [0m
[0;36mskipping: [ecbx-apmpcl] => (item={'name': 'net.ipv6.conf.default.accept_source_route', 'value': 0}) [0m
[0;36mskipping: [ecbx-apmpcl][0m

TASK [cis_security : 3.3.1 Ensure source routed packets are not accepted | ipv6 load"] ******************************************************************************************************
[0;36mskipping: [ecbx-apmpcl][0m

TASK [cis_security : 3.3.2 Ensure ICMP redirects are not accepted | ipv4"] ******************************************************************************************************************
[0;32mok: [ecbx-apmpcl] => (item={'name': 'net.ipv4.conf.all.accept_redirects', 'value': 0})[0m
[0;32mok: [ecbx-apmpcl] => (item={'name': 'net.ipv4.conf.default.accept_redirects', 'value': 0})[0m

TASK [cis_security : shell] *****************************************************************************************************************************************************************
[0;32mok: [ecbx-apmpcl][0m

TASK [cis_security : 3.3.2 Ensure ICMP redirects are not accepted | ipv6"] ******************************************************************************************************************
[0;36mskipping: [ecbx-apmpcl] => (item={'name': 'net.ipv6.conf.all.accept_redirects', 'value': 0}) [0m
[0;36mskipping: [ecbx-apmpcl] => (item={'name': 'net.ipv6.conf.default.accept_redirects', 'value': 0}) [0m
[0;36mskipping: [ecbx-apmpcl][0m

TASK [cis_security : shell] *****************************************************************************************************************************************************************
[0;36mskipping: [ecbx-apmpcl][0m

TASK [cis_security : 3.3.3 Ensure secure ICMP redirects are not accepted | save] ************************************************************************************************************
[0;32mok: [ecbx-apmpcl] => (item={'name': 'net.ipv4.conf.all.secure_redirects', 'value': 0})[0m
[0;32mok: [ecbx-apmpcl] => (item={'name': 'net.ipv4.conf.default.secure_redirects', 'value': 0})[0m

TASK [cis_security : 3.3.3 Ensure secure ICMP redirects are not accepted | load] ************************************************************************************************************
[0;32mok: [ecbx-apmpcl][0m

TASK [cis_security : 3.3.4 Ensure suspicious packets are logged | save] *********************************************************************************************************************
[0;33mchanged: [ecbx-apmpcl] => (item={'name': 'net.ipv4.conf.all.log_martians', 'value': 1})[0m
[0;33mchanged: [ecbx-apmpcl] => (item={'name': 'net.ipv4.conf.default.log_martians', 'value': 1})[0m

TASK [cis_security : 3.3.4 Ensure suspicious packets are logged | load] *********************************************************************************************************************
[0;32mok: [ecbx-apmpcl][0m

TASK [cis_security : 3.3.5 Ensure broadcast ICMP requests are ignored | save] ***************************************************************************************************************
[0;33mchanged: [ecbx-apmpcl][0m

TASK [cis_security : 3.3.5 Ensure broadcast ICMP requests are ignored | load] ***************************************************************************************************************
[0;32mok: [ecbx-apmpcl][0m

TASK [cis_security : 3.3.6 Ensure bogus ICMP responses are ignored | save] ******************************************************************************************************************
[0;33mchanged: [ecbx-apmpcl][0m

TASK [cis_security : 3.3.6 Ensure bogus ICMP responses are ignored | load] ******************************************************************************************************************
[0;32mok: [ecbx-apmpcl][0m

TASK [cis_security : 3.3.7 Ensure Reverse Path Filtering is enabled | save] *****************************************************************************************************************
[0;33mchanged: [ecbx-apmpcl] => (item={'name': 'net.ipv4.conf.all.rp_filter', 'value': 1})[0m
[0;33mchanged: [ecbx-apmpcl] => (item={'name': 'net.ipv4.conf.default.rp_filter', 'value': 1})[0m

TASK [cis_security : 3.3.7 Ensure Reverse Path Filtering is enabled | load] *****************************************************************************************************************
[0;32mok: [ecbx-apmpcl][0m

TASK [cis_security : 3.3.8 Ensure TCP SYN Cookies is enabled | save] ************************************************************************************************************************
[0;33mchanged: [ecbx-apmpcl][0m

TASK [cis_security : 3.3.8 Ensure TCP SYN Cookies is enabled | load] ************************************************************************************************************************
[0;32mok: [ecbx-apmpcl][0m

TASK [cis_security : 3.3.9 Ensure IPv6 router advertisements are not accepted | save] *******************************************************************************************************
[0;36mskipping: [ecbx-apmpcl] => (item={'name': 'net.ipv6.conf.all.accept_ra', 'value': 0}) [0m
[0;36mskipping: [ecbx-apmpcl] => (item={'name': 'net.ipv6.conf.default.accept_ra', 'value': 0}) [0m
[0;36mskipping: [ecbx-apmpcl][0m

TASK [cis_security : 3.3.9 Ensure IPv6 router advertisements are not accepted | load] *******************************************************************************************************
[0;36mskipping: [ecbx-apmpcl][0m

TASK [cis_security : 3.5.1.1 Ensure ufw is installed | ufw] *********************************************************************************************************************************
[0;32mok: [ecbx-apmpcl][0m

TASK [cis_security : 3.5.1.2 Ensure iptables-persistent is not installed] *******************************************************************************************************************
[0;32mok: [ecbx-apmpcl][0m

TASK [cis_security : 3.5.3.1.2 Ensure ufw is uninstalled or disabled with nftables] *********************************************************************************************************
[0;32mok: [ecbx-apmpcl][0m

TASK [cis_security : 4.2.1.1 Ensure rsyslog is installed] ***********************************************************************************************************************************
[0;32mok: [ecbx-apmpcl][0m

TASK [cis_security : 4.2.1.2 Ensure rsyslog Service is enabled] *****************************************************************************************************************************
[0;32mok: [ecbx-apmpcl][0m

TASK [cis_security : 4.2.1.4 Ensure rsyslog default file permissions configured] ************************************************************************************************************
[0;32mok: [ecbx-apmpcl][0m

TASK [cis_security : 4.2.1.5 Ensure rsyslog default file permissions configured] ************************************************************************************************************
[0;31m--- before: /etc/rsyslog.conf (content)[0m
[0;31m[0m[0;32m+++ after: /etc/rsyslog.conf (content)[0m
[0;32m[0m[0;36m@@ -57,3 +57,4 @@[0m
[0;36m[0m # Include all config files in /etc/rsyslog.d/
 #
 $IncludeConfig /etc/rsyslog.d/*.conf
[0;32m+ *.* action(type="omfwd" target="192.168.2.100" port="514" protocol="tcp"action.resumeRetryCount="100"queue.type="LinkedList" queue.size="1000")[0m
[0;32m[0m
[0;33mchanged: [ecbx-apmpcl][0m

TASK [cis_security : 4.2.2.1 Ensure journald is configured to send logs to rsyslog] *********************************************************************************************************
[0;31m--- before: /etc/systemd/journald.conf (content)[0m
[0;31m[0m[0;32m+++ after: /etc/systemd/journald.conf (content)[0m
[0;32m[0m[0;36m@@ -29,7 +29,7 @@[0m
[0;36m[0m #RuntimeMaxFiles=100
 #MaxRetentionSec=
 #MaxFileSec=1month
[0;31m-#ForwardToSyslog=yes[0m
[0;31m[0m[0;32m+ForwardToSyslog=yes[0m
[0;32m[0m #ForwardToKMsg=no
 #ForwardToConsole=no
 #ForwardToWall=yes

[0;33mchanged: [ecbx-apmpcl][0m

TASK [cis_security : 4.2.2.2 Ensure journald is configured to compress large log files] *****************************************************************************************************
[0;31m--- before: /etc/systemd/journald.conf (content)[0m
[0;31m[0m[0;32m+++ after: /etc/systemd/journald.conf (content)[0m
[0;32m[0m[0;36m@@ -13,7 +13,7 @@[0m
[0;36m[0m 
 [Journal]
 #Storage=auto
[0;31m-#Compress=yes[0m
[0;31m[0m[0;32m+Compress=yes[0m
[0;32m[0m #Seal=yes
 #SplitMode=uid
 #SyncIntervalSec=5m

[0;33mchanged: [ecbx-apmpcl][0m

TASK [cis_security : 4.2.2.3 Ensure journald is configured to write logfiles to persistent disk] ********************************************************************************************
[0;31m--- before: /etc/systemd/journald.conf (content)[0m
[0;31m[0m[0;32m+++ after: /etc/systemd/journald.conf (content)[0m
[0;32m[0m[0;36m@@ -12,7 +12,7 @@[0m
[0;36m[0m # See journald.conf(5) for details.
 
 [Journal]
[0;31m-#Storage=auto[0m
[0;31m[0m[0;32m+Storage=persistent[0m
[0;32m[0m Compress=yes
 #Seal=yes
 #SplitMode=uid

[0;33mchanged: [ecbx-apmpcl][0m

TASK [cis_security : 5.1.1 Ensure cron daemon is enabled and running] ***********************************************************************************************************************
[0;32mok: [ecbx-apmpcl][0m

TASK [cis_security : 5.1.2 Ensure permissions on /etc/crontab are configured] ***************************************************************************************************************
[0;31m--- before[0m
[0;31m[0m[0;32m+++ after[0m
[0;32m[0m[0;36m@@ -1,4 +1,4 @@[0m
[0;36m[0m {
[0;31m-    "mode": "0644",[0m
[0;31m[0m[0;32m+    "mode": "0600",[0m
[0;32m[0m     "path": "/etc/crontab"
 }

[0;33mchanged: [ecbx-apmpcl][0m

TASK [cis_security : 5.1.3 Ensure permissions on /etc/cron.hourly are configured] ***********************************************************************************************************
[0;31m--- before[0m
[0;31m[0m[0;32m+++ after[0m
[0;32m[0m[0;36m@@ -1,4 +1,4 @@[0m
[0;36m[0m {
[0;31m-    "mode": "0755",[0m
[0;31m[0m[0;32m+    "mode": "0600",[0m
[0;32m[0m     "path": "/etc/cron.hourly"
 }

[0;33mchanged: [ecbx-apmpcl][0m

TASK [cis_security : 5.1.4 Ensure permissions on /etc/cron.daily are configured] ************************************************************************************************************
[0;31m--- before[0m
[0;31m[0m[0;32m+++ after[0m
[0;32m[0m[0;36m@@ -1,4 +1,4 @@[0m
[0;36m[0m {
[0;31m-    "mode": "0755",[0m
[0;31m[0m[0;32m+    "mode": "0600",[0m
[0;32m[0m     "path": "/etc/cron.daily"
 }

[0;33mchanged: [ecbx-apmpcl][0m

TASK [cis_security : 5.1.5 Ensure permissions on /etc/cron.weekly are configured] ***********************************************************************************************************
[0;31m--- before[0m
[0;31m[0m[0;32m+++ after[0m
[0;32m[0m[0;36m@@ -1,4 +1,4 @@[0m
[0;36m[0m {
[0;31m-    "mode": "0755",[0m
[0;31m[0m[0;32m+    "mode": "0600",[0m
[0;32m[0m     "path": "/etc/cron.weekly"
 }

[0;33mchanged: [ecbx-apmpcl][0m

TASK [cis_security : 5.1.6 Ensure permissions on /etc/cron.monthly are configured] **********************************************************************************************************
[0;31m--- before[0m
[0;31m[0m[0;32m+++ after[0m
[0;32m[0m[0;36m@@ -1,4 +1,4 @@[0m
[0;36m[0m {
[0;31m-    "mode": "0755",[0m
[0;31m[0m[0;32m+    "mode": "0600",[0m
[0;32m[0m     "path": "/etc/cron.monthly"
 }

[0;33mchanged: [ecbx-apmpcl][0m

TASK [cis_security : 5.1.7 Ensure permissions on /etc/cron.d are configured] ****************************************************************************************************************
[0;31m--- before[0m
[0;31m[0m[0;32m+++ after[0m
[0;32m[0m[0;36m@@ -1,4 +1,4 @@[0m
[0;36m[0m {
[0;31m-    "mode": "0755",[0m
[0;31m[0m[0;32m+    "mode": "0600",[0m
[0;32m[0m     "path": "/etc/cron.d"
 }

[0;33mchanged: [ecbx-apmpcl][0m

TASK [cis_security : 5.1.8 Ensure cron is restricted to authorized users | /etc/cron.deny] **************************************************************************************************
[0;32mok: [ecbx-apmpcl][0m

TASK [cis_security : stat] ******************************************************************************************************************************************************************
[0;32mok: [ecbx-apmpcl][0m

TASK [cis_security : 5.1.8 Ensure cron is restricted to authorized users | /etc/cron.allow] *************************************************************************************************
[0;31m--- before[0m
[0;31m[0m[0;32m+++ after[0m
[0;32m[0m[0;36m@@ -1,6 +1,6 @@[0m
[0;36m[0m {
[0;31m-    "atime": 1685715488.7171807,[0m
[0;31m[0m[0;31m-    "mtime": 1685715488.7171807,[0m
[0;31m[0m[0;32m+    "atime": 1685715488.7251577,[0m
[0;32m[0m[0;32m+    "mtime": 1685715488.7251577,[0m
[0;32m[0m     "path": "/etc/cron.allow",
[0;31m-    "state": "absent"[0m
[0;31m[0m[0;32m+    "state": "touch"[0m
[0;32m[0m }

[0;33mchanged: [ecbx-apmpcl][0m

TASK [cis_security : 5.1.9 Ensure at is restricted to authorized users | /etc/at.deny] ******************************************************************************************************
[0;31m--- before[0m
[0;31m[0m[0;32m+++ after[0m
[0;32m[0m[0;36m@@ -1,4 +1,4 @@[0m
[0;36m[0m {
     "path": "/etc/at.deny",
[0;31m-    "state": "file"[0m
[0;31m[0m[0;32m+    "state": "absent"[0m
[0;32m[0m }

[0;33mchanged: [ecbx-apmpcl][0m

TASK [cis_security : stat] ******************************************************************************************************************************************************************
[0;32mok: [ecbx-apmpcl][0m

TASK [cis_security : 5.1.9 Ensure at is restricted to authorized users | /etc/at.allow] *****************************************************************************************************
[0;31m--- before[0m
[0;31m[0m[0;32m+++ after[0m
[0;32m[0m[0;36m@@ -1,6 +1,6 @@[0m
[0;36m[0m {
[0;31m-    "atime": 1685715531.605401,[0m
[0;31m[0m[0;31m-    "mtime": 1685715531.605401,[0m
[0;31m[0m[0;32m+    "atime": 1685715531.6126008,[0m
[0;32m[0m[0;32m+    "mtime": 1685715531.6126008,[0m
[0;32m[0m     "path": "/etc/at.allow",
[0;31m-    "state": "absent"[0m
[0;31m[0m[0;32m+    "state": "touch"[0m
[0;32m[0m }

[0;33mchanged: [ecbx-apmpcl][0m

TASK [cis_security : 5.2.1 Ensure sudo is installed] ****************************************************************************************************************************************
[0;32mok: [ecbx-apmpcl][0m

TASK [cis_security : 5.2.2 Ensure sudo commands use pty] ************************************************************************************************************************************
[0;31m--- before: /etc/sudoers (content)[0m
[0;31m[0m[0;32m+++ after: /etc/sudoers (content)[0m
[0;32m[0m[0;36m@@ -29,3 +29,4 @@[0m
[0;36m[0m # See sudoers(5) for more information on "#include" directives:
 
 #includedir /etc/sudoers.d
[0;32m+Defaults use_pty[0m
[0;32m[0m
[0;33mchanged: [ecbx-apmpcl][0m

TASK [cis_security : 5.2.3 Ensure sudo log file exists] *************************************************************************************************************************************
[0;31m--- before: /etc/sudoers (content)[0m
[0;31m[0m[0;32m+++ after: /etc/sudoers (content)[0m
[0;32m[0m[0;36m@@ -30,3 +30,4 @@[0m
[0;36m[0m 
 #includedir /etc/sudoers.d
 Defaults use_pty
[0;32m+Defaults    logfile=/var/log/sudo.log[0m
[0;32m[0m
[0;33mchanged: [ecbx-apmpcl][0m

TASK [cis_security : 5.3.1 Ensure permissions on /etc/ssh/sshd_config are configured] *******************************************************************************************************
[0;31m--- before[0m
[0;31m[0m[0;32m+++ after[0m
[0;32m[0m[0;36m@@ -1,4 +1,4 @@[0m
[0;36m[0m {
[0;31m-    "mode": "0644",[0m
[0;31m[0m[0;32m+    "mode": "0600",[0m
[0;32m[0m     "path": "/etc/ssh/sshd_config"
 }

[0;33mchanged: [ecbx-apmpcl][0m

TASK [cis_security : 5.3.2 Ensure permissions on SSH private host key files are configured | find keys] *************************************************************************************
[0;32mok: [ecbx-apmpcl][0m

TASK [cis_security : 5.3.2 Ensure permissions on SSH private host key files are configured | fix permissions] *******************************************************************************
[1;35m[WARNING]: conditional statements should not include jinja2 templating delimiters such as {{ }} or {% %}. Found: {{ private_keys.stdout_lines|length > 0 }}[0m
[0;32mok: [ecbx-apmpcl] => (item=/etc/ssh/ssh_host_rsa_key)[0m
[0;32mok: [ecbx-apmpcl] => (item=/etc/ssh/ssh_host_ed25519_key)[0m
[0;32mok: [ecbx-apmpcl] => (item=/etc/ssh/ssh_host_ecdsa_key)[0m
[0;32mok: [ecbx-apmpcl] => (item=/etc/ssh/ssh_host_dsa_key)[0m

TASK [cis_security : 5.3.3 Ensure permissions on SSH public host key files are configured | find keys] **************************************************************************************
[0;32mok: [ecbx-apmpcl][0m

TASK [cis_security : 5.3.3 Ensure permissions on SSH public host key files are configured | fix permissions] ********************************************************************************
[1;35m[WARNING]: conditional statements should not include jinja2 templating delimiters such as {{ }} or {% %}. Found: {{ public_keys.stdout_lines|length > 0 }}[0m
[0;32mok: [ecbx-apmpcl] => (item=/etc/ssh/ssh_host_ed25519_key.pub)[0m
[0;32mok: [ecbx-apmpcl] => (item=/etc/ssh/ssh_host_ecdsa_key.pub)[0m
[0;32mok: [ecbx-apmpcl] => (item=/etc/ssh/ssh_host_rsa_key.pub)[0m
[0;32mok: [ecbx-apmpcl] => (item=/etc/ssh/ssh_host_dsa_key.pub)[0m

TASK [cis_security : 5.3.4 Ensure SSH access is limited | allow groups] *********************************************************************************************************************
[0;36mskipping: [ecbx-apmpcl][0m

TASK [cis_security : 5.3.4 Ensure SSH access is limited | denyusers] ************************************************************************************************************************
[0;36mskipping: [ecbx-apmpcl][0m

TASK [cis_security : 5.3.4 Ensure SSH access is limited | denygroups] ***********************************************************************************************************************
[0;31m--- before: /etc/ssh/sshd_config (content)[0m
[0;31m[0m[0;32m+++ after: /etc/ssh/sshd_config (content)[0m
[0;32m[0m[0;36m@@ -122,3 +122,4 @@[0m
[0;36m[0m #	PermitTTY no
 #	ForceCommand cvs server
 PasswordAuthentication no
[0;32m+DenyGroups games[0m
[0;32m[0m
[0;33mchanged: [ecbx-apmpcl][0m

TASK [cis_security : 5.3.5 Ensure SSH LogLevel is appropriate] ******************************************************************************************************************************
[0;31m--- before: /etc/ssh/sshd_config (content)[0m
[0;31m[0m[0;32m+++ after: /etc/ssh/sshd_config (content)[0m
[0;32m[0m[0;36m@@ -123,3 +123,4 @@[0m
[0;36m[0m #	ForceCommand cvs server
 PasswordAuthentication no
 DenyGroups games
[0;32m+LogLevel VERBOSE[0m
[0;32m[0m
[0;33mchanged: [ecbx-apmpcl][0m

TASK [cis_security : 5.3.7 Ensure SSH MaxAuthTries is set to 4 or less] *********************************************************************************************************************
[0;31m--- before: /etc/ssh/sshd_config (content)[0m
[0;31m[0m[0;32m+++ after: /etc/ssh/sshd_config (content)[0m
[0;32m[0m[0;36m@@ -33,7 +33,7 @@[0m
[0;36m[0m #LoginGraceTime 2m
 PermitRootLogin prohibit-password
 #StrictModes yes
[0;31m-#MaxAuthTries 6[0m
[0;31m[0m[0;32m+MaxAuthTries 2[0m
[0;32m[0m #MaxSessions 10
 
 #PubkeyAuthentication yes

[0;33mchanged: [ecbx-apmpcl][0m

TASK [cis_security : 5.3.8 Ensure SSH IgnoreRhosts is enabled] ******************************************************************************************************************************
[0;31m--- before: /etc/ssh/sshd_config (content)[0m
[0;31m[0m[0;32m+++ after: /etc/ssh/sshd_config (content)[0m
[0;32m[0m[0;36m@@ -124,3 +124,4 @@[0m
[0;36m[0m PasswordAuthentication no
 DenyGroups games
 LogLevel VERBOSE
[0;32m+IgnoreRhosts yes[0m
[0;32m[0m
[0;33mchanged: [ecbx-apmpcl][0m

TASK [cis_security : 5.3.9 Ensure SSH HostbasedAuthentication is disabled] ******************************************************************************************************************
[0;31m--- before: /etc/ssh/sshd_config (content)[0m
[0;31m[0m[0;32m+++ after: /etc/ssh/sshd_config (content)[0m
[0;32m[0m[0;36m@@ -125,3 +125,4 @@[0m
[0;36m[0m DenyGroups games
 LogLevel VERBOSE
 IgnoreRhosts yes
[0;32m+HostbasedAuthentication no[0m
[0;32m[0m
[0;33mchanged: [ecbx-apmpcl][0m

TASK [cis_security : 5.3.11 Ensure SSH PermitEmptyPasswords is disabled] ********************************************************************************************************************
[0;31m--- before: /etc/ssh/sshd_config (content)[0m
[0;31m[0m[0;32m+++ after: /etc/ssh/sshd_config (content)[0m
[0;32m[0m[0;36m@@ -126,3 +126,4 @@[0m
[0;36m[0m LogLevel VERBOSE
 IgnoreRhosts yes
 HostbasedAuthentication no
[0;32m+PermitEmptyPasswords no[0m
[0;32m[0m
[0;33mchanged: [ecbx-apmpcl][0m

TASK [cis_security : 5.3.12 Ensure SSH PermitUserEnvironment is disabled] *******************************************************************************************************************
[0;31m--- before: /etc/ssh/sshd_config (content)[0m
[0;31m[0m[0;32m+++ after: /etc/ssh/sshd_config (content)[0m
[0;32m[0m[0;36m@@ -127,3 +127,4 @@[0m
[0;36m[0m IgnoreRhosts yes
 HostbasedAuthentication no
 PermitEmptyPasswords no
[0;32m+PermitUserEnvironment no[0m
[0;32m[0m
[0;33mchanged: [ecbx-apmpcl][0m

TASK [cis_security : 5.3.13 Ensure only strong Ciphers are used] ****************************************************************************************************************************
[0;31m--- before: /etc/ssh/sshd_config (content)[0m
[0;31m[0m[0;32m+++ after: /etc/ssh/sshd_config (content)[0m
[0;32m[0m[0;36m@@ -128,3 +128,4 @@[0m
[0;36m[0m HostbasedAuthentication no
 PermitEmptyPasswords no
 PermitUserEnvironment no
[0;32m+Ciphers chacha20-poly1305@openssh.com,aes256-gcm@openssh.com,aes128-gcm@openssh.com,aes256-ctr,aes192-ctr,aes128-ctr[0m
[0;32m[0m
[0;33mchanged: [ecbx-apmpcl][0m

TASK [cis_security : 5.3.14 Ensure only strong MAC algorithms are used] *********************************************************************************************************************
[0;31m--- before: /etc/ssh/sshd_config (content)[0m
[0;31m[0m[0;32m+++ after: /etc/ssh/sshd_config (content)[0m
[0;32m[0m[0;36m@@ -129,3 +129,4 @@[0m
[0;36m[0m PermitEmptyPasswords no
 PermitUserEnvironment no
 Ciphers chacha20-poly1305@openssh.com,aes256-gcm@openssh.com,aes128-gcm@openssh.com,aes256-ctr,aes192-ctr,aes128-ctr
[0;32m+MACs hmac-sha2-512-etm@openssh.com,hmac-sha2-256-etm@openssh.com,hmac-sha2-512,hmac-sha2-256[0m
[0;32m[0m
[0;33mchanged: [ecbx-apmpcl][0m

TASK [cis_security : 5.3.15 Ensure only strong Key Exchange algorithms are used] ************************************************************************************************************
[0;31m--- before: /etc/ssh/sshd_config (content)[0m
[0;31m[0m[0;32m+++ after: /etc/ssh/sshd_config (content)[0m
[0;32m[0m[0;36m@@ -130,3 +130,4 @@[0m
[0;36m[0m PermitUserEnvironment no
 Ciphers chacha20-poly1305@openssh.com,aes256-gcm@openssh.com,aes128-gcm@openssh.com,aes256-ctr,aes192-ctr,aes128-ctr
 MACs hmac-sha2-512-etm@openssh.com,hmac-sha2-256-etm@openssh.com,hmac-sha2-512,hmac-sha2-256
[0;32m+KexAlgorithms curve25519-sha256@libssh.org,diffie-hellman-group-exchange-sha256[0m
[0;32m[0m
[0;33mchanged: [ecbx-apmpcl][0m

TASK [cis_security : 5.3.16 Ensure SSH Idle Timeout Interval is configured | clientalive] ***************************************************************************************************
[0;31m--- before: /etc/ssh/sshd_config (content)[0m
[0;31m[0m[0;32m+++ after: /etc/ssh/sshd_config (content)[0m
[0;32m[0m[0;36m@@ -131,3 +131,4 @@[0m
[0;36m[0m Ciphers chacha20-poly1305@openssh.com,aes256-gcm@openssh.com,aes128-gcm@openssh.com,aes256-ctr,aes192-ctr,aes128-ctr
 MACs hmac-sha2-512-etm@openssh.com,hmac-sha2-256-etm@openssh.com,hmac-sha2-512,hmac-sha2-256
 KexAlgorithms curve25519-sha256@libssh.org,diffie-hellman-group-exchange-sha256
[0;32m+ClientAliveInterval 300[0m
[0;32m[0m
[0;33mchanged: [ecbx-apmpcl][0m

TASK [cis_security : 5.3.16 Ensure SSH Idle Timeout Interval is configured | MaxAlive] ******************************************************************************************************
[0;31m--- before: /etc/ssh/sshd_config (content)[0m
[0;31m[0m[0;32m+++ after: /etc/ssh/sshd_config (content)[0m
[0;32m[0m[0;36m@@ -132,3 +132,4 @@[0m
[0;36m[0m MACs hmac-sha2-512-etm@openssh.com,hmac-sha2-256-etm@openssh.com,hmac-sha2-512,hmac-sha2-256
 KexAlgorithms curve25519-sha256@libssh.org,diffie-hellman-group-exchange-sha256
 ClientAliveInterval 300
[0;32m+ClientAliveCountMax 3[0m
[0;32m[0m
[0;33mchanged: [ecbx-apmpcl][0m

TASK [cis_security : 5.3.17 Ensure SSH LoginGraceTime is set to one minute or less] *********************************************************************************************************
[0;31m--- before: /etc/ssh/sshd_config (content)[0m
[0;31m[0m[0;32m+++ after: /etc/ssh/sshd_config (content)[0m
[0;32m[0m[0;36m@@ -133,3 +133,4 @@[0m
[0;36m[0m KexAlgorithms curve25519-sha256@libssh.org,diffie-hellman-group-exchange-sha256
 ClientAliveInterval 300
 ClientAliveCountMax 3
[0;32m+LoginGraceTime 30[0m
[0;32m[0m
[0;33mchanged: [ecbx-apmpcl][0m

TASK [cis_security : 5.3.18 Ensure SSH warning banner is configured] ************************************************************************************************************************
[0;32mok: [ecbx-apmpcl][0m

TASK [cis_security : 5.3.19 Ensure SSH PAM is enabled] **************************************************************************************************************************************
[0;32mok: [ecbx-apmpcl][0m

TASK [cis_security : 5.3.21 Ensure SSH MaxStartups is configured to 10:30:60] ***************************************************************************************************************
[0;31m--- before: /etc/ssh/sshd_config (content)[0m
[0;31m[0m[0;32m+++ after: /etc/ssh/sshd_config (content)[0m
[0;32m[0m[0;36m@@ -134,3 +134,4 @@[0m
[0;36m[0m ClientAliveInterval 300
 ClientAliveCountMax 3
 LoginGraceTime 30
[0;32m+MaxStartups 10:30:60[0m
[0;32m[0m
[0;33mchanged: [ecbx-apmpcl][0m

TASK [cis_security : 5.3.22 Ensure SSH MaxSessions is limited to 4] *************************************************************************************************************************
[0;31m--- before: /etc/ssh/sshd_config (content)[0m
[0;31m[0m[0;32m+++ after: /etc/ssh/sshd_config (content)[0m
[0;32m[0m[0;36m@@ -135,3 +135,4 @@[0m
[0;36m[0m ClientAliveCountMax 3
 LoginGraceTime 30
 MaxStartups 10:30:60
[0;32m+MaxSessions 4[0m
[0;32m[0m
[0;33mchanged: [ecbx-apmpcl][0m

TASK [cis_security : restart_sshd] **********************************************************************************************************************************************************
[0;33mchanged: [ecbx-apmpcl][0m

TASK [cis_security : 5.4.3.2 Ensure password reuse is limited | update file according to CIS] ***********************************************************************************************
[0;31m--- before: /etc/pam.d/common-password (content)[0m
[0;31m[0m[0;32m+++ after: /etc/pam.d/common-password (content)[0m
[0;32m[0m[0;36m@@ -25,6 +25,7 @@[0m
[0;36m[0m password	[success=1 default=ignore]	pam_unix.so obscure sha512
 # here's the fallback if no module succeeds
 password	requisite			pam_deny.so
[0;32m+password       required                        pam_pwhistory.so remember=5[0m
[0;32m[0m # prime the stack with a positive return value if there isn't one already;
 # this avoids us returning an error just because nothing sets a success code
 # since the modules above will each just jump around

[0;33mchanged: [ecbx-apmpcl][0m

TASK [cis_security : 5.4.4 Ensure password hashing algorithm is SHA-512] ********************************************************************************************************************
[0;31m--- before: /etc/pam.d/common-password (content)[0m
[0;31m[0m[0;32m+++ after: /etc/pam.d/common-password (content)[0m
[0;32m[0m[0;36m@@ -22,7 +22,7 @@[0m
[0;36m[0m # pam-auth-update(8) for details.
 
 # here are the per-package modules (the "Primary" block)
[0;31m-password	[success=1 default=ignore]	pam_unix.so obscure sha512[0m
[0;31m[0m[0;32m+password       [success=1 default=ignore]      pam_unix.so obscure use_authtok try_first_pass sha512[0m
[0;32m[0m # here's the fallback if no module succeeds
 password	requisite			pam_deny.so
 password       required                        pam_pwhistory.so remember=5

[0;33mchanged: [ecbx-apmpcl][0m

TASK [cis_security : 5.5.1.1 Ensure minimum days between password changes is configured | PASS_MIN_DAYS] ************************************************************************************
[0;31m--- before: /etc/login.defs (content)[0m
[0;31m[0m[0;32m+++ after: /etc/login.defs (content)[0m
[0;32m[0m[0;36m@@ -158,7 +158,7 @@[0m
[0;36m[0m #	PASS_WARN_AGE	Number of days warning given before a password expires.
 #
 PASS_MAX_DAYS	99999
[0;31m-PASS_MIN_DAYS	0[0m
[0;31m[0m[0;32m+PASS_MIN_DAYS   7[0m
[0;32m[0m PASS_WARN_AGE	7
 
 #

[0;33mchanged: [ecbx-apmpcl][0m

TASK [cis_security : 5.5.1.1 Ensure minimum days between password changes is configured  | chage --mindays] *********************************************************************************
[0;32mok: [ecbx-apmpcl] => (item=root)[0m

TASK [cis_security : 5.5.1.3 Ensure password expiration warning days is 7 or more | PASS_WARN_AGE] ******************************************************************************************
[0;31m--- before: /etc/login.defs (content)[0m
[0;31m[0m[0;32m+++ after: /etc/login.defs (content)[0m
[0;32m[0m[0;36m@@ -159,7 +159,7 @@[0m
[0;36m[0m #
 PASS_MAX_DAYS	99999
 PASS_MIN_DAYS   7
[0;31m-PASS_WARN_AGE	7[0m
[0;31m[0m[0;32m+PASS_WARN_AGE  7[0m
[0;32m[0m 
 #
 # Min/max values for automatic uid selection in useradd

[0;33mchanged: [ecbx-apmpcl][0m

TASK [cis_security : 5.5.1.3 Ensure password expiration warning days is 7 or more  | chage --warndays] **************************************************************************************
[0;32mok: [ecbx-apmpcl] => (item=root)[0m

TASK [cis_security : 5.5.1.5 Ensure all users last password change date is in the past | get list] ******************************************************************************************
[0;32mok: [ecbx-apmpcl][0m

TASK [cis_security : 5.5.1.5 Ensure all users last password change date is in the past | save list] *****************************************************************************************
[0;31m--- before[0m
[0;31m[0m[0;32m+++ after: /root/.ansible/tmp/ansible-local-759442352387mf/tmpiyz731_m[0m
[0;32m[0m[0;36m@@ -0,0 +1 @@[0m
[0;36m[0m[0;32m+[][0m
[0;32m\ No newline at end of file[0m
[0;32m[0m
[0;33mchanged: [ecbx-apmpcl][0m

TASK [cis_security : 5.5.2 Ensure system accounts are secured | set all system accounts to a non login shell] *******************************************************************************
[0;32mok: [ecbx-apmpcl][0m

TASK [cis_security : 5.5.3 Ensure default group for the root account is GID 0] **************************************************************************************************************
[0;32mok: [ecbx-apmpcl][0m

TASK [cis_security : 5.5.4 Ensure default user umask is 027 or more restrictive - /etc/profile] *********************************************************************************************
[0;31m--- before: /etc/profile (content)[0m
[0;31m[0m[0;32m+++ after: /etc/profile (content)[0m
[0;32m[0m[0;36m@@ -25,3 +25,4 @@[0m
[0;36m[0m   done
   unset i
 fi
[0;32m+umask 027[0m
[0;32m[0m
[0;33mchanged: [ecbx-apmpcl][0m

TASK [cis_security : 5.5.4 Ensure default user umask is 027 or more restrictive - Fix for /etc/apt/apt.conf.d/50command-not-found] **********************************************************
[0;36mskipping: [ecbx-apmpcl][0m

TASK [cis_security : 5.5.5 Ensure default user shell timeout is 900 seconds or less | /etc/profile] *****************************************************************************************
[0;31m--- before: /etc/profile (content)[0m
[0;31m[0m[0;32m+++ after: /etc/profile (content)[0m
[0;32m[0m[0;36m@@ -26,3 +26,4 @@[0m
[0;36m[0m   unset i
 fi
 umask 027
[0;32m+readonly TMOUT=900 ; export TMOUT[0m
[0;32m[0m
[0;33mchanged: [ecbx-apmpcl][0m

TASK [cis_security : 5.7 Ensure access to the su command is restricted  | create su-group-access] *******************************************************************************************
[0;31m--- before[0m
[0;31m[0m[0;32m+++ after: /root/.ansible/tmp/ansible-local-759442352387mf/tmpya5q9g1e/su-group-access.j2[0m
[0;32m[0m[0;36m@@ -0,0 +1,2 @@[0m
[0;36m[0m[0;32m+# Managed by ansible alivx/CIS-Ubuntu-20.04-Ansible[0m
[0;32m[0m[0;32m+root[0m
[0;32m[0m
[0;33mchanged: [ecbx-apmpcl][0m

TASK [cis_security : 5.7 Ensure access to the su command is restricted  | create pam-d-su] **************************************************************************************************
[0;31m--- before: /etc/pam.d/su[0m
[0;31m[0m[0;32m+++ after: /root/.ansible/tmp/ansible-local-759442352387mf/tmp1gjr92ik/pam-d-su.j2[0m
[0;32m[0m[0;36m@@ -12,7 +12,7 @@[0m
[0;36m[0m # denying "root" user, unless she's a member of "foo" or explicitly
 # permitted earlier by e.g. "sufficient pam_rootok.so").
 # (Replaces the `SU_WHEEL_ONLY' option from login.defs)
[0;31m-# auth       required   pam_wheel.so[0m
[0;31m[0m[0;32m+auth           required        pam_wheel.so use_uid[0m
[0;32m[0m 
 # Uncomment this if you want wheel members to be able to
 # su without a password.
[0;36m@@ -20,7 +20,7 @@[0m
[0;36m[0m 
 # Uncomment this if you want members of a specific group to not
 # be allowed to use su at all.
[0;31m-# auth       required   pam_wheel.so deny group=nosu[0m
[0;31m[0m[0;32m+auth           required        pam_wheel.so use_uid deny group=nosu[0m
[0;32m[0m 
 # Uncomment and edit /etc/security/time.conf if you need to set
 # time restrainst on su usage.
[0;36m@@ -31,7 +31,7 @@[0m
[0;36m[0m # This module parses environment configuration file(s)
 # and also allows you to use an extended config
 # file /etc/security/pam_env.conf.
[0;31m-# [0m
[0;31m[0m[0;32m+#[0m
[0;32m[0m # parsing /etc/environment needs "readenv=1"
 session       required   pam_env.so readenv=1
 # locale variables are also kept into /etc/default/locale in etch
[0;36m@@ -40,7 +40,7 @@[0m
[0;36m[0m 
 # Defines the MAIL environment variable
 # However, userdel also needs MAIL_DIR and MAIL_FILE variables
[0;31m-# in /etc/login.defs to make sure that removing a user [0m
[0;31m[0m[0;32m+# in /etc/login.defs to make sure that removing a user[0m
[0;32m[0m # also removes the user's mail spool file.
 # See comments in /etc/login.defs
 #

[0;33mchanged: [ecbx-apmpcl][0m

TASK [cis_security : 6.1.2 Ensure permissions on /etc/passwd are configured] ****************************************************************************************************************
[0;32mok: [ecbx-apmpcl][0m

TASK [cis_security : 6.1.3 Ensure permissions on /etc/passwd- are configured] ***************************************************************************************************************
[0;32mok: [ecbx-apmpcl][0m

TASK [cis_security : 6.1.4 Ensure permissions on /etc/group are configured] *****************************************************************************************************************
[0;32mok: [ecbx-apmpcl][0m

TASK [cis_security : 6.1.5 Ensure permissions on /etc/group- are configured] ****************************************************************************************************************
[0;32mok: [ecbx-apmpcl][0m

TASK [cis_security : 6.1.6 Ensure permissions on /etc/shadow are configured, with group 'shadow'] *******************************************************************************************
[0;32mok: [ecbx-apmpcl][0m

TASK [cis_security : 6.1.7 Ensure permissions on /etc/shadow- are configured] ***************************************************************************************************************
[0;32mok: [ecbx-apmpcl][0m

TASK [cis_security : 6.1.8 Ensure permissions on /etc/gshadow are configured] ***************************************************************************************************************
[0;32mok: [ecbx-apmpcl][0m

TASK [cis_security : 6.1.9 Ensure permissions on /etc/gshadow- are configured] **************************************************************************************************************
[0;32mok: [ecbx-apmpcl][0m

TASK [cis_security : 6.1.10 Ensure no world writable files exist | find files] **************************************************************************************************************
[0;32mok: [ecbx-apmpcl][0m

TASK [cis_security : 6.1.10 Ensure no world writable files exist | save output] *************************************************************************************************************
diff skipped: source file size is greater than 104448
[0;33mchanged: [ecbx-apmpcl][0m

TASK [cis_security : 6.1.10 Ensure no world writable files exist | fix permission] **********************************************************************************************************
[0;31m--- before[0m
[0;31m[0m[0;32m+++ after[0m
[0;32m[0m[0;36m@@ -1,4 +1,4 @@[0m
[0;36m[0m {
[0;31m-    "mode": "0666",[0m
[0;31m[0m[0;32m+    "mode": "0664",[0m
[0;32m[0m     "path": "/data/docker/overlay2/51e0087c3393d0eac7811fc83d912d25efbb410679711831447ffbc1f3643f18/diff/src/qxm.scanjob/Data/QXMContext.cs"
 }

[0;33mchanged: [ecbx-apmpcl] => (item=/data/docker/overlay2/51e0087c3393d0eac7811fc83d912d25efbb410679711831447ffbc1f3643f18/diff/src/qxm.scanjob/Data/QXMContext.cs)[0m
[0;31m--- before[0m
[0;31m[0m[0;32m+++ after[0m
[0;32m[0m[0;36m@@ -1,4 +1,4 @@[0m
[0;36m[0m {
[0;31m-    "mode": "0666",[0m
[0;31m[0m[0;32m+    "mode": "0664",[0m
[0;32m[0m     "path": "/data/docker/overlay2/51e0087c3393d0eac7811fc83d912d25efbb410679711831447ffbc1f3643f18/diff/src/qxm.scanjob/Data/RecordContext.cs"
 }

[0;33mchanged: [ecbx-apmpcl] => (item=/data/docker/overlay2/51e0087c3393d0eac7811fc83d912d25efbb410679711831447ffbc1f3643f18/diff/src/qxm.scanjob/Data/RecordContext.cs)[0m
^C[0;31m [ERROR]: User interrupted execution[0m

Script done on 2023-06-02 16:35:31+02:00
