Script started on 2023-07-05 15:48:13+02:00
[0;35m[DEPRECATION WARNING]: "include" is deprecated, use include_tasks/import_tasks instead. See https://docs.ansible.com/ansible-core/2.14/user_guide/playbooks_reuse_includes.html for details. This feature will be removed in version 2.16. [0m
[0;35mDeprecation warnings can be disabled by setting deprecation_warnings=False in ansible.cfg.[0m

PLAY [all] **********************************************************************************************************************************************************************************************************************************

TASK [Gathering Facts] **********************************************************************************************************************************************************************************************************************
[0;32mok: [dcex1416ws02][0m

TASK [cis_security : include] ***************************************************************************************************************************************************************************************************************
[0;35m[DEPRECATION WARNING]: "include" is deprecated, use include_tasks/import_tasks/import_playbook instead. This feature will be removed in version 2.16. Deprecation warnings can be disabled by setting deprecation_warnings=False in [0m
[0;35mansible.cfg.[0m
[0;36mincluded: /home/gfk.com/ivan.stamov.adm/cis-hardening/roles/cis_security/tasks/CIS-Ubuntu-22.yml for dcex1416ws02[0m

TASK [cis_security : include] ***************************************************************************************************************************************************************************************************************
[0;36mincluded: /home/gfk.com/ivan.stamov.adm/cis-hardening/roles/cis_security/tasks/type-files/ubuntu-22-type.yml for dcex1416ws02[0m

TASK [cis_security : 1.1.1.1 Ensure mounting of cramfs filesystems is disabled] *************************************************************************************************************************************************************
[0;32mok: [dcex1416ws02] => (item={'From': '(?m)^\\S+\\s+install cramfs', 'To': 'install cramfs /bin/true'})[0m
[0;32mok: [dcex1416ws02] => (item={'From': '(?m)^\\S+\\s+blacklist cramfs', 'To': 'blacklist cramfs'})[0m

TASK [cis_security : 1.1.1.1 Ensure mounting of cramfs filesystems is disabled | modprobe] **************************************************************************************************************************************************
[0;32mok: [dcex1416ws02][0m

TASK [cis_security : 1.1.2 Ensure /tmp is configured] ***************************************************************************************************************************************************************************************
[0;32mok: [dcex1416ws02][0m

TASK [cis_security : 1.1.2 Ensure /tmp is configured | edit file] ***************************************************************************************************************************************************************************
[0;32mok: [dcex1416ws02][0m

TASK [cis_security : 1.1.2 Ensure /tmp is configured | reload demon] ************************************************************************************************************************************************************************
[0;32mok: [dcex1416ws02][0m

TASK [cis_security : 1.1.2 Ensure /tmp is configured | enable and start tmp.mount] **********************************************************************************************************************************************************
[0;32mok: [dcex1416ws02][0m

TASK [cis_security : Get file system] *******************************************************************************************************************************************************************************************************
[0;32mok: [dcex1416ws02][0m

TASK [cis_security : debug] *****************************************************************************************************************************************************************************************************************
[0;32mok: [dcex1416ws02] => {[0m
[0;32m    "filesystem.stdout": "tmpfs"[0m
[0;32m}[0m

TASK [cis_security : Check /tmp config] *****************************************************************************************************************************************************************************************************
[0;33mchanged: [dcex1416ws02][0m

TASK [cis_security : Remount /tmp] **********************************************************************************************************************************************************************************************************
[0;33mchanged: [dcex1416ws02][0m

TASK [cis_security : Get file system] *******************************************************************************************************************************************************************************************************
[0;32mok: [dcex1416ws02][0m

TASK [cis_security : debug] *****************************************************************************************************************************************************************************************************************
[0;32mok: [dcex1416ws02] => {[0m
[0;32m    "varsystem.stdout": "ext4"[0m
[0;32m}[0m

TASK [cis_security : Check /var config] *****************************************************************************************************************************************************************************************************
[0;32mok: [dcex1416ws02][0m

TASK [cis_security : Remount /var] **********************************************************************************************************************************************************************************************************
[0;36mskipping: [dcex1416ws02][0m

TASK [cis_security : 1.1.4 Ensure nodev option set on /var/tmp partitions] ******************************************************************************************************************************************************************
[0;36mskipping: [dcex1416ws02][0m

TASK [cis_security : /var/tmp partitions] ***************************************************************************************************************************************************************************************************
[0;32mok: [dcex1416ws02] => {[0m
[0;32m    "msg": {[0m
[0;32m        "changed": false,[0m
[0;32m        "cmd": "mount | grep \"on /var\" && true || true\n",[0m
[0;32m        "delta": null,[0m
[0;32m        "end": null,[0m
[0;32m        "failed": false,[0m
[0;32m        "msg": "Command would have run if not in check mode",[0m
[0;32m        "rc": 0,[0m
[0;32m        "skipped": true,[0m
[0;32m        "start": null,[0m
[0;32m        "stderr": "",[0m
[0;32m        "stderr_lines": [],[0m
[0;32m        "stdout": "",[0m
[0;32m        "stdout_lines": [][0m
[0;32m    }[0m
[0;32m}[0m

TASK [cis_security : Get file system] *******************************************************************************************************************************************************************************************************
[0;32mok: [dcex1416ws02][0m

TASK [cis_security : debug] *****************************************************************************************************************************************************************************************************************
[0;32mok: [dcex1416ws02] => {[0m
[0;32m    "varlogsystem.stdout": "ext4"[0m
[0;32m}[0m

TASK [cis_security : Check /var/log config] *************************************************************************************************************************************************************************************************
[0;32mok: [dcex1416ws02][0m

TASK [cis_security : Remount /var/log] ******************************************************************************************************************************************************************************************************
[0;36mskipping: [dcex1416ws02][0m

TASK [cis_security : Get file system] *******************************************************************************************************************************************************************************************************
[0;32mok: [dcex1416ws02][0m

TASK [cis_security : debug] *****************************************************************************************************************************************************************************************************************
[0;32mok: [dcex1416ws02] => {[0m
[0;32m    "varauditsystem.stdout": "ext4"[0m
[0;32m}[0m

TASK [cis_security : Check /var/log/audit config] *******************************************************************************************************************************************************************************************
[0;32mok: [dcex1416ws02][0m

TASK [cis_security : Remount /var/log/audit] ************************************************************************************************************************************************************************************************
[0;36mskipping: [dcex1416ws02][0m

TASK [cis_security : Get file system] *******************************************************************************************************************************************************************************************************
[0;32mok: [dcex1416ws02][0m

TASK [cis_security : debug] *****************************************************************************************************************************************************************************************************************
[0;32mok: [dcex1416ws02] => {[0m
[0;32m    "homesystem.stdout": "ext4"[0m
[0;32m}[0m

TASK [cis_security : Check /home config] ****************************************************************************************************************************************************************************************************
[0;32mok: [dcex1416ws02][0m

TASK [cis_security : Remount /home] *********************************************************************************************************************************************************************************************************
[0;36mskipping: [dcex1416ws02][0m

TASK [cis_security : 1.1.8 Ensure /dev/shm is configured
 1.1.8.1 Ensure nodev option set on /dev/shm partition
 1.1.8.2 Ensure nosuid option set on /dev/shm partition
 1.1.8.3 Ensure noexec option set on /dev/shm partition] ***************
[0;32mok: [dcex1416ws02][0m

TASK [cis_security : 1.1.9 Disable Automounting | service disable] **************************************************************************************************************************************************************************
[0;36mskipping: [dcex1416ws02][0m

TASK [cis_security : 1.1.9 Disable Automounting | package remove] ***************************************************************************************************************************************************************************
[0;32mok: [dcex1416ws02][0m

TASK [cis_security : 1.1.10 Disable USB Storage | modprobe] *********************************************************************************************************************************************************************************
[0;32mok: [dcex1416ws02] => (item={'From': '(?m)^\\S+\\s+install usb-storage', 'To': 'install usb-storage /bin/true'})[0m
[0;32mok: [dcex1416ws02] => (item={'From': '(?m)^\\S+\\s+blacklist usb-storage', 'To': 'blacklist usb-storage'})[0m

TASK [cis_security : 1.1.10 Disable USB Storage] ********************************************************************************************************************************************************************************************
[0;32mok: [dcex1416ws02][0m

TASK [cis_security : 1.3.1 Ensure AIDE is installed] ****************************************************************************************************************************************************************************************
[0;32mok: [dcex1416ws02][0m

TASK [cis_security : 1.3.2 Ensure filesystem integrity is regularly checked | Cron] *********************************************************************************************************************************************************
[0;32mok: [dcex1416ws02][0m

TASK [cis_security : 1.4.2 Ensure permissions on bootloader config are configured] **********************************************************************************************************************************************************
[0;32mok: [dcex1416ws02][0m

TASK [cis_security : 1.5.1 Ensure address space layout randomization (ASLR) is enabled] *****************************************************************************************************************************************************
[0;32mok: [dcex1416ws02][0m

TASK [cis_security : 1.5.2 Ensure prelink is not installed] *********************************************************************************************************************************************************************************
[0;36mskipping: [dcex1416ws02][0m

TASK [cis_security : 1.5.2 Ensure prelink is not installed] *********************************************************************************************************************************************************************************
[0;32mok: [dcex1416ws02][0m

TASK [cis_security : Edit config] ***********************************************************************************************************************************************************************************************************
[0;32mok: [dcex1416ws02][0m

TASK [cis_security : Stop apport service] ***************************************************************************************************************************************************************************************************
[0;32mok: [dcex1416ws02][0m

TASK [cis_security : 1.5.4 Ensure core dumps are restricted | sysctl] ***********************************************************************************************************************************************************************
[0;32mok: [dcex1416ws02][0m

TASK [cis_security : 1.5.4 Ensure core dumps are restricted | /lib/sysctl.d/50-coredump.conf] ***********************************************************************************************************************************************
[0;31m--- before: /lib/sysctl.d/50-coredump.conf (content)[0m
[0;31m[0m[0;32m+++ after: /lib/sysctl.d/50-coredump.conf (content)[0m
[0;32m[0m[0;36m@@ -34,4 +34,4 @@[0m
[0;36m[0m # when saving a core dump).
 #
 # See proc(5), setuid(2), capabilities(7).
[0;31m-fs.suid_dumpable=2[0m
[0;31m[0m[0;32m+fs.suid_dumpable=0[0m
[0;32m[0m
[0;33mchanged: [dcex1416ws02][0m

TASK [cis_security : 1.5.4 Ensure core dumps are restricted | limits.conf] ******************************************************************************************************************************************************************
[0;32mok: [dcex1416ws02][0m

TASK [cis_security : 1.5.4 Ensure core dumps are restricted | apt] **************************************************************************************************************************************************************************
[0;32mok: [dcex1416ws02][0m

TASK [cis_security : 1.5.4 Ensure core dumps are restricted | coredump.conf] ****************************************************************************************************************************************************************
[0;32mok: [dcex1416ws02][0m

TASK [cis_security : 1.5.4 Ensure core dumps are restricted | coredump.conf] ****************************************************************************************************************************************************************
[0;32mok: [dcex1416ws02][0m

TASK [cis_security : 1.5.4 Ensure core dumps are restricted | reload] ***********************************************************************************************************************************************************************
[0;36mskipping: [dcex1416ws02][0m

TASK [cis_security : 1.6.1.1 Ensure AppArmor is installed] **********************************************************************************************************************************************************************************
[0;32mok: [dcex1416ws02][0m

TASK [cis_security : 1.6.1.3 Ensure all AppArmor Profiles are in enforce or complain mode
 1.6.1.4 Ensure all AppArmor Profiles are enforcing] ***********************************************************************************************
[0;36mskipping: [dcex1416ws02][0m

TASK [cis_security : 1.7.1 Ensure message of the day is configured properly
 1.7.4 Ensure permissions on /etc/motd are configured] ***********************************************************************************************************
[0;32mok: [dcex1416ws02][0m

TASK [cis_security : 1.7.1 Ensure message of the day is configured properly
 1.7.4 Ensure permissions on /etc/motd are configured  | Show templates used] ************************************************************************************
[0;32mok: [dcex1416ws02] => {[0m
[0;32m    "msg": "custom file not found, using default"[0m
[0;32m}[0m

TASK [cis_security : 1.7.2 Ensure local login warning banner is configured properly
 1.7.5 Ensure permissions on /etc/issue are configured] **************************************************************************************************
[0;32mok: [dcex1416ws02][0m

TASK [cis_security : 1.7.2 Ensure local login warning banner is configured properly
 1.7.5 Ensure permissions on /etc/issue are configured  | Show templates used] ***************************************************************************
[0;32mok: [dcex1416ws02] => {[0m
[0;32m    "msg": "custom file not found, using default"[0m
[0;32m}[0m

TASK [cis_security : 1.7.3 Ensure local remote warning banner is configured properly
 1.7.6 Ensure permissions on /etc/issue.net are configured] *********************************************************************************************
[0;32mok: [dcex1416ws02][0m

TASK [cis_security : 1.7.3 Ensure remote login warning banner is configured properly
 1.7.6 Ensure permissions on /etc/issue.net are configured  | Show templates used] **********************************************************************
[0;32mok: [dcex1416ws02] => {[0m
[0;32m    "msg": "custom file not found, using default"[0m
[0;32m}[0m

TASK [cis_security : Ensure GNOME Display Manager is removed] *******************************************************************************************************************************************************************************
[0;32mok: [dcex1416ws02][0m

TASK [cis_security : 2.1.1.1 Ensure time synchronization is in use - service install] *******************************************************************************************************************************************************
[0;32mok: [dcex1416ws02][0m

TASK [cis_security : 2.1.1.1 Ensure time synchronization is in use - service start] *********************************************************************************************************************************************************
[0;32mok: [dcex1416ws02][0m

TASK [cis_security : 2.1.3.2 Remove NTP] ****************************************************************************************************************************************************************************************************
[0;36mskipping: [dcex1416ws02][0m

TASK [cis_security : 2.1.1.2 Ensure systemd-timesyncd is configured | set timezone] *********************************************************************************************************************************************************
[0;36mskipping: [dcex1416ws02][0m

TASK [cis_security : 2.1.1.2 Ensure systemd-timesyncd is configured | Configure systemd-timesyncd] ******************************************************************************************************************************************
[0;36mskipping: [dcex1416ws02][0m

TASK [cis_security : 2.1.2.3 Remove NTP] ****************************************************************************************************************************************************************************************************
[0;32mok: [dcex1416ws02][0m

TASK [cis_security : 2.1.2.3 Ensure chrony is configured | Install Chrony] ******************************************************************************************************************************************************************
[0;32mok: [dcex1416ws02][0m

TASK [cis_security : 2.1.2.3 Ensure chrony is configured | Start Chrony service] ************************************************************************************************************************************************************
[0;32mok: [dcex1416ws02][0m

TASK [cis_security : 2.1.2.3 Ensure chrony is configured | Generate configuration] **********************************************************************************************************************************************************
[0;32mok: [dcex1416ws02][0m

TASK [cis_security : 2.1.2.3 Ensure chrony is configured | Restart Chrony service] **********************************************************************************************************************************************************
[0;36mskipping: [dcex1416ws02][0m

TASK [cis_security : 2.1.3.2 Ensure systemd-timesyncd is enabled and running] ***************************************************************************************************************************************************************
[0;31mfatal: [dcex1416ws02]: FAILED! => {"changed": false, "msg": "Could not find the requested service systemd-timesyncd: host"}[0m
[0;36m...ignoring[0m

TASK [cis_security : 2.2.1 Ensure X Window System is not installed] *************************************************************************************************************************************************************************
[0;32mok: [dcex1416ws02][0m

TASK [cis_security : 2.2.2 Ensure Avahi Server is not installed] ****************************************************************************************************************************************************************************
[0;32mok: [dcex1416ws02][0m

TASK [cis_security : 2.2.3 Ensure CUPS is not installed] ************************************************************************************************************************************************************************************
[0;32mok: [dcex1416ws02][0m

TASK [cis_security : 2.2.4 Ensure DHCP Server is not installed] *****************************************************************************************************************************************************************************
[0;32mok: [dcex1416ws02][0m

TASK [cis_security : 2.2.5 Ensure LDAP server is not installed] *****************************************************************************************************************************************************************************
[0;32mok: [dcex1416ws02][0m

TASK [cis_security : 2.[2-3].6 Check for nfs in /etc/fstab] *********************************************************************************************************************************************************************************
[0;36mskipping: [dcex1416ws02][0m

TASK [cis_security : 2.[2-3].6 Check for nfs shares] ****************************************************************************************************************************************************************************************
[0;36mskipping: [dcex1416ws02][0m

TASK [cis_security : 2.[2-3].6 Fstab result] ************************************************************************************************************************************************************************************************
[0;32mok: [dcex1416ws02] => {[0m
[0;32m    "nfs_mp.stdout": ""[0m
[0;32m}[0m

TASK [cis_security : 2.[2-3].6 Nfs shares found] ********************************************************************************************************************************************************************************************
[0;32mok: [dcex1416ws02] => {[0m
[0;32m    "nfs_shares.stdout": ""[0m
[0;32m}[0m

TASK [cis_security : 2.[2-3].6 Ensure NFS is not installed] *********************************************************************************************************************************************************************************
[0;32mok: [dcex1416ws02] => (item=nfs-kernel-server)[0m
[0;32mok: [dcex1416ws02] => (item=rpcbind)[0m

TASK [cis_security : 2.2.7 Ensure DNS Server is not installed] ******************************************************************************************************************************************************************************
[0;32mok: [dcex1416ws02][0m

TASK [cis_security : 2.2.8 Ensure FTP Server is not installed] ******************************************************************************************************************************************************************************
[0;32mok: [dcex1416ws02][0m

TASK [cis_security : Check is HTTP server is operational] ***********************************************************************************************************************************************************************************
[0;32mok: [dcex1416ws02][0m

TASK [cis_security : Http server status] ****************************************************************************************************************************************************************************************************
[0;32mok: [dcex1416ws02] => {[0m
[0;32m    "https_service.status.ActiveState": "active"[0m
[0;32m}[0m

TASK [cis_security : Ensure HTTP server is not installed] ***********************************************************************************************************************************************************************************
[0;36mskipping: [dcex1416ws02][0m

TASK [cis_security : 2.2.10 Ensure IMAP and POP3 server are not installed] ******************************************************************************************************************************************************************
[0;32mok: [dcex1416ws02][0m

TASK [cis_security : 2.2.11 Check is Samba is operational] **********************************************************************************************************************************************************************************
[0;32mok: [dcex1416ws02][0m

TASK [cis_security : 2.2.11 Check for log files] ********************************************************************************************************************************************************************************************
[0;32mok: [dcex1416ws02][0m

TASK [cis_security : 2.2.11 Cheking for Samba logs] *****************************************************************************************************************************************************************************************
[0;32mok: [dcex1416ws02] => {[0m
[0;32m    "smbd_logs.matched": "0"[0m
[0;32m}[0m

TASK [cis_security : 2.2.11 Cheking for Samba service] **************************************************************************************************************************************************************************************
[0;32mok: [dcex1416ws02] => {[0m
[0;32m    "smbd_service.status.ActiveState": "inactive"[0m
[0;32m}[0m

TASK [cis_security : 2.2.11 Ensure Samba is not installed] **********************************************************************************************************************************************************************************
[0;32mok: [dcex1416ws02][0m

TASK [cis_security : 2.2.12 Ensure HTTP Proxy Server is not installed] **********************************************************************************************************************************************************************
[0;32mok: [dcex1416ws02][0m

TASK [cis_security : 2.2.13 Ensure NIS Server is not installed] *****************************************************************************************************************************************************************************
[0;32mok: [dcex1416ws02][0m

TASK [cis_security : 2.2.14 Ensure NIS Server is not installed] *****************************************************************************************************************************************************************************
[0;32mok: [dcex1416ws02][0m

TASK [cis_security : 2.2.15 Ensure mail transfer agent is configured for local-only mode] ***************************************************************************************************************************************************
[0;32mok: [dcex1416ws02][0m

TASK [cis_security : 2.2.15 Ensure mail transfer agent is configured for local-only mode] ***************************************************************************************************************************************************
[0;32mok: [dcex1416ws02][0m

TASK [cis_security : 2.2.15 Restart Mail transfer agent] ************************************************************************************************************************************************************************************
[0;36mskipping: [dcex1416ws02][0m

TASK [cis_security : 2.2.16 Ensure rsync service is not installed] **************************************************************************************************************************************************************************
[0;32mok: [dcex1416ws02][0m

TASK [cis_security : 2.3.1 Ensure NIS Client is not installed] ******************************************************************************************************************************************************************************
[0;32mok: [dcex1416ws02][0m

TASK [cis_security : 2.3.2 Ensure rsh client is not installed] ******************************************************************************************************************************************************************************
[0;32mok: [dcex1416ws02][0m

TASK [cis_security : 2.3.3 Ensure talk client is not installed] *****************************************************************************************************************************************************************************
[0;32mok: [dcex1416ws02][0m

TASK [cis_security : 2.3.4 Ensure telnet client is not installed] ***************************************************************************************************************************************************************************
[0;32mok: [dcex1416ws02][0m

TASK [cis_security : 2.3.5 Ensure LDAP client is not installed] *****************************************************************************************************************************************************************************
[0;32mok: [dcex1416ws02][0m

TASK [cis_security : verify no wireless interfaces are active on the system] ****************************************************************************************************************************************************************
[0;36mskipping: [dcex1416ws02][0m

TASK [cis_security : 3.1.2 Ensure wireless interfaces are disabled] *************************************************************************************************************************************************************************
[0;31mfatal: [dcex1416ws02]: FAILED! => {"msg": "The conditional check 'wifiStatus.stdout_lines ==  \"Wireless is not enabled\"' failed. The error was: error while evaluating conditional (wifiStatus.stdout_lines ==  \"Wireless is not enabled\"): 'dict object' has no attribute 'stdout_lines'. 'dict object' has no attribute 'stdout_lines'\n\nThe error appears to be in '/home/gfk.com/ivan.stamov.adm/cis-hardening/roles/cis_security/tasks/type-files/ubuntu-22-type.yml': line 1318, column 7, but may\nbe elsewhere in the file depending on the exact syntax problem.\n\nThe offending line appears to be:\n\n      changed_when: false\n    - name: 3.1.2 Ensure wireless interfaces are disabled\n      ^ here\n"}[0m
[0;36m...ignoring[0m

TASK [cis_security : 3.2.1 Ensure packet redirect sending is disabled | set] ****************************************************************************************************************************************************************
[0;32mok: [dcex1416ws02] => (item={'name': 'net.ipv4.conf.all.send_redirects', 'value': 0})[0m
[0;32mok: [dcex1416ws02] => (item={'name': 'net.ipv4.conf.default.send_redirects', 'value': 0})[0m

TASK [cis_security : 3.2.1 Ensure packet redirect sending is disabled | load] ***************************************************************************************************************************************************************
[0;36mskipping: [dcex1416ws02][0m

TASK [cis_security : Check for runing docker] ***********************************************************************************************************************************************************************************************
[0;32mok: [dcex1416ws02][0m

TASK [cis_security : Docker service status] *************************************************************************************************************************************************************************************************
[0;32mok: [dcex1416ws02] => {[0m
[0;32m    "docker_service.status.ActiveState": "inactive"[0m
[0;32m}[0m

TASK [cis_security : 3.2.2 Ensure IP forwarding is disabled | ipv4"] ************************************************************************************************************************************************************************
[0;32mok: [dcex1416ws02][0m

TASK [cis_security : 3.2.2 Ensure IP forwarding is disabled | ipv6"] ************************************************************************************************************************************************************************
[0;36mskipping: [dcex1416ws02][0m

TASK [cis_security : 3.2.2 Ensure IP forwarding is disabled | IPV4 load"] *******************************************************************************************************************************************************************
[0;36mskipping: [dcex1416ws02][0m

TASK [cis_security : 3.2.2 Ensure IP forwarding is disabled | IPV6 load"] *******************************************************************************************************************************************************************
[0;36mskipping: [dcex1416ws02][0m

TASK [cis_security : 3.3.1 Ensure source routed packets are not accepted | ipv4"] ***********************************************************************************************************************************************************
[0;32mok: [dcex1416ws02] => (item={'name': 'net.ipv4.conf.all.accept_source_route', 'value': 0})[0m
[0;32mok: [dcex1416ws02] => (item={'name': 'net.ipv4.conf.default.accept_source_route', 'value': 0})[0m

TASK [cis_security : 3.3.1 Ensure source routed packets are not accepted | ipv4 load"] ******************************************************************************************************************************************************
[0;36mskipping: [dcex1416ws02][0m

TASK [cis_security : 3.3.1 Ensure source routed packets are not accepted | ipv6"] ***********************************************************************************************************************************************************
[0;36mskipping: [dcex1416ws02] => (item={'name': 'net.ipv6.conf.all.accept_source_route', 'value': 0}) [0m
[0;36mskipping: [dcex1416ws02] => (item={'name': 'net.ipv6.conf.default.accept_source_route', 'value': 0}) [0m
[0;36mskipping: [dcex1416ws02][0m

TASK [cis_security : 3.3.1 Ensure source routed packets are not accepted | ipv6 load"] ******************************************************************************************************************************************************
[0;36mskipping: [dcex1416ws02][0m

TASK [cis_security : 3.3.2 Ensure ICMP redirects are not accepted | ipv4"] ******************************************************************************************************************************************************************
[0;32mok: [dcex1416ws02] => (item={'name': 'net.ipv4.conf.all.accept_redirects', 'value': 0})[0m
[0;32mok: [dcex1416ws02] => (item={'name': 'net.ipv4.conf.default.accept_redirects', 'value': 0})[0m

TASK [cis_security : shell] *****************************************************************************************************************************************************************************************************************
[0;36mskipping: [dcex1416ws02][0m

TASK [cis_security : 3.3.2 Ensure ICMP redirects are not accepted | ipv6"] ******************************************************************************************************************************************************************
[0;36mskipping: [dcex1416ws02] => (item={'name': 'net.ipv6.conf.all.accept_redirects', 'value': 0}) [0m
[0;36mskipping: [dcex1416ws02] => (item={'name': 'net.ipv6.conf.default.accept_redirects', 'value': 0}) [0m
[0;36mskipping: [dcex1416ws02][0m

TASK [cis_security : shell] *****************************************************************************************************************************************************************************************************************
[0;36mskipping: [dcex1416ws02][0m

TASK [cis_security : 3.3.3 Ensure secure ICMP redirects are not accepted | save] ************************************************************************************************************************************************************
[0;32mok: [dcex1416ws02] => (item={'name': 'net.ipv4.conf.all.secure_redirects', 'value': 0})[0m
[0;32mok: [dcex1416ws02] => (item={'name': 'net.ipv4.conf.default.secure_redirects', 'value': 0})[0m

TASK [cis_security : 3.3.3 Ensure secure ICMP redirects are not accepted | load] ************************************************************************************************************************************************************
[0;36mskipping: [dcex1416ws02][0m

TASK [cis_security : 3.3.4 Ensure suspicious packets are logged | save] *********************************************************************************************************************************************************************
[0;32mok: [dcex1416ws02] => (item={'name': 'net.ipv4.conf.all.log_martians', 'value': 1})[0m
[0;32mok: [dcex1416ws02] => (item={'name': 'net.ipv4.conf.default.log_martians', 'value': 1})[0m

TASK [cis_security : 3.3.4 Ensure suspicious packets are logged | load] *********************************************************************************************************************************************************************
[0;36mskipping: [dcex1416ws02][0m

TASK [cis_security : 3.3.5 Ensure broadcast ICMP requests are ignored | save] ***************************************************************************************************************************************************************
[0;32mok: [dcex1416ws02][0m

TASK [cis_security : 3.3.5 Ensure broadcast ICMP requests are ignored | load] ***************************************************************************************************************************************************************
[0;36mskipping: [dcex1416ws02][0m

TASK [cis_security : 3.3.6 Ensure bogus ICMP responses are ignored | save] ******************************************************************************************************************************************************************
[0;32mok: [dcex1416ws02][0m

TASK [cis_security : 3.3.6 Ensure bogus ICMP responses are ignored | load] ******************************************************************************************************************************************************************
[0;36mskipping: [dcex1416ws02][0m

TASK [cis_security : 3.3.7 Ensure Reverse Path Filtering is enabled | save] *****************************************************************************************************************************************************************
[0;32mok: [dcex1416ws02] => (item={'name': 'net.ipv4.conf.all.rp_filter', 'value': 1})[0m
[0;32mok: [dcex1416ws02] => (item={'name': 'net.ipv4.conf.default.rp_filter', 'value': 1})[0m

TASK [cis_security : 3.3.7 Ensure Reverse Path Filtering is enabled | load] *****************************************************************************************************************************************************************
[0;36mskipping: [dcex1416ws02][0m

TASK [cis_security : 3.3.7] *****************************************************************************************************************************************************************************************************************
[0;32mok: [dcex1416ws02][0m

TASK [cis_security : 3.3.8 Ensure TCP SYN Cookies is enabled | save] ************************************************************************************************************************************************************************
[0;32mok: [dcex1416ws02][0m

TASK [cis_security : 3.3.8 Ensure TCP SYN Cookies is enabled | load] ************************************************************************************************************************************************************************
[0;36mskipping: [dcex1416ws02][0m

TASK [cis_security : 3.3.9 Ensure IPv6 router advertisements are not accepted | save] *******************************************************************************************************************************************************
[0;36mskipping: [dcex1416ws02] => (item={'name': 'net.ipv6.conf.all.accept_ra', 'value': 0}) [0m
[0;36mskipping: [dcex1416ws02] => (item={'name': 'net.ipv6.conf.default.accept_ra', 'value': 0}) [0m
[0;36mskipping: [dcex1416ws02][0m

TASK [cis_security : 3.3.9 Ensure IPv6 router advertisements are not accepted | load] *******************************************************************************************************************************************************
[0;36mskipping: [dcex1416ws02][0m

TASK [cis_security : 3.5.1.1 Ensure ufw is installed | ufw] *********************************************************************************************************************************************************************************
[0;32mok: [dcex1416ws02][0m

TASK [cis_security : 3.5.1.2 Ensure iptables-persistent is not installed] *******************************************************************************************************************************************************************
[0;32mok: [dcex1416ws02][0m

TASK [cis_security : 3.5.2.2 Ensure ufw is uninstalled or disabled with nftables] ***********************************************************************************************************************************************************
[0;32mok: [dcex1416ws02][0m

TASK [cis_security : Install Auditd] ********************************************************************************************************************************************************************************************************
[0;32mok: [dcex1416ws02][0m

TASK [cis_security : Locate log files] ******************************************************************************************************************************************************************************************************
[0;36mskipping: [dcex1416ws02][0m

TASK [cis_security : Change owner and group] ************************************************************************************************************************************************************************************************
[0;36mskipping: [dcex1416ws02][0m

TASK [cis_security : Locate configuration files] ********************************************************************************************************************************************************************************************
[0;36mskipping: [dcex1416ws02][0m

TASK [cis_security : Change configuration permissions, owner and group] *********************************************************************************************************************************************************************
[0;36mskipping: [dcex1416ws02][0m

TASK [cis_security : Locate tool files] *****************************************************************************************************************************************************************************************************
[0;36mskipping: [dcex1416ws02][0m

TASK [cis_security : Change tools permisions, owner and group] ******************************************************************************************************************************************************************************
[0;36mskipping: [dcex1416ws02][0m

TASK [cis_security : 4.2.1.2 Ensure auditd service is enabled] ******************************************************************************************************************************************************************************
[0;32mok: [dcex1416ws02][0m

TASK [cis_security : 4.2.1.3 Ensure journald is configured to compress large log files] *****************************************************************************************************************************************************
[0;32mok: [dcex1416ws02][0m

TASK [cis_security : 4.2.1.4 Ensure journald is configured to write logfiles to persistent disk] ********************************************************************************************************************************************
[0;32mok: [dcex1416ws02][0m

TASK [cis_security : 4.2.2.7 Ensure remote rsyslog messages are only accepted on designated log hosts. | $ModLoad] **************************************************************************************************************************
[0;32mok: [dcex1416ws02][0m

TASK [cis_security : 4.2.2.7 Ensure remote rsyslog messages are only accepted on designated log hosts. | $InputTCPServerRun] ****************************************************************************************************************
[0;32mok: [dcex1416ws02][0m

TASK [cis_security : 4.2.2.1 Ensure rsyslog is installed] ***********************************************************************************************************************************************************************************
[0;32mok: [dcex1416ws02][0m

TASK [cis_security : 4.2.2.2 Ensure rsyslog Service is enabled] *****************************************************************************************************************************************************************************
[0;32mok: [dcex1416ws02][0m

TASK [cis_security : 4.2.2.4 Ensure rsyslog default file permissions configured] ************************************************************************************************************************************************************
[0;32mok: [dcex1416ws02][0m

TASK [cis_security : 5.1.1 Ensure cron daemon is enabled and running] ***********************************************************************************************************************************************************************
[0;32mok: [dcex1416ws02][0m

TASK [cis_security : 5.1.2 Ensure permissions on /etc/crontab are configured] ***************************************************************************************************************************************************************
[0;32mok: [dcex1416ws02][0m

TASK [cis_security : 5.1.3 Ensure permissions on /etc/cron.hourly are configured] ***********************************************************************************************************************************************************
[0;32mok: [dcex1416ws02][0m

TASK [cis_security : 5.1.4 Ensure permissions on /etc/cron.daily are configured] ************************************************************************************************************************************************************
[0;32mok: [dcex1416ws02][0m

TASK [cis_security : 5.1.5 Ensure permissions on /etc/cron.weekly are configured] ***********************************************************************************************************************************************************
[0;32mok: [dcex1416ws02][0m

TASK [cis_security : 5.1.6 Ensure permissions on /etc/cron.monthly are configured] **********************************************************************************************************************************************************
[0;32mok: [dcex1416ws02][0m

TASK [cis_security : 5.1.7 Ensure permissions on /etc/cron.d are configured] ****************************************************************************************************************************************************************
[0;32mok: [dcex1416ws02][0m

TASK [cis_security : 5.1.8 Ensure cron is restricted to authorized users | /etc/cron.deny] **************************************************************************************************************************************************
[0;32mok: [dcex1416ws02][0m

TASK [cis_security : stat] ******************************************************************************************************************************************************************************************************************
[0;32mok: [dcex1416ws02][0m

TASK [cis_security : 5.1.8 Ensure cron is restricted to authorized users | /etc/cron.allow] *************************************************************************************************************************************************
[0;32mok: [dcex1416ws02][0m

TASK [cis_security : 5.1.9 Ensure at is restricted to authorized users | /etc/at.deny] ******************************************************************************************************************************************************
[0;32mok: [dcex1416ws02][0m

TASK [cis_security : stat] ******************************************************************************************************************************************************************************************************************
[0;32mok: [dcex1416ws02][0m

TASK [cis_security : 5.1.9 Ensure at is restricted to authorized users | /etc/at.allow] *****************************************************************************************************************************************************
[0;32mok: [dcex1416ws02][0m

TASK [cis_security : 5.2.1 Ensure permissions on /etc/ssh/sshd_config are configured] *******************************************************************************************************************************************************
[0;32mok: [dcex1416ws02][0m

TASK [cis_security : 5.2.2 Ensure permissions on SSH private host key files are configured | find keys] *************************************************************************************************************************************
[0;36mskipping: [dcex1416ws02][0m

TASK [cis_security : 5.2.2 Ensure permissions on SSH private host key files are configured | fix permissions] *******************************************************************************************************************************
[0;36mskipping: [dcex1416ws02][0m

TASK [cis_security : 5.2.3 Ensure permissions on SSH public host key files are configured | find keys] **************************************************************************************************************************************
[0;36mskipping: [dcex1416ws02][0m

TASK [cis_security : 5.2.3 Ensure permissions on SSH public host key files are configured | fix permissions] ********************************************************************************************************************************
[0;36mskipping: [dcex1416ws02][0m

TASK [cis_security : 5.2.4 Ensure SSH access is limited | allow groups] *********************************************************************************************************************************************************************
[0;36mskipping: [dcex1416ws02][0m

TASK [cis_security : 5.2.4 Ensure SSH access is limited | denyusers] ************************************************************************************************************************************************************************
[0;36mskipping: [dcex1416ws02][0m

TASK [cis_security : 5.2.4 Ensure SSH access is limited | denygroups] ***********************************************************************************************************************************************************************
[0;31m--- before: /etc/ssh/sshd_config (content)[0m
[0;31m[0m[0;32m+++ after: /etc/ssh/sshd_config (content)[0m
[0;32m[0m[0;36m@@ -171,3 +171,4 @@[0m
[0;36m[0m # Reject keys that are explicitly blacklisted
 RevokedKeys /etc/ssh/revoked_keys
 
[0;32m+DenyGroups games[0m
[0;32m[0m
[0;33mchanged: [dcex1416ws02][0m

TASK [cis_security : 5.2.5 Ensure SSH LogLevel is appropriate] ******************************************************************************************************************************************************************************
[0;32mok: [dcex1416ws02][0m

TASK [cis_security : 5.2.6 Ensure SSH PAM is enabled] ***************************************************************************************************************************************************************************************
[0;32mok: [dcex1416ws02][0m

TASK [cis_security : 5.2.8 Ensure SSH HostbasedAuthentication is disabled] ******************************************************************************************************************************************************************
[0;32mok: [dcex1416ws02][0m

TASK [cis_security : 5.2.9 Ensure SSH PermitEmptyPasswords is disabled] *********************************************************************************************************************************************************************
[0;32mok: [dcex1416ws02][0m

TASK [cis_security : 5.2.10 Ensure SSH PermitUserEnvironment is disabled] *******************************************************************************************************************************************************************
[0;32mok: [dcex1416ws02][0m

TASK [cis_security : 5.2.11 Ensure SSH  5.2.21sts is enabled] *******************************************************************************************************************************************************************************
[0;32mok: [dcex1416ws02][0m

TASK [cis_security : 5.2.13 Ensure only strong Ciphers are used] ****************************************************************************************************************************************************************************
[0;32mok: [dcex1416ws02][0m

TASK [cis_security : 5.2.14 Ensure only strong MAC algorithms are used] *********************************************************************************************************************************************************************
[0;32mok: [dcex1416ws02][0m

TASK [cis_security : 5.2.15 Ensure only strong Key Exchange algorithms are used] ************************************************************************************************************************************************************
[0;32mok: [dcex1416ws02][0m

TASK [cis_security : 5.2.17 Ensure SSH warning banner is configured] ************************************************************************************************************************************************************************
[0;31m--- before: /etc/ssh/sshd_config (content)[0m
[0;31m[0m[0;32m+++ after: /etc/ssh/sshd_config (content)[0m
[0;32m[0m[0;36m@@ -164,7 +164,7 @@[0m
[0;36m[0m 
 PrintLastLog no
 
[0;31m-Banner /etc/ssh/banner.txt[0m
[0;31m[0m[0;32m+Banner /etc/ssh/banner[0m
[0;32m[0m 
 DebianBanner no
 

[0;33mchanged: [dcex1416ws02][0m

TASK [cis_security : 5.2.18 Ensure SSH MaxAuthTries is set to 4 or less] ********************************************************************************************************************************************************************
[0;32mok: [dcex1416ws02][0m

TASK [cis_security : 5.3.19 Ensure SSH MaxStartups is configured to 10:30:60] ***************************************************************************************************************************************************************
[0;32mok: [dcex1416ws02][0m

TASK [cis_security : 5.3.20 Ensure SSH MaxSessions is limited to 4] *************************************************************************************************************************************************************************
[0;32mok: [dcex1416ws02][0m

TASK [cis_security : 5.2.21 Ensure SSH LoginGraceTime is set to one minute or less] *********************************************************************************************************************************************************
[0;31m--- before: /etc/ssh/sshd_config (content)[0m
[0;31m[0m[0;32m+++ after: /etc/ssh/sshd_config (content)[0m
[0;32m[0m[0;36m@@ -77,7 +77,7 @@[0m
[0;36m[0m 
 # Secure Login directives.
 
[0;31m-LoginGraceTime 30s[0m
[0;31m[0m[0;32m+LoginGraceTime 30[0m
[0;32m[0m MaxAuthTries 2
 MaxSessions 4
 MaxStartups 10:30:60

[0;33mchanged: [dcex1416ws02][0m

TASK [cis_security : 5.2.22 Ensure SSH Idle Timeout Interval is configured | clientalive] ***************************************************************************************************************************************************
[0;32mok: [dcex1416ws02][0m

TASK [cis_security : 5.2.22 Ensure SSH Idle Timeout Interval is configured | MaxAlive] ******************************************************************************************************************************************************
[0;31m--- before: /etc/ssh/sshd_config (content)[0m
[0;31m[0m[0;32m+++ after: /etc/ssh/sshd_config (content)[0m
[0;32m[0m[0;36m@@ -127,7 +127,7 @@[0m
[0;36m[0m 
 # Manage `ClientAlive..` signals via interval and maximum count. This will periodically check up to a `..CountMax` number of times within `..Interval` timeframe, and abort the connection once these fail.
 ClientAliveInterval 300
[0;31m-ClientAliveCountMax 0[0m
[0;31m[0m[0;32m+ClientAliveCountMax 3[0m
[0;32m[0m 
 # Disable tunneling
 PermitTunnel no

[0;33mchanged: [dcex1416ws02][0m

TASK [cis_security : restart_sshd] **********************************************************************************************************************************************************************************************************
[0;33mchanged: [dcex1416ws02][0m

TASK [cis_security : 5.3.1 Ensure sudo is installed] ****************************************************************************************************************************************************************************************
[0;32mok: [dcex1416ws02][0m

TASK [cis_security : 5.3.2 Ensure sudo commands use pty] ************************************************************************************************************************************************************************************
[0;32mok: [dcex1416ws02][0m

TASK [cis_security : 5.3.3 Ensure sudo log file exists] *************************************************************************************************************************************************************************************
[0;32mok: [dcex1416ws02][0m

TASK [cis_security : 5.4.1 Ensure password creation requirements are configured] ************************************************************************************************************************************************************
[0;32mok: [dcex1416ws02][0m

TASK [cis_security : 5.4.1 Ensure password creation requirements are configured] ************************************************************************************************************************************************************
[0;32mok: [dcex1416ws02] => (item={'key': 'minlen', 'value': '14'})[0m
[0;32mok: [dcex1416ws02] => (item={'key': 'dcredit', 'value': '-1'})[0m
[0;32mok: [dcex1416ws02] => (item={'key': 'ucredit', 'value': '-1'})[0m
[0;32mok: [dcex1416ws02] => (item={'key': 'ocredit', 'value': '-1'})[0m
[0;32mok: [dcex1416ws02] => (item={'key': 'lcredit', 'value': '-1'})[0m

TASK [cis_security : 5.4.2 Ensure lockout for failed password attempts is configured | common-auth] *****************************************************************************************************************************************
[0;32mok: [dcex1416ws02][0m

TASK [cis_security : 5.4.2 Ensure lockout for failed password attempts is configured | pam_deny.so] *****************************************************************************************************************************************
[0;32mok: [dcex1416ws02][0m

TASK [cis_security : 5.4.2 Ensure lockout for failed password attempts is configured | pam_tally2.so] ***************************************************************************************************************************************
[0;32mok: [dcex1416ws02][0m

TASK [cis_security : 5.4.3.1 Ensure password reuse is limited | delete possible duplicate lines] ********************************************************************************************************************************************
[0;32mok: [dcex1416ws02][0m

TASK [cis_security : 5.4.3.2 Ensure password reuse is limited | update file according to CIS] ***********************************************************************************************************************************************
[0;32mok: [dcex1416ws02][0m

TASK [cis_security : 5.4.4 Ensure password hashing algorithm is SHA-512] ********************************************************************************************************************************************************************
[0;32mok: [dcex1416ws02][0m

TASK [cis_security : 5.5.1.1 Ensure minimum days between password changes is configured | PASS_MIN_DAYS] ************************************************************************************************************************************
[0;32mok: [dcex1416ws02][0m

TASK [cis_security : 5.5.1.1 Ensure minimum days between password changes is configured  | chage --mindays] *********************************************************************************************************************************
[0;36mskipping: [dcex1416ws02] => (item=root) [0m
[0;36mskipping: [dcex1416ws02] => (item=sshaccess) [0m
[0;36mskipping: [dcex1416ws02] => (item=pam_rpcdisc) [0m
[0;36mskipping: [dcex1416ws02][0m

TASK [cis_security : 5.5.1.3 Ensure password expiration warning days is 7 or more | PASS_WARN_AGE] ******************************************************************************************************************************************
[0;32mok: [dcex1416ws02][0m

TASK [cis_security : 5.5.1.3 Ensure password expiration warning days is 7 or more  | chage --warndays] **************************************************************************************************************************************
[0;36mskipping: [dcex1416ws02] => (item=root) [0m
[0;36mskipping: [dcex1416ws02] => (item=sshaccess) [0m
[0;36mskipping: [dcex1416ws02] => (item=pam_rpcdisc) [0m
[0;36mskipping: [dcex1416ws02][0m

TASK [cis_security : 5.5.1.5 Ensure all users last password change date is in the past | get list] ******************************************************************************************************************************************
[0;36mskipping: [dcex1416ws02][0m

TASK [cis_security : 5.5.1.5 Ensure all users last password change date is in the past | save list] *****************************************************************************************************************************************
[0;31m--- before[0m
[0;31m[0m[0;32m+++ after: /root/.ansible/tmp/ansible-local-28153o4sro5el/tmp97kt81y0[0m
[0;32m[0m[0;36m@@ -0,0 +1 @@[0m
[0;36m[0m[0;32m+[][0m
[0;32m\ No newline at end of file[0m
[0;32m[0m
[0;33mchanged: [dcex1416ws02][0m

TASK [cis_security : 5.5.2 Ensure system accounts are secured | set all system accounts to a non login shell] *******************************************************************************************************************************
[0;36mskipping: [dcex1416ws02][0m

TASK [cis_security : 5.5.3 Ensure default group for the root account is GID 0] **************************************************************************************************************************************************************
[0;36mskipping: [dcex1416ws02][0m

TASK [cis_security : 5.5.4 Ensure default user umask is 027 or more restrictive - /etc/profile] *********************************************************************************************************************************************
[0;32mok: [dcex1416ws02][0m

TASK [cis_security : 5.5.4 Ensure default user umask is 027 or more restrictive - Fix for /etc/apt/apt.conf.d/50command-not-found] **********************************************************************************************************
[0;36mskipping: [dcex1416ws02][0m

TASK [cis_security : 5.5.5 Ensure default user shell timeout is 900 seconds or less | /etc/profile] *****************************************************************************************************************************************
[0;32mok: [dcex1416ws02][0m

TASK [cis_security : Creates Hardening directory] *******************************************************************************************************************************************************************************************
[0;32mok: [dcex1416ws02][0m

TASK [cis_security : 6.1.1 Ensure permissions on /etc/passwd are configured] ****************************************************************************************************************************************************************
[0;32mok: [dcex1416ws02][0m

TASK [cis_security : 6.1.2 Ensure permissions on /etc/passwd- are configured] ***************************************************************************************************************************************************************
[0;32mok: [dcex1416ws02][0m

TASK [cis_security : 6.1.3 Ensure permissions on /etc/group are configured] *****************************************************************************************************************************************************************
[0;32mok: [dcex1416ws02][0m

TASK [cis_security : 6.1.4 Ensure permissions on /etc/group- are configured] ****************************************************************************************************************************************************************
[0;32mok: [dcex1416ws02][0m

TASK [cis_security : 6.1.5 Ensure permissions on /etc/shadow are configured, with group 'shadow'] *******************************************************************************************************************************************
[0;32mok: [dcex1416ws02][0m

TASK [cis_security : 6.1.6 Ensure permissions on /etc/shadow- are configured] ***************************************************************************************************************************************************************
[0;32mok: [dcex1416ws02][0m

TASK [cis_security : 6.1.7 Ensure permissions on /etc/gshadow are configured] ***************************************************************************************************************************************************************
[0;32mok: [dcex1416ws02][0m

TASK [cis_security : 6.1.8 Ensure permissions on /etc/gshadow- are configured] **************************************************************************************************************************************************************
[0;32mok: [dcex1416ws02][0m

TASK [cis_security : 6.1.9 Ensure no world writable files exist | find files] ***************************************************************************************************************************************************************
[0;36mskipping: [dcex1416ws02][0m

TASK [cis_security : 6.1.9 Ensure no world writable files exist | save output] **************************************************************************************************************************************************************
[0;32mok: [dcex1416ws02][0m

TASK [cis_security : 6.1.9 Ensure no world writable files exist | fix permission] ***********************************************************************************************************************************************************
[0;36mskipping: [dcex1416ws02][0m

TASK [cis_security : 6.2.1 Ensure accounts in /etc/passwd use shadowed passwords] ***********************************************************************************************************************************************************
[0;36mskipping: [dcex1416ws02][0m

TASK [cis_security : 6.2.2  Ensure password fields are not empty | list] ********************************************************************************************************************************************************************
[0;36mskipping: [dcex1416ws02][0m

TASK [cis_security : 6.2.2 Ensure password fields are not empty | Save output] **************************************************************************************************************************************************************
[0;32mok: [dcex1416ws02][0m

TASK [cis_security : 6.2.2 Ensure password fields are not empty | Lock account] *************************************************************************************************************************************************************
[0;36mskipping: [dcex1416ws02][0m

TASK [cis_security : 6.2.3 Ensure all groups in /etc/passwd exist in /etc/group | list] *****************************************************************************************************************************************************
[0;36mskipping: [dcex1416ws02][0m

TASK [cis_security : 6.2.3 Ensure all groups in /etc/passwd exist in /etc/group | save output] **********************************************************************************************************************************************
[0;32mok: [dcex1416ws02][0m

TASK [cis_security : 6.2.4 Ensure shadow group is empty | list] *****************************************************************************************************************************************************************************
[0;36mskipping: [dcex1416ws02][0m

TASK [cis_security : 6.2.4 Ensure shadow group is empty | save output] **********************************************************************************************************************************************************************
[0;32mok: [dcex1416ws02][0m

TASK [cis_security : 6.2.5 Ensure no duplicate UIDs exist | list] ***************************************************************************************************************************************************************************
[0;36mskipping: [dcex1416ws02][0m

TASK [cis_security : 6.2.5 Ensure no duplicate UIDs exist | save output] ********************************************************************************************************************************************************************
[0;31m--- before[0m
[0;31m[0m[0;32m+++ after: /root/.ansible/tmp/ansible-local-28153o4sro5el/tmp1hck_k5u[0m
[0;32m[0m[0;36m@@ -0,0 +1 @@[0m
[0;36m[0m[0;32m+{"changed": false, "stdout": "", "stderr": "", "rc": 0, "cmd": "cut -f3 -d\":\" /etc/passwd | sort -n | uniq -c | while read x; do\n    [ -z \"$x\" ] && break\n    set - $x\n    if [ $1 -gt 1 ]; then\n        users=$(awk -F: '($3 == n) { print $1 }' n=$2 /etc/passwd | xargs)\n        echo \"Duplicate UID ($2): $users\"\n    fi\ndone\n", "start": null, "end": null, "delta": null, "msg": "Command would have run if not in check mode", "skipped": true, "stdout_lines": [], "stderr_lines": [], "failed": false}[0m
[0;32m\ No newline at end of file[0m
[0;32m[0m
[0;33mchanged: [dcex1416ws02][0m

TASK [cis_security : 6.2.6 Ensure no duplicate GIDs exist | list] ***************************************************************************************************************************************************************************
[0;36mskipping: [dcex1416ws02][0m

TASK [cis_security : 6.2.6 Ensure no duplicate GIDs exist | save output] ********************************************************************************************************************************************************************
[0;31m--- before[0m
[0;31m[0m[0;32m+++ after: /root/.ansible/tmp/ansible-local-28153o4sro5el/tmpj2w1qm6e[0m
[0;32m[0m[0;36m@@ -0,0 +1 @@[0m
[0;36m[0m[0;32m+{"changed": false, "stdout": "", "stderr": "", "rc": 0, "cmd": "cut -d: -f3 /etc/group | sort | uniq -d | while read x; do\n    echo \"Duplicate GID ($x) in /etc/group\"\ndone\n", "start": null, "end": null, "delta": null, "msg": "Command would have run if not in check mode", "skipped": true, "stdout_lines": [], "stderr_lines": [], "failed": false}[0m
[0;32m\ No newline at end of file[0m
[0;32m[0m
[0;33mchanged: [dcex1416ws02][0m

TASK [cis_security : 6.2.7 Ensure no duplicate user names exist | list] *********************************************************************************************************************************************************************
[0;36mskipping: [dcex1416ws02][0m

TASK [cis_security : 6.2.7 Ensure no duplicate user names exist | save output] **************************************************************************************************************************************************************
[0;32mok: [dcex1416ws02][0m

TASK [cis_security : 6.2.8 Ensure no duplicate group names exist | list] ********************************************************************************************************************************************************************
[0;36mskipping: [dcex1416ws02][0m

TASK [cis_security : 6.2.8 Ensure no duplicate group names exist | save output] *************************************************************************************************************************************************************
[0;32mok: [dcex1416ws02][0m

TASK [cis_security : 6.2.9 Ensure root PATH Integrity | run | Delete non-existing folders from PATH] ****************************************************************************************************************************************
[0;36mskipping: [dcex1416ws02][0m

TASK [cis_security : 6.2.9 Ensure root PATH Integrity | run] ********************************************************************************************************************************************************************************
[0;36mskipping: [dcex1416ws02][0m

TASK [cis_security : 6.2.9 Ensure root PATH Integrity | run] ********************************************************************************************************************************************************************************
[0;36mskipping: [dcex1416ws02][0m

TASK [cis_security : 6.2.9 Ensure root PATH Integrity | save output] ************************************************************************************************************************************************************************
[0;32mok: [dcex1416ws02][0m

TASK [cis_security : 6.2.10 Ensure root is the only UID 0 account| list] ********************************************************************************************************************************************************************
[0;36mskipping: [dcex1416ws02][0m

TASK [cis_security : 6.2.10 Ensure root is the only UID 0 account | Save output] ************************************************************************************************************************************************************
[0;32mok: [dcex1416ws02][0m

TASK [cis_security : 6.2.11 Ensure all users' home directories exist | list] ****************************************************************************************************************************************************************
[0;36mskipping: [dcex1416ws02][0m

TASK [cis_security : 6.2.11 Ensure all users' home directories exist | save] ****************************************************************************************************************************************************************
[0;32mok: [dcex1416ws02][0m

TASK [cis_security : 6.2.4 Ensure all users' home directories exist | fix] ******************************************************************************************************************************************************************
[0;36mskipping: [dcex1416ws02][0m

TASK [cis_security : 6.2.12 Ensure users own their home directories | list] *****************************************************************************************************************************************************************
[0;36mskipping: [dcex1416ws02][0m

TASK [cis_security : 6.2.12 Ensure users own their home directories | Var] ******************************************************************************************************************************************************************
[0;31mfatal: [dcex1416ws02]: FAILED! => {"msg": "The task includes an option with an undefined variable. The error was: 'dict object' has no attribute 'stdout_lines'. 'dict object' has no attribute 'stdout_lines'\n\nThe error appears to be in '/home/gfk.com/ivan.stamov.adm/cis-hardening/roles/cis_security/tasks/type-files/ubuntu-22-type.yml': line 3252, column 7, but may\nbe elsewhere in the file depending on the exact syntax problem.\n\nThe offending line appears to be:\n\n      changed_when: false\n    - name: 6.2.12 Ensure users own their home directories | Var\n      ^ here\n"}[0m
[0;36m...ignoring[0m

TASK [cis_security : 6.2.12 Ensure users own their home directories | save output] **********************************************************************************************************************************************************
[0;31mfatal: [dcex1416ws02]: FAILED! => {"msg": "The task includes an option with an undefined variable. The error was: 'output_6_2_12_list' is undefined. 'output_6_2_12_list' is undefined\n\nThe error appears to be in '/home/gfk.com/ivan.stamov.adm/cis-hardening/roles/cis_security/tasks/type-files/ubuntu-22-type.yml': line 3255, column 7, but may\nbe elsewhere in the file depending on the exact syntax problem.\n\nThe offending line appears to be:\n\n        output_6_2_12_list: \"{{ output_6_2_12.stdout_lines | list }}\"\n    - name: 6.2.12 Ensure users own their home directories | save output\n      ^ here\n"}[0m
[0;36m...ignoring[0m

TASK [cis_security : 6.2.5 Ensure users own their home directories | fix] *******************************************************************************************************************************************************************
[0;31mfatal: [dcex1416ws02]: FAILED! => {"msg": "'output_6_2_12_list' is undefined. 'output_6_2_12_list' is undefined"}[0m
[0;36m...ignoring[0m

TASK [cis_security : 6.2.13 Ensure users home directories permissions are 750 or more restrictive - list] ***********************************************************************************************************************************
[0;36mskipping: [dcex1416ws02][0m

TASK [cis_security : 6.2.13 Ensure users' home directories permissions are 750 or more restrictive - print output] **************************************************************************************************************************
[0;31mfatal: [dcex1416ws02]: FAILED! => {"msg": "The task includes an option with an undefined variable. The error was: 'dict object' has no attribute 'stdout_lines'. 'dict object' has no attribute 'stdout_lines'\n\nThe error appears to be in '/home/gfk.com/ivan.stamov.adm/cis-hardening/roles/cis_security/tasks/type-files/ubuntu-22-type.yml': line 3279, column 7, but may\nbe elsewhere in the file depending on the exact syntax problem.\n\nThe offending line appears to be:\n\n      changed_when: false\n    - name: 6.2.13 Ensure users' home directories permissions are 750 or more restrictive - print output\n      ^ here\n"}[0m
[0;36m...ignoring[0m

TASK [cis_security : 6.2.13 Ensure users home directories permissions are 750 or more restrictive - fix] ************************************************************************************************************************************
[1;35m[WARNING]: conditional statements should not include jinja2 templating delimiters such as {{ }} or {% %}. Found: {{ output_6_2_13.stdout_lines|length > 0 }}[0m
[0;31mfatal: [dcex1416ws02]: FAILED! => {"msg": "'dict object' has no attribute 'stdout_lines'. 'dict object' has no attribute 'stdout_lines'"}[0m
[0;36m...ignoring[0m

TASK [cis_security : 6.2.14 Ensure no users have .netrc files | list] ***********************************************************************************************************************************************************************
[0;36mskipping: [dcex1416ws02][0m

TASK [cis_security : 6.2.14 Ensure no users have .netrc files | save output] ****************************************************************************************************************************************************************
[0;31mfatal: [dcex1416ws02]: FAILED! => {"msg": "The task includes an option with an undefined variable. The error was: 'dict object' has no attribute 'stdout'. 'dict object' has no attribute 'stdout'\n\nThe error appears to be in '/home/gfk.com/ivan.stamov.adm/cis-hardening/roles/cis_security/tasks/type-files/ubuntu-22-type.yml': line 3302, column 7, but may\nbe elsewhere in the file depending on the exact syntax problem.\n\nThe offending line appears to be:\n\n      changed_when: false\n    - name: 6.2.14 Ensure no users have .netrc files | save output\n      ^ here\n"}[0m
[0;36m...ignoring[0m

TASK [cis_security : 6.2.15 Ensure no users have .forward files | list] *********************************************************************************************************************************************************************
[0;36mskipping: [dcex1416ws02][0m

TASK [cis_security : 6.2.15 Ensure no users have .forward files  | save output] *************************************************************************************************************************************************************
[0;31mfatal: [dcex1416ws02]: FAILED! => {"msg": "The task includes an option with an undefined variable. The error was: 'dict object' has no attribute 'stdout'. 'dict object' has no attribute 'stdout'\n\nThe error appears to be in '/home/gfk.com/ivan.stamov.adm/cis-hardening/roles/cis_security/tasks/type-files/ubuntu-22-type.yml': line 3321, column 7, but may\nbe elsewhere in the file depending on the exact syntax problem.\n\nThe offending line appears to be:\n\n      changed_when: false\n    - name: 6.2.15 Ensure no users have .forward files  | save output\n      ^ here\n"}[0m
[0;36m...ignoring[0m

TASK [cis_security : 6.2.16 Ensure no users have .rhosts files | list] **********************************************************************************************************************************************************************
[0;36mskipping: [dcex1416ws02][0m

TASK [cis_security : 6.2.16 Ensure no users have .rhosts files | save output] ***************************************************************************************************************************************************************
[0;31mfatal: [dcex1416ws02]: FAILED! => {"msg": "The task includes an option with an undefined variable. The error was: 'dict object' has no attribute 'stdout'. 'dict object' has no attribute 'stdout'\n\nThe error appears to be in '/home/gfk.com/ivan.stamov.adm/cis-hardening/roles/cis_security/tasks/type-files/ubuntu-22-type.yml': line 3339, column 7, but may\nbe elsewhere in the file depending on the exact syntax problem.\n\nThe offending line appears to be:\n\n      changed_when: false\n    - name: 6.2.16 Ensure no users have .rhosts files | save output\n      ^ here\n"}[0m
[0;36m...ignoring[0m

TASK [cis_security : 6.2.17 Ensure users' dot files are not group or world writable | list] *************************************************************************************************************************************************
[0;36mskipping: [dcex1416ws02][0m

TASK [cis_security : 6.2.17 Ensure users' dot files and folders are not group or world writable | list] *************************************************************************************************************************************
[0;36mskipping: [dcex1416ws02][0m

TASK [cis_security : 6.2.17 Ensure users' dot files are not group or world writable | save output] ******************************************************************************************************************************************
[0;31mfatal: [dcex1416ws02]: FAILED! => {"msg": "The task includes an option with an undefined variable. The error was: 'dict object' has no attribute 'stdout'. 'dict object' has no attribute 'stdout'\n\nThe error appears to be in '/home/gfk.com/ivan.stamov.adm/cis-hardening/roles/cis_security/tasks/type-files/ubuntu-22-type.yml': line 3363, column 7, but may\nbe elsewhere in the file depending on the exact syntax problem.\n\nThe offending line appears to be:\n\n      when: fix_dot_include_folders\n    - name: 6.2.17 Ensure users' dot files are not group or world writable | save output\n      ^ here\n"}[0m
[0;36m...ignoring[0m

TASK [cis_security : 6.2.17 Ensure users' dot files and folders are not group or world writable | save output] ******************************************************************************************************************************
[0;36mskipping: [dcex1416ws02][0m

TASK [cis_security : 6.2.17 Ensure users' dot files are not group or world writable | correct file permissions] *****************************************************************************************************************************
[0;36mskipping: [dcex1416ws02][0m

TASK [cis_security : 6.2.17 Ensure users' dot files and folders are not group or world writable | correct file permissions] *****************************************************************************************************************
[0;36mskipping: [dcex1416ws02][0m

TASK [cis_security : Add hardening file.] ***************************************************************************************************************************************************************************************************
[0;31m--- before[0m
[0;31m[0m[0;32m+++ after[0m
[0;32m[0m[0;36m@@ -1,6 +1,6 @@[0m
[0;36m[0m {
[0;31m-    "atime": 1687162260.7087412,[0m
[0;31m[0m[0;31m-    "mtime": 1687162260.7087412,[0m
[0;31m[0m[0;32m+    "atime": 1688564975.5896096,[0m
[0;32m[0m[0;32m+    "mtime": 1688564975.5896096,[0m
[0;32m[0m     "path": "/etc/.hardening",
[0;31m-    "state": "file"[0m
[0;31m[0m[0;32m+    "state": "touch"[0m
[0;32m[0m }

[0;33mchanged: [dcex1416ws02][0m

PLAY RECAP **********************************************************************************************************************************************************************************************************************************
[0;33mdcex1416ws02[0m               : [0;32mok=191 [0m [0;33mchanged=12  [0m unreachable=0    failed=0    [0;36mskipped=81  [0m rescued=0    [1;35mignored=11  [0m


Script done on 2023-07-05 15:49:35+02:00
