Script started on Fri 21 Apr 2023 10:25:58 AM CEST
[1;35m[WARNING]: While constructing a mapping from /home/gfk.com/ivan.stamov.adm/cis-hardening/roles/cis_security/defaults/main.yml, line 6, column 1, found a duplicate dict key[0m
[1;35m(enable_firewall). Using last defined value only.[0m
[1;35m[WARNING]: While constructing a mapping from /home/gfk.com/ivan.stamov.adm/cis-hardening/roles/cis_security/defaults/main.yml, line 6, column 1, found a duplicate dict key[0m
[1;35m(ssh_max_sessions). Using last defined value only.[0m

PLAY [all] **********************************************************************************************************************************************************************************

TASK [Gathering Facts] **********************************************************************************************************************************************************************
[0;35m[DEPRECATION WARNING]: Distribution ubuntu 20.04 on host dcex9002t1xut7q should use /usr/bin/python3, but is using /usr/bin/python for backward compatibility with prior Ansible releases. A[0m
[0;35m future Ansible release will default to using the discovered platform python for this host. See https://docs.ansible.com/ansible/2.9/reference_appendices/interpreter_discovery.html for [0m
[0;35mmore information. This feature will be removed in version 2.12. Deprecation warnings can be disabled by setting deprecation_warnings=False in ansible.cfg.[0m
[0;32mok: [dcex9002t1xut7q][0m

TASK [cis_security : include] ***************************************************************************************************************************************************************
[0;36mincluded: /home/gfk.com/ivan.stamov.adm/cis-hardening/roles/cis_security/tasks/CIS-Ubuntu-20.yml for dcex9002t1xut7q[0m

TASK [cis_security : include] ***************************************************************************************************************************************************************
[1;35m[WARNING]: While constructing a mapping from /home/gfk.com/ivan.stamov.adm/cis-hardening/roles/cis_security/tasks/type-files/ubuntu-20-type.yml, line 2657, column 9, found a duplicate dict[0m
[1;35mkey (line). Using last defined value only.[0m
[0;36mincluded: /home/gfk.com/ivan.stamov.adm/cis-hardening/roles/cis_security/tasks/type-files/ubuntu-20-type.yml for dcex9002t1xut7q[0m

TASK [cis_security : 1.1.1.1 Ensure mounting of cramfs filesystems is disabled] *************************************************************************************************************
[0;32mok: [dcex9002t1xut7q][0m

TASK [cis_security : 1.1.1.1 Ensure mounting of cramfs filesystems is disabled | modprobe] **************************************************************************************************
[0;32mok: [dcex9002t1xut7q][0m

TASK [cis_security : 1.1.1.2 Ensure mounting of freevxfs filesystems is disabled] ***********************************************************************************************************
[0;32mok: [dcex9002t1xut7q][0m

TASK [cis_security : 1.1.1.2 Ensure mounting of freevxfs filesystems is disabled | modprobe] ************************************************************************************************
[0;32mok: [dcex9002t1xut7q][0m

TASK [cis_security : 1.1.1.3 Ensure mounting of jffs2 filesystems is disabled] **************************************************************************************************************
[0;32mok: [dcex9002t1xut7q][0m

TASK [cis_security : 1.1.1.3 Ensure mounting of jffs2 filesystems is disabled] **************************************************************************************************************
[0;32mok: [dcex9002t1xut7q][0m

TASK [cis_security : 1.1.1.4 Ensure mounting of hfs filesystems is disabled] ****************************************************************************************************************
[0;32mok: [dcex9002t1xut7q][0m

TASK [cis_security : 1.1.1.4 Ensure mounting of hfs filesystems is disabled | modprobe] *****************************************************************************************************
[0;32mok: [dcex9002t1xut7q][0m

TASK [cis_security : 1.1.1.5 Ensure mounting of hfsplus filesystems is disabled] ************************************************************************************************************
[0;32mok: [dcex9002t1xut7q][0m

TASK [cis_security : 1.1.1.5 Ensure mounting of hfsplus filesystems is disabled | modprobe] *************************************************************************************************
[0;32mok: [dcex9002t1xut7q][0m

TASK [cis_security : 1.1.1.7 Ensure mounting of udf filesystems is disabled] ****************************************************************************************************************
[0;32mok: [dcex9002t1xut7q][0m

TASK [cis_security : 1.1.1.7 Ensure mounting of udf filesystems is disabled | modprobe] *****************************************************************************************************
[0;32mok: [dcex9002t1xut7q][0m

TASK [cis_security : 1.1.2 Ensure /tmp is configured] ***************************************************************************************************************************************
[0;32mok: [dcex9002t1xut7q][0m

TASK [cis_security : 1.1.2 Ensure /tmp is configured | edit file] ***************************************************************************************************************************
[0;32mok: [dcex9002t1xut7q][0m

TASK [cis_security : 1.1.2 Ensure /tmp is configured | reload demon] ************************************************************************************************************************
[0;32mok: [dcex9002t1xut7q][0m

TASK [cis_security : 1.1.2 Ensure /tmp is configured | enable and start tmp.mount] **********************************************************************************************************
[0;32mok: [dcex9002t1xut7q][0m

TASK [cis_security : Get file system] *******************************************************************************************************************************************************
[0;32mok: [dcex9002t1xut7q][0m

TASK [cis_security : debug] *****************************************************************************************************************************************************************
[0;32mok: [dcex9002t1xut7q] => {[0m
[0;32m    "filesystem.stdout": "ext4"[0m
[0;32m}[0m

TASK [cis_security : Check /tmp config] *****************************************************************************************************************************************************
[0;32mok: [dcex9002t1xut7q][0m

TASK [cis_security : Remount /tmp] **********************************************************************************************************************************************************
[0;36mskipping: [dcex9002t1xut7q][0m

TASK [cis_security : 1.1.6 Ensure /dev/shm is configured
 1.1.7 Ensure nodev option set on /dev/shm partition
 1.1.8 Ensure nosuid option set on /dev/shm partition
 1.1.9 Ensure noexec option set on /dev/shm partition] ***
[0;32mok: [dcex9002t1xut7q][0m

TASK [cis_security : 1.1.12 Ensure nodev option set on /var/tmp partitions] *****************************************************************************************************************
[0;36mskipping: [dcex9002t1xut7q][0m

TASK [cis_security : /var/tmp partitions] ***************************************************************************************************************************************************
[0;32mok: [dcex9002t1xut7q] => {[0m
[0;32m    "msg": {[0m
[0;32m        "changed": false, [0m
[0;32m        "failed": false, [0m
[0;32m        "msg": "skipped, running in check mode", [0m
[0;32m        "skipped": true, [0m
[0;32m        "warnings": [[0m
[0;32m            "Consider using the mount module rather than running 'mount'.  If you need to use command because mount is insufficient you can add 'warn: false' to this command task or set 'command_warnings=False' in ansible.cfg to get rid of this message."[0m
[0;32m        ][0m
[0;32m    }[0m
[0;32m}[0m

TASK [cis_security : 1.1.18 Ensure nodev option set on /home partition] *********************************************************************************************************************
[0;32mok: [dcex9002t1xut7q] => {[0m
[0;32m    "msg": "For new installations, during installation create a custom partition setup and specify a separate partition"[0m
[0;32m}[0m

TASK [cis_security : 1.1.22 Ensure sticky bit is set on all world-writable directories | get info] ******************************************************************************************
[0;36mskipping: [dcex9002t1xut7q][0m

TASK [cis_security : 1.1.22 Ensure sticky bit is set on all world-writable directories | fix] ***********************************************************************************************
[0;31mfatal: [dcex9002t1xut7q]: FAILED! => {"msg": "The conditional check 'worldWriteableList.stdout_lines |length > 0' failed. The error was: error while evaluating conditional (worldWriteableList.stdout_lines |length > 0): 'dict object' has no attribute 'stdout_lines'\n\nThe error appears to be in '/home/gfk.com/ivan.stamov.adm/cis-hardening/roles/cis_security/tasks/type-files/ubuntu-20-type.yml': line 346, column 7, but may\nbe elsewhere in the file depending on the exact syntax problem.\n\nThe offending line appears to be:\n\n      changed_when: false\n    - name: 1.1.22 Ensure sticky bit is set on all world-writable directories | fix\n      ^ here\n"}[0m
[0;36m...ignoring[0m

TASK [cis_security : 1.1.23 Disable Automounting | service disable] *************************************************************************************************************************
[0;36mskipping: [dcex9002t1xut7q][0m

TASK [cis_security : 1.1.23 Disable Automounting | package remove] **************************************************************************************************************************
[0;32mok: [dcex9002t1xut7q][0m

TASK [cis_security : 1.1.24 Disable USB Storage | modprobe] *********************************************************************************************************************************
[0;32mok: [dcex9002t1xut7q][0m

TASK [cis_security : 1.1.24 Disable USB Storage] ********************************************************************************************************************************************
[0;32mok: [dcex9002t1xut7q][0m

TASK [cis_security : 1.3.1 Ensure AIDE is installed] ****************************************************************************************************************************************
[0;32mok: [dcex9002t1xut7q][0m

TASK [cis_security : 1.4.1 Ensure permissions on bootloader config are not overridden - step 1 - update chmod 444 to chmod 400 in /usr/sbin/grubmkconfig] ***********************************
[0;36mskipping: [dcex9002t1xut7q][0m

TASK [cis_security : 1.4.1 Ensure permissions on bootloader config are not overridden - step 2 -  check on password not being set before running chmod command] *****************************
[0;36mskipping: [dcex9002t1xut7q][0m

TASK [cis_security : 1.4.3 Ensure permissions on bootloader config are configured] **********************************************************************************************************
[0;32mok: [dcex9002t1xut7q][0m

TASK [cis_security : 1.5.2 Ensure address space layout randomization (ASLR) is enabled] *****************************************************************************************************
[0;32mok: [dcex9002t1xut7q][0m

TASK [cis_security : 1.5.3 Ensure prelink is not installed] *********************************************************************************************************************************
[0;36mskipping: [dcex9002t1xut7q][0m

TASK [cis_security : 1.5.3 Ensure prelink is not installed] *********************************************************************************************************************************
[0;32mok: [dcex9002t1xut7q][0m

TASK [cis_security : 1.5.4 Ensure core dumps are restricted | sysctl] ***********************************************************************************************************************
[0;32mok: [dcex9002t1xut7q][0m

TASK [cis_security : 1.5.4 Ensure core dumps are restricted | limits.conf] ******************************************************************************************************************
[0;32mok: [dcex9002t1xut7q][0m

TASK [cis_security : 1.5.4 Ensure core dumps are restricted | apt] **************************************************************************************************************************
[0;32mok: [dcex9002t1xut7q][0m

TASK [cis_security : 1.5.4 Ensure core dumps are restricted | coredump.conf] ****************************************************************************************************************
[0;32mok: [dcex9002t1xut7q][0m

TASK [cis_security : 1.5.4 Ensure core dumps are restricted | coredump.conf] ****************************************************************************************************************
[0;32mok: [dcex9002t1xut7q][0m

TASK [cis_security : 1.5.4 Ensure core dumps are restricted | reload] ***********************************************************************************************************************
[0;36mskipping: [dcex9002t1xut7q][0m

TASK [cis_security : 1.6.1.1 Ensure AppArmor is installed] **********************************************************************************************************************************
[0;32mok: [dcex9002t1xut7q][0m

TASK [cis_security : 1.6.1.3 Ensure all AppArmor Profiles are in enforce or complain mode
 1.6.1.4 Ensure all AppArmor Profiles are enforcing] **********************************************
[0;36mskipping: [dcex9002t1xut7q][0m

TASK [cis_security : 1.7.1 Ensure message of the day is configured properly
 1.7.4 Ensure permissions on /etc/motd are configured] **********************************************************
[0;32mok: [dcex9002t1xut7q][0m

TASK [cis_security : 1.7.1 Ensure message of the day is configured properly
 1.7.4 Ensure permissions on /etc/motd are configured  | Show templates used] ***********************************
[0;32mok: [dcex9002t1xut7q] => {[0m
[0;32m    "msg": "custom file not found, using default"[0m
[0;32m}[0m

TASK [cis_security : 1.7.2 Ensure local login warning banner is configured properly
 1.7.5 Ensure permissions on /etc/issue are configured] *************************************************
[0;32mok: [dcex9002t1xut7q][0m

TASK [cis_security : 1.7.2 Ensure local login warning banner is configured properly
 1.7.5 Ensure permissions on /etc/issue are configured  | Show templates used] **************************
[0;32mok: [dcex9002t1xut7q] => {[0m
[0;32m    "msg": "custom file not found, using default"[0m
[0;32m}[0m

TASK [cis_security : 1.7.3 Ensure local remote warning banner is configured properly
 1.7.6 Ensure permissions on /etc/issue.net are configured] ********************************************
[0;32mok: [dcex9002t1xut7q][0m

TASK [cis_security : 1.7.3 Ensure remote login warning banner is configured properly
 1.7.6 Ensure permissions on /etc/issue.net are configured  | Show templates used] *********************
[0;32mok: [dcex9002t1xut7q] => {[0m
[0;32m    "msg": "custom file not found, using default"[0m
[0;32m}[0m

TASK [cis_security : 2.1.1.1 Ensure time synchronization is in use - service install] *******************************************************************************************************
[0;32mok: [dcex9002t1xut7q][0m

TASK [cis_security : 2.1.1.1 Ensure time synchronization is in use - service start] *********************************************************************************************************
[0;32mok: [dcex9002t1xut7q][0m

TASK [cis_security : 2.1.1.2 Remove NTP] ****************************************************************************************************************************************************
[0;36mskipping: [dcex9002t1xut7q][0m

TASK [cis_security : 2.1.1.2 Ensure systemd-timesyncd is configured | install systemd-timesyncd] ********************************************************************************************
[0;36mskipping: [dcex9002t1xut7q][0m

TASK [cis_security : 2.1.1.2 Ensure systemd-timesyncd is configured | set timezone] *********************************************************************************************************
[0;36mskipping: [dcex9002t1xut7q][0m

TASK [cis_security : 2.1.1.2 Ensure systemd-timesyncd is configured | Configure systemd-timesyncd] ******************************************************************************************
[0;36mskipping: [dcex9002t1xut7q][0m

TASK [cis_security : 2.1.1.2 Ensure systemd-timesyncd is configured | Start and enable systemd-timesyncd] ***********************************************************************************
[0;36mskipping: [dcex9002t1xut7q][0m

TASK [cis_security : 2.1.1.3 Remove NTP] ****************************************************************************************************************************************************
[0;32mok: [dcex9002t1xut7q][0m

TASK [cis_security : 2.1.1.3 Ensure chrony is configured | Install Chrony] ******************************************************************************************************************
[0;32mok: [dcex9002t1xut7q][0m

TASK [cis_security : 2.1.1.3 Ensure chrony is configured | Start Chrony service] ************************************************************************************************************
[0;32mok: [dcex9002t1xut7q][0m

TASK [cis_security : 2.1.1.3 Ensure chrony is configured | Generate configuration] **********************************************************************************************************
[0;32mok: [dcex9002t1xut7q][0m

TASK [cis_security : 2.1.1.3 Ensure chrony is configured | Restart Chrony service] **********************************************************************************************************
[0;36mskipping: [dcex9002t1xut7q][0m

TASK [cis_security : 2.1.2 Ensure X Window System is not installed] *************************************************************************************************************************
[0;32mok: [dcex9002t1xut7q][0m

TASK [cis_security : 2.1.3 Ensure Avahi Server is not installed] ****************************************************************************************************************************
[0;32mok: [dcex9002t1xut7q][0m

TASK [cis_security : 2.1.4 Ensure CUPS is not installed] ************************************************************************************************************************************
[0;32mok: [dcex9002t1xut7q][0m

TASK [cis_security : 2.1.5 Ensure DHCP Server is not installed] *****************************************************************************************************************************
[0;32mok: [dcex9002t1xut7q][0m

TASK [cis_security : 2.1.6 Ensure LDAP server is not installed] *****************************************************************************************************************************
[0;32mok: [dcex9002t1xut7q][0m

TASK [cis_security : 2.1.7 Ensure NFS is not installed] *************************************************************************************************************************************
[0;36mskipping: [dcex9002t1xut7q][0m

TASK [cis_security : 2.1.8 Ensure DNS Server is not installed] ******************************************************************************************************************************
[0;32mok: [dcex9002t1xut7q][0m

TASK [cis_security : 2.1.9 Ensure FTP Server is not installed] ******************************************************************************************************************************
[0;32mok: [dcex9002t1xut7q][0m

TASK [cis_security : 2.1.10 Ensure HTTP server is not installed] ****************************************************************************************************************************
[0;36mskipping: [dcex9002t1xut7q][0m

TASK [cis_security : 2.1.11 Ensure IMAP and POP3 server are not installed] ******************************************************************************************************************
[0;32mok: [dcex9002t1xut7q][0m

TASK [cis_security : 2.1.12 Check is Samba is operational] **********************************************************************************************************************************
[0;32mok: [dcex9002t1xut7q][0m

TASK [cis_security : 2.1.12 Check for log files] ********************************************************************************************************************************************
[0;32mok: [dcex9002t1xut7q][0m

TASK [cis_security : 2.1.12 Cheking for Samba logs] *****************************************************************************************************************************************
[0;32mok: [dcex9002t1xut7q] => {[0m
[0;32m    "smbd_logs.matched": "0"[0m
[0;32m}[0m

TASK [cis_security : 2.1.12 Cheking for Samba service] **************************************************************************************************************************************
[0;32mok: [dcex9002t1xut7q] => {[0m
[0;32m    "smbd_service.status.ActiveState": "inactive"[0m
[0;32m}[0m

TASK [cis_security : 2.1.12 Ensure Samba is not installed] **********************************************************************************************************************************
[0;32mok: [dcex9002t1xut7q][0m

TASK [cis_security : 2.1.13 Ensure HTTP Proxy Server is not installed] **********************************************************************************************************************
[0;32mok: [dcex9002t1xut7q][0m

TASK [cis_security : 2.1.14 Ensure SNMP Server is not installed] ****************************************************************************************************************************
[0;32mok: [dcex9002t1xut7q][0m

TASK [cis_security : 2.1.15 Ensure mail transfer agent is configured for local-only mode] ***************************************************************************************************
[0;32mok: [dcex9002t1xut7q][0m

TASK [cis_security : 2.1.15 Ensure mail transfer agent is configured for local-only mode] ***************************************************************************************************
[0;32mok: [dcex9002t1xut7q][0m

TASK [cis_security : 2.1.15 Restart Mail transfer agent] ************************************************************************************************************************************
[0;36mskipping: [dcex9002t1xut7q][0m

TASK [cis_security : 2.1.16 Ensure rsync service is not installed] **************************************************************************************************************************
[0;32mok: [dcex9002t1xut7q][0m

TASK [cis_security : 2.1.17 Ensure NIS Server is not installed] *****************************************************************************************************************************
[0;32mok: [dcex9002t1xut7q][0m

TASK [cis_security : 2.2.1 Ensure NIS Client is not installed] ******************************************************************************************************************************
[0;32mok: [dcex9002t1xut7q][0m

TASK [cis_security : 2.2.2 Ensure rsh client is not installed] ******************************************************************************************************************************
[0;32mok: [dcex9002t1xut7q][0m

TASK [cis_security : 2.2.3 Ensure talk client is not installed] *****************************************************************************************************************************
[0;32mok: [dcex9002t1xut7q][0m

TASK [cis_security : 2.2.4 Ensure telnet client is not installed] ***************************************************************************************************************************
[0;32mok: [dcex9002t1xut7q][0m

TASK [cis_security : 2.2.5 Ensure LDAP client is not installed] *****************************************************************************************************************************
[0;32mok: [dcex9002t1xut7q][0m

TASK [cis_security : verify no wireless interfaces are active on the system] ****************************************************************************************************************
[0;32mok: [dcex9002t1xut7q][0m

TASK [cis_security : 3.1.2 Ensure wireless interfaces are disabled] *************************************************************************************************************************
[0;31mfatal: [dcex9002t1xut7q]: FAILED! => {"msg": "The conditional check 'wifiStatus.stdout_lines ==  \"Wireless is not enabled\"' failed. The error was: error while evaluating conditional (wifiStatus.stdout_lines ==  \"Wireless is not enabled\"): 'dict object' has no attribute 'stdout_lines'\n\nThe error appears to be in '/home/gfk.com/ivan.stamov.adm/cis-hardening/roles/cis_security/tasks/type-files/ubuntu-20-type.yml': line 1289, column 7, but may\nbe elsewhere in the file depending on the exact syntax problem.\n\nThe offending line appears to be:\n\n      changed_when: false\n    - name: 3.1.2 Ensure wireless interfaces are disabled\n      ^ here\n"}[0m
[0;36m...ignoring[0m

TASK [cis_security : 3.2.1 Ensure packet redirect sending is disabled | set] ****************************************************************************************************************
[0;32mok: [dcex9002t1xut7q] => (item={u'name': u'net.ipv4.conf.all.send_redirects', u'value': 0})[0m
[0;32mok: [dcex9002t1xut7q] => (item={u'name': u'net.ipv4.conf.default.send_redirects', u'value': 0})[0m

TASK [cis_security : 3.2.1 Ensure packet redirect sending is disabled | load] ***************************************************************************************************************
[0;36mskipping: [dcex9002t1xut7q][0m

TASK [cis_security : 3.2.2 Ensure IP forwarding is disabled | ipv4"] ************************************************************************************************************************
[0;32mok: [dcex9002t1xut7q][0m

TASK [cis_security : 3.2.2 Ensure IP forwarding is disabled | ipv6"] ************************************************************************************************************************
[0;36mskipping: [dcex9002t1xut7q][0m

TASK [cis_security : 3.2.2 Ensure IP forwarding is disabled | IPV4 load"] *******************************************************************************************************************
[0;32mok: [dcex9002t1xut7q][0m

TASK [cis_security : 3.2.2 Ensure IP forwarding is disabled | IPV6 load"] *******************************************************************************************************************
[0;36mskipping: [dcex9002t1xut7q][0m

TASK [cis_security : 3.3.1 Ensure source routed packets are not accepted | ipv4"] ***********************************************************************************************************
[0;32mok: [dcex9002t1xut7q] => (item={u'name': u'net.ipv4.conf.all.accept_source_route', u'value': 0})[0m
[0;32mok: [dcex9002t1xut7q] => (item={u'name': u'net.ipv4.conf.default.accept_source_route', u'value': 0})[0m

TASK [cis_security : 3.3.1 Ensure source routed packets are not accepted | ipv4 load"] ******************************************************************************************************
[0;36mskipping: [dcex9002t1xut7q][0m

TASK [cis_security : 3.3.1 Ensure source routed packets are not accepted | ipv6"] ***********************************************************************************************************
[0;36mskipping: [dcex9002t1xut7q] => (item={u'name': u'net.ipv6.conf.all.accept_source_route', u'value': 0}) [0m
[0;36mskipping: [dcex9002t1xut7q] => (item={u'name': u'net.ipv6.conf.default.accept_source_route', u'value': 0}) [0m

TASK [cis_security : 3.3.1 Ensure source routed packets are not accepted | ipv6 load"] ******************************************************************************************************
[0;36mskipping: [dcex9002t1xut7q][0m

TASK [cis_security : 3.3.2 Ensure ICMP redirects are not accepted | ipv4"] ******************************************************************************************************************
[0;32mok: [dcex9002t1xut7q] => (item={u'name': u'net.ipv4.conf.all.accept_redirects', u'value': 0})[0m
[0;32mok: [dcex9002t1xut7q] => (item={u'name': u'net.ipv4.conf.default.accept_redirects', u'value': 0})[0m

TASK [cis_security : shell] *****************************************************************************************************************************************************************
[0;36mskipping: [dcex9002t1xut7q][0m

TASK [cis_security : 3.3.2 Ensure ICMP redirects are not accepted | ipv6"] ******************************************************************************************************************
[0;36mskipping: [dcex9002t1xut7q] => (item={u'name': u'net.ipv6.conf.all.accept_redirects', u'value': 0}) [0m
[0;36mskipping: [dcex9002t1xut7q] => (item={u'name': u'net.ipv6.conf.default.accept_redirects', u'value': 0}) [0m

TASK [cis_security : shell] *****************************************************************************************************************************************************************
[0;36mskipping: [dcex9002t1xut7q][0m

TASK [cis_security : 3.3.3 Ensure secure ICMP redirects are not accepted | save] ************************************************************************************************************
[0;32mok: [dcex9002t1xut7q] => (item={u'name': u'net.ipv4.conf.all.secure_redirects', u'value': 0})[0m
[0;32mok: [dcex9002t1xut7q] => (item={u'name': u'net.ipv4.conf.default.secure_redirects', u'value': 0})[0m

TASK [cis_security : 3.3.3 Ensure secure ICMP redirects are not accepted | load] ************************************************************************************************************
[0;36mskipping: [dcex9002t1xut7q][0m

TASK [cis_security : 3.3.4 Ensure suspicious packets are logged | save] *********************************************************************************************************************
[0;32mok: [dcex9002t1xut7q] => (item={u'name': u'net.ipv4.conf.all.log_martians', u'value': 1})[0m
[0;32mok: [dcex9002t1xut7q] => (item={u'name': u'net.ipv4.conf.default.log_martians', u'value': 1})[0m

TASK [cis_security : 3.3.4 Ensure suspicious packets are logged | load] *********************************************************************************************************************
[0;36mskipping: [dcex9002t1xut7q][0m

TASK [cis_security : 3.3.5 Ensure broadcast ICMP requests are ignored | save] ***************************************************************************************************************
[0;32mok: [dcex9002t1xut7q][0m

TASK [cis_security : 3.3.5 Ensure broadcast ICMP requests are ignored | load] ***************************************************************************************************************
[0;36mskipping: [dcex9002t1xut7q][0m

TASK [cis_security : 3.3.6 Ensure bogus ICMP responses are ignored | save] ******************************************************************************************************************
[0;32mok: [dcex9002t1xut7q][0m

TASK [cis_security : 3.3.6 Ensure bogus ICMP responses are ignored | load] ******************************************************************************************************************
[0;36mskipping: [dcex9002t1xut7q][0m

TASK [cis_security : 3.3.7 Ensure Reverse Path Filtering is enabled | save] *****************************************************************************************************************
[0;32mok: [dcex9002t1xut7q] => (item={u'name': u'net.ipv4.conf.all.rp_filter', u'value': 1})[0m
[0;32mok: [dcex9002t1xut7q] => (item={u'name': u'net.ipv4.conf.default.rp_filter', u'value': 1})[0m

TASK [cis_security : 3.3.7 Ensure Reverse Path Filtering is enabled | load] *****************************************************************************************************************
[0;36mskipping: [dcex9002t1xut7q][0m

TASK [cis_security : 3.3.8 Ensure TCP SYN Cookies is enabled | save] ************************************************************************************************************************
[0;32mok: [dcex9002t1xut7q][0m

TASK [cis_security : 3.3.8 Ensure TCP SYN Cookies is enabled | load] ************************************************************************************************************************
[0;36mskipping: [dcex9002t1xut7q][0m

TASK [cis_security : 3.3.9 Ensure IPv6 router advertisements are not accepted | save] *******************************************************************************************************
[0;36mskipping: [dcex9002t1xut7q] => (item={u'name': u'net.ipv6.conf.all.accept_ra', u'value': 0}) [0m
[0;36mskipping: [dcex9002t1xut7q] => (item={u'name': u'net.ipv6.conf.default.accept_ra', u'value': 0}) [0m

TASK [cis_security : 3.3.9 Ensure IPv6 router advertisements are not accepted | load] *******************************************************************************************************
[0;36mskipping: [dcex9002t1xut7q][0m

TASK [cis_security : 3.5.1.1 Ensure ufw is installed | ufw] *********************************************************************************************************************************
[0;32mok: [dcex9002t1xut7q][0m

TASK [cis_security : 3.5.1.2 Ensure iptables-persistent is not installed] *******************************************************************************************************************
[0;32mok: [dcex9002t1xut7q][0m

TASK [cis_security : 3.5.3.1.2 Ensure ufw is uninstalled or disabled with nftables] *********************************************************************************************************
[0;32mok: [dcex9002t1xut7q][0m

TASK [cis_security : 4.2.1.1 Ensure rsyslog is installed] ***********************************************************************************************************************************
[0;32mok: [dcex9002t1xut7q][0m

TASK [cis_security : 4.2.1.2 Ensure rsyslog Service is enabled] *****************************************************************************************************************************
[0;32mok: [dcex9002t1xut7q][0m

TASK [cis_security : 4.2.1.4 Ensure rsyslog default file permissions configured] ************************************************************************************************************
[0;32mok: [dcex9002t1xut7q][0m

TASK [cis_security : 4.2.1.5 Ensure rsyslog default file permissions configured] ************************************************************************************************************
[0;32mok: [dcex9002t1xut7q][0m

TASK [cis_security : 4.2.2.1 Ensure journald is configured to send logs to rsyslog] *********************************************************************************************************
[0;32mok: [dcex9002t1xut7q][0m

TASK [cis_security : 4.2.2.2 Ensure journald is configured to compress large log files] *****************************************************************************************************
[0;32mok: [dcex9002t1xut7q][0m

TASK [cis_security : 4.2.2.3 Ensure journald is configured to write logfiles to persistent disk] ********************************************************************************************
[0;32mok: [dcex9002t1xut7q][0m

TASK [cis_security : 4.2.3 Ensure permissions on all logfiles are configured] ***************************************************************************************************************
[0;36mskipping: [dcex9002t1xut7q][0m

TASK [cis_security : 5.1.1 Ensure cron daemon is enabled and running] ***********************************************************************************************************************
[0;32mok: [dcex9002t1xut7q][0m

TASK [cis_security : 5.1.2 Ensure permissions on /etc/crontab are configured] ***************************************************************************************************************
[0;32mok: [dcex9002t1xut7q][0m

TASK [cis_security : 5.1.3 Ensure permissions on /etc/cron.hourly are configured] ***********************************************************************************************************
[0;32mok: [dcex9002t1xut7q][0m

TASK [cis_security : 5.1.4 Ensure permissions on /etc/cron.daily are configured] ************************************************************************************************************
[0;32mok: [dcex9002t1xut7q][0m

TASK [cis_security : 5.1.5 Ensure permissions on /etc/cron.weekly are configured] ***********************************************************************************************************
[0;32mok: [dcex9002t1xut7q][0m

TASK [cis_security : 5.1.6 Ensure permissions on /etc/cron.monthly are configured] **********************************************************************************************************
[0;32mok: [dcex9002t1xut7q][0m

TASK [cis_security : 5.1.7 Ensure permissions on /etc/cron.d are configured] ****************************************************************************************************************
[0;32mok: [dcex9002t1xut7q][0m

TASK [cis_security : 5.1.8 Ensure cron is restricted to authorized users | /etc/cron.deny] **************************************************************************************************
[0;32mok: [dcex9002t1xut7q][0m

TASK [cis_security : stat] ******************************************************************************************************************************************************************
[0;32mok: [dcex9002t1xut7q][0m

TASK [cis_security : 5.1.8 Ensure cron is restricted to authorized users | /etc/cron.allow] *************************************************************************************************
[0;32mok: [dcex9002t1xut7q][0m

TASK [cis_security : 5.1.9 Ensure at is restricted to authorized users | /etc/at.deny] ******************************************************************************************************
[0;32mok: [dcex9002t1xut7q][0m

TASK [cis_security : stat] ******************************************************************************************************************************************************************
[0;32mok: [dcex9002t1xut7q][0m

TASK [cis_security : 5.1.9 Ensure at is restricted to authorized users | /etc/at.allow] *****************************************************************************************************
[0;32mok: [dcex9002t1xut7q][0m

TASK [cis_security : 5.2.1 Ensure sudo is installed] ****************************************************************************************************************************************
[0;32mok: [dcex9002t1xut7q][0m

TASK [cis_security : 5.2.2 Ensure sudo commands use pty] ************************************************************************************************************************************
[0;32mok: [dcex9002t1xut7q][0m

TASK [cis_security : 5.2.3 Ensure sudo log file exists] *************************************************************************************************************************************
[0;32mok: [dcex9002t1xut7q][0m

TASK [cis_security : 5.3.1 Ensure permissions on /etc/ssh/sshd_config are configured] *******************************************************************************************************
[0;32mok: [dcex9002t1xut7q][0m

TASK [cis_security : 5.3.2 Ensure permissions on SSH private host key files are configured | find keys] *************************************************************************************
[0;36mskipping: [dcex9002t1xut7q][0m

TASK [cis_security : 5.3.2 Ensure permissions on SSH private host key files are configured | fix permissions] *******************************************************************************
[1;35m[WARNING]: conditional statements should not include jinja2 templating delimiters such as {{ }} or {% %}. Found: {{ private_keys.stdout_lines|length > 0 }}[0m
[0;31mfatal: [dcex9002t1xut7q]: FAILED! => {"msg": "'dict object' has no attribute 'stdout_lines'"}[0m
[0;36m...ignoring[0m

TASK [cis_security : 5.3.3 Ensure permissions on SSH public host key files are configured | find keys] **************************************************************************************
[0;36mskipping: [dcex9002t1xut7q][0m

TASK [cis_security : 5.3.3 Ensure permissions on SSH public host key files are configured | fix permissions] ********************************************************************************
[1;35m[WARNING]: conditional statements should not include jinja2 templating delimiters such as {{ }} or {% %}. Found: {{ public_keys.stdout_lines|length > 0 }}[0m
[0;31mfatal: [dcex9002t1xut7q]: FAILED! => {"msg": "'dict object' has no attribute 'stdout_lines'"}[0m
[0;36m...ignoring[0m

TASK [cis_security : 5.3.4 Ensure SSH access is limited | allow groups] *********************************************************************************************************************
[0;36mskipping: [dcex9002t1xut7q][0m

TASK [cis_security : 5.3.4 Ensure SSH access is limited | denyusers] ************************************************************************************************************************
[0;36mskipping: [dcex9002t1xut7q][0m

TASK [cis_security : 5.3.4 Ensure SSH access is limited | denygroups] ***********************************************************************************************************************
[0;32mok: [dcex9002t1xut7q][0m

TASK [cis_security : 5.3.5 Ensure SSH LogLevel is appropriate] ******************************************************************************************************************************
[0;32mok: [dcex9002t1xut7q][0m

TASK [cis_security : 5.3.7 Ensure SSH MaxAuthTries is set to 4 or less] *********************************************************************************************************************
[0;32mok: [dcex9002t1xut7q][0m

TASK [cis_security : 5.3.8 Ensure SSH IgnoreRhosts is enabled] ******************************************************************************************************************************
[0;32mok: [dcex9002t1xut7q][0m

TASK [cis_security : 5.3.9 Ensure SSH HostbasedAuthentication is disabled] ******************************************************************************************************************
[0;32mok: [dcex9002t1xut7q][0m

TASK [cis_security : 5.3.11 Ensure SSH PermitEmptyPasswords is disabled] ********************************************************************************************************************
[0;32mok: [dcex9002t1xut7q][0m

TASK [cis_security : 5.3.12 Ensure SSH PermitUserEnvironment is disabled] *******************************************************************************************************************
[0;32mok: [dcex9002t1xut7q][0m

TASK [cis_security : 5.3.13 Ensure only strong Ciphers are used] ****************************************************************************************************************************
[0;32mok: [dcex9002t1xut7q][0m

TASK [cis_security : 5.3.14 Ensure only strong MAC algorithms are used] *********************************************************************************************************************
[0;32mok: [dcex9002t1xut7q][0m

TASK [cis_security : 5.3.15 Ensure only strong Key Exchange algorithms are used] ************************************************************************************************************
[0;32mok: [dcex9002t1xut7q][0m

TASK [cis_security : 5.3.16 Ensure SSH Idle Timeout Interval is configured | clientalive] ***************************************************************************************************
[0;32mok: [dcex9002t1xut7q][0m

TASK [cis_security : 5.3.16 Ensure SSH Idle Timeout Interval is configured | MaxAlive] ******************************************************************************************************
[0;32mok: [dcex9002t1xut7q][0m

TASK [cis_security : 5.3.17 Ensure SSH LoginGraceTime is set to one minute or less] *********************************************************************************************************
[0;32mok: [dcex9002t1xut7q][0m

TASK [cis_security : 5.3.18 Ensure SSH warning banner is configured] ************************************************************************************************************************
[0;32mok: [dcex9002t1xut7q][0m

TASK [cis_security : 5.3.19 Ensure SSH PAM is enabled] **************************************************************************************************************************************
[0;32mok: [dcex9002t1xut7q][0m

TASK [cis_security : 5.3.21 Ensure SSH MaxStartups is configured to 10:30:60] ***************************************************************************************************************
[0;32mok: [dcex9002t1xut7q][0m

TASK [cis_security : 5.3.22 Ensure SSH MaxSessions is limited to 4] *************************************************************************************************************************
[0;32mok: [dcex9002t1xut7q][0m

TASK [cis_security : restart_sshd] **********************************************************************************************************************************************************
[0;31mfatal: [dcex9002t1xut7q]: FAILED! => {"msg": "The conditional check 'ssh_config2.changed == true or ssh_config3.changed == true or ssh_config4.changed == true or ssh_config5.changed == true or ssh_config11.changed == true or ssh_config7.changed == true or ssh_config8.changed == true or ssh_config9.changed == true or ssh_config12.changed == true or ssh_config13.changed == true or ssh_config14.changed == true or ssh_config15.changed == true or ssh_config16.changed == true or ssh_config17.changed == true or ssh_config18.changed == true or ssh_config19.changed == true or ssh_config21.changed == true or  ssh_config22.changed == true' failed. The error was: error while evaluating conditional (ssh_config2.changed == true or ssh_config3.changed == true or ssh_config4.changed == true or ssh_config5.changed == true or ssh_config11.changed == true or ssh_config7.changed == true or ssh_config8.changed == true or ssh_config9.changed == true or ssh_config12.changed == true or ssh_config13.changed == true or ssh_config14.changed == true or ssh_config15.changed == true or ssh_config16.changed == true or ssh_config17.changed == true or ssh_config18.changed == true or ssh_config19.changed == true or ssh_config21.changed == true or  ssh_config22.changed == true): 'dict object' has no attribute 'changed'\n\nThe error appears to be in '/home/gfk.com/ivan.stamov.adm/cis-hardening/roles/cis_security/tasks/type-files/ubuntu-20-type.yml': line 2404, column 7, but may\nbe elsewhere in the file depending on the exact syntax problem.\n\nThe offending line appears to be:\n\n# 5.3.X Restart sshd service so that any previous changes take effect\n    - name: restart_sshd\n      ^ here\n"}[0m
[0;36m...ignoring[0m

TASK [cis_security : 5.4.3.2 Ensure password reuse is limited | update file according to CIS] ***********************************************************************************************
[0;32mok: [dcex9002t1xut7q][0m

TASK [cis_security : 5.4.4 Ensure password hashing algorithm is SHA-512] ********************************************************************************************************************
[0;32mok: [dcex9002t1xut7q][0m

TASK [cis_security : 5.5.1.1 Ensure minimum days between password changes is configured | PASS_MIN_DAYS] ************************************************************************************
[0;32mok: [dcex9002t1xut7q][0m

TASK [cis_security : 5.5.1.1 Ensure minimum days between password changes is configured  | chage --mindays] *********************************************************************************
[0;36mskipping: [dcex9002t1xut7q] => (item=root) [0m

TASK [cis_security : 5.5.1.3 Ensure password expiration warning days is 7 or more | PASS_WARN_AGE] ******************************************************************************************
[0;32mok: [dcex9002t1xut7q][0m

TASK [cis_security : 5.5.1.3 Ensure password expiration warning days is 7 or more  | chage --warndays] **************************************************************************************
[0;36mskipping: [dcex9002t1xut7q] => (item=root) [0m

TASK [cis_security : 5.5.1.5 Ensure all users last password change date is in the past | get list] ******************************************************************************************
[0;36mskipping: [dcex9002t1xut7q][0m

TASK [cis_security : 5.5.1.5 Ensure all users last password change date is in the past | save list] *****************************************************************************************
[0;31mfatal: [dcex9002t1xut7q]: FAILED! => {"msg": "The task includes an option with an undefined variable. The error was: 'dict object' has no attribute 'stdout_lines'\n\nThe error appears to be in '/home/gfk.com/ivan.stamov.adm/cis-hardening/roles/cis_security/tasks/type-files/ubuntu-20-type.yml': line 2531, column 7, but may\nbe elsewhere in the file depending on the exact syntax problem.\n\nThe offending line appears to be:\n\n      changed_when: false\n    - name: 5.5.1.5 Ensure all users last password change date is in the past | save list\n      ^ here\n"}[0m
[0;36m...ignoring[0m

TASK [cis_security : 5.5.2 Ensure system accounts are secured | set all system accounts to a non login shell] *******************************************************************************
[0;36mskipping: [dcex9002t1xut7q][0m

TASK [cis_security : 5.5.3 Ensure default group for the root account is GID 0] **************************************************************************************************************
[0;36mskipping: [dcex9002t1xut7q][0m

TASK [cis_security : 5.5.4 Ensure default user umask is 027 or more restrictive - /etc/profile] *********************************************************************************************
[0;32mok: [dcex9002t1xut7q][0m

TASK [cis_security : 5.5.4 Ensure default user umask is 027 or more restrictive - Fix for /etc/apt/apt.conf.d/50command-not-found] **********************************************************
[0;36mskipping: [dcex9002t1xut7q][0m

TASK [cis_security : 5.5.5 Ensure default user shell timeout is 900 seconds or less | /etc/profile] *****************************************************************************************
[0;32mok: [dcex9002t1xut7q][0m

TASK [cis_security : 5.5.5.1 Ensure default user shell timeout is 900 seconds or less | /etc/bash.bashrc] ***********************************************************************************
[0;32mok: [dcex9002t1xut7q][0m

TASK [cis_security : 5.5.5 Ensure default user shell timeout is 900 seconds or less | /etc/profile.d/timeout.sh] ****************************************************************************
[0;32mok: [dcex9002t1xut7q][0m

TASK [cis_security : 5.7 Ensure access to the su command is restricted  | create su-group-access] *******************************************************************************************
[0;32mok: [dcex9002t1xut7q][0m

TASK [cis_security : 5.7 Ensure access to the su command is restricted  | create pam-d-su] **************************************************************************************************
[0;32mok: [dcex9002t1xut7q][0m

TASK [cis_security : 6.1.2 Ensure permissions on /etc/passwd are configured] ****************************************************************************************************************
[0;32mok: [dcex9002t1xut7q][0m

TASK [cis_security : 6.1.3 Ensure permissions on /etc/passwd- are configured] ***************************************************************************************************************
[0;32mok: [dcex9002t1xut7q][0m

TASK [cis_security : 6.1.4 Ensure permissions on /etc/group are configured] *****************************************************************************************************************
[0;32mok: [dcex9002t1xut7q][0m

TASK [cis_security : 6.1.5 Ensure permissions on /etc/group- are configured] ****************************************************************************************************************
[0;32mok: [dcex9002t1xut7q][0m

TASK [cis_security : 6.1.6 Ensure permissions on /etc/shadow are configured, with group 'shadow'] *******************************************************************************************
[0;32mok: [dcex9002t1xut7q][0m

TASK [cis_security : 6.1.7 Ensure permissions on /etc/shadow- are configured] ***************************************************************************************************************
[0;32mok: [dcex9002t1xut7q][0m

TASK [cis_security : 6.1.8 Ensure permissions on /etc/gshadow are configured] ***************************************************************************************************************
[0;32mok: [dcex9002t1xut7q][0m

TASK [cis_security : 6.1.9 Ensure permissions on /etc/gshadow- are configured] **************************************************************************************************************
[0;32mok: [dcex9002t1xut7q][0m

TASK [cis_security : 6.1.10 Ensure no world writable files exist | find files] **************************************************************************************************************
[0;36mskipping: [dcex9002t1xut7q][0m

TASK [cis_security : 6.1.10 Ensure no world writable files exist | save output] *************************************************************************************************************
[0;31mfatal: [dcex9002t1xut7q]: FAILED! => {"msg": "The task includes an option with an undefined variable. The error was: 'dict object' has no attribute 'stdout_lines'\n\nThe error appears to be in '/home/gfk.com/ivan.stamov.adm/cis-hardening/roles/cis_security/tasks/type-files/ubuntu-20-type.yml': line 2812, column 7, but may\nbe elsewhere in the file depending on the exact syntax problem.\n\nThe offending line appears to be:\n\n      changed_when: false\n    - name: 6.1.10 Ensure no world writable files exist | save output\n      ^ here\n"}[0m
[0;36m...ignoring[0m

TASK [cis_security : 6.1.10 Ensure no world writable files exist | fix permission] **********************************************************************************************************
[0;31mfatal: [dcex9002t1xut7q]: FAILED! => {"msg": "'dict object' has no attribute 'stdout_lines'"}[0m
[0;36m...ignoring[0m

TASK [cis_security : 6.2.1 Ensure accounts in /etc/passwd use shadowed passwords] ***********************************************************************************************************
[0;36mskipping: [dcex9002t1xut7q][0m

TASK [cis_security : 6.2.2  Ensure password fields are not empty | list] ********************************************************************************************************************
[0;36mskipping: [dcex9002t1xut7q][0m

TASK [cis_security : 6.2.2 Ensure password fields are not empty | Save output] **************************************************************************************************************
[0;31mfatal: [dcex9002t1xut7q]: FAILED! => {"msg": "The task includes an option with an undefined variable. The error was: 'dict object' has no attribute 'stdout_lines'\n\nThe error appears to be in '/home/gfk.com/ivan.stamov.adm/cis-hardening/roles/cis_security/tasks/type-files/ubuntu-20-type.yml': line 2902, column 7, but may\nbe elsewhere in the file depending on the exact syntax problem.\n\nThe offending line appears to be:\n\n      changed_when: false\n    - name: 6.2.2 Ensure password fields are not empty | Save output\n      ^ here\n"}[0m
[0;36m...ignoring[0m

TASK [cis_security : 6.2.2 Ensure password fields are not empty | Lock account] *************************************************************************************************************
[1;35m[WARNING]: conditional statements should not include jinja2 templating delimiters such as {{ }} or {% %}. Found: {{ output_6_2_1.stdout_lines }}[0m
[0;31mfatal: [dcex9002t1xut7q]: FAILED! => {"msg": "'dict object' has no attribute 'stdout_lines'"}[0m
[0;36m...ignoring[0m

TASK [cis_security : 6.2.3 Ensure all groups in /etc/passwd exist in /etc/group | list] *****************************************************************************************************
[0;36mskipping: [dcex9002t1xut7q][0m

TASK [cis_security : 6.2.3 Ensure all groups in /etc/passwd exist in /etc/group | save output] **********************************************************************************************
[0;32mok: [dcex9002t1xut7q][0m

TASK [cis_security : 6.2.4 Ensure all users' home directories exist | list] *****************************************************************************************************************
[0;36mskipping: [dcex9002t1xut7q][0m

TASK [cis_security : 6.2.4 Ensure all users' home directories exist | save] *****************************************************************************************************************
[0;31mfatal: [dcex9002t1xut7q]: FAILED! => {"msg": "The task includes an option with an undefined variable. The error was: 'dict object' has no attribute 'stdout_lines'\n\nThe error appears to be in '/home/gfk.com/ivan.stamov.adm/cis-hardening/roles/cis_security/tasks/type-files/ubuntu-20-type.yml': line 2962, column 7, but may\nbe elsewhere in the file depending on the exact syntax problem.\n\nThe offending line appears to be:\n\n      changed_when: false\n    - name: 6.2.4 Ensure all users' home directories exist | save\n      ^ here\n"}[0m
[0;36m...ignoring[0m

TASK [cis_security : 6.2.4 Ensure all users' home directories exist | fix] ******************************************************************************************************************
[1;35m[WARNING]: conditional statements should not include jinja2 templating delimiters such as {{ }} or {% %}. Found: {{ output_6_2_4.stdout_lines|length > 0 }}[0m
[0;31mfatal: [dcex9002t1xut7q]: FAILED! => {"msg": "'dict object' has no attribute 'stdout_lines'"}[0m
[0;36m...ignoring[0m

TASK [cis_security : 6.2.5 Ensure users own their home directories | list] ******************************************************************************************************************
[0;32mok: [dcex9002t1xut7q][0m

TASK [cis_security : 6.2.5 Ensure users own their home directories | Var] *******************************************************************************************************************
[0;31mfatal: [dcex9002t1xut7q]: FAILED! => {"msg": "The task includes an option with an undefined variable. The error was: 'dict object' has no attribute 'stdout_lines'\n\nThe error appears to be in '/home/gfk.com/ivan.stamov.adm/cis-hardening/roles/cis_security/tasks/type-files/ubuntu-20-type.yml': line 2985, column 7, but may\nbe elsewhere in the file depending on the exact syntax problem.\n\nThe offending line appears to be:\n\n      changed_when: false\n    - name: 6.2.5 Ensure users own their home directories | Var\n      ^ here\n"}[0m
[0;36m...ignoring[0m

TASK [cis_security : 6.2.5 Ensure users own their home directories | save output] ***********************************************************************************************************
[0;31mfatal: [dcex9002t1xut7q]: FAILED! => {"msg": "The task includes an option with an undefined variable. The error was: 'output_6_2_5_list' is undefined\n\nThe error appears to be in '/home/gfk.com/ivan.stamov.adm/cis-hardening/roles/cis_security/tasks/type-files/ubuntu-20-type.yml': line 2988, column 7, but may\nbe elsewhere in the file depending on the exact syntax problem.\n\nThe offending line appears to be:\n\n        output_6_2_5_list: \"{{ output_6_2_5.stdout_lines | list }}\"\n    - name: 6.2.5 Ensure users own their home directories | save output\n      ^ here\n"}[0m
[0;36m...ignoring[0m

TASK [cis_security : 6.2.5 Ensure users own their home directories | fix] *******************************************************************************************************************
[0;31mfatal: [dcex9002t1xut7q]: FAILED! => {"msg": "'output_6_2_5_list' is undefined"}[0m
[0;36m...ignoring[0m

TASK [cis_security : 6.2.6 Ensure users home directories permissions are 750 or more restrictive - list] ************************************************************************************
[0;32mok: [dcex9002t1xut7q][0m

TASK [cis_security : 6.2.6 Ensure users' home directories permissions are 750 or more restrictive - print output] ***************************************************************************
[0;31mfatal: [dcex9002t1xut7q]: FAILED! => {"msg": "The task includes an option with an undefined variable. The error was: 'dict object' has no attribute 'stdout_lines'\n\nThe error appears to be in '/home/gfk.com/ivan.stamov.adm/cis-hardening/roles/cis_security/tasks/type-files/ubuntu-20-type.yml': line 3013, column 7, but may\nbe elsewhere in the file depending on the exact syntax problem.\n\nThe offending line appears to be:\n\n      changed_when: false\n    - name: 6.2.6 Ensure users' home directories permissions are 750 or more restrictive - print output\n      ^ here\n"}[0m
[0;36m...ignoring[0m

TASK [cis_security : 6.2.6 Ensure users home directories permissions are 750 or more restrictive - fix] *************************************************************************************
[1;35m[WARNING]: conditional statements should not include jinja2 templating delimiters such as {{ }} or {% %}. Found: {{ output_6_2_6.stdout_lines|length > 0 }}[0m
[0;31mfatal: [dcex9002t1xut7q]: FAILED! => {"msg": "'dict object' has no attribute 'stdout_lines'"}[0m
[0;36m...ignoring[0m

TASK [cis_security : 6.2.7 Ensure users' dot files are not group or world writable | list] **************************************************************************************************
[0;32mok: [dcex9002t1xut7q][0m

TASK [cis_security : 6.2.7 Ensure users' dot files and folders are not group or world writable | list] **************************************************************************************
[0;36mskipping: [dcex9002t1xut7q][0m

TASK [cis_security : 6.2.7 Ensure users' dot files are not group or world writable | save output] *******************************************************************************************
[0;31mfatal: [dcex9002t1xut7q]: FAILED! => {"msg": "The task includes an option with an undefined variable. The error was: 'dict object' has no attribute 'stdout'\n\nThe error appears to be in '/home/gfk.com/ivan.stamov.adm/cis-hardening/roles/cis_security/tasks/type-files/ubuntu-20-type.yml': line 3042, column 7, but may\nbe elsewhere in the file depending on the exact syntax problem.\n\nThe offending line appears to be:\n\n      when: fix_dot_include_folders\n    - name: 6.2.7 Ensure users' dot files are not group or world writable | save output\n      ^ here\n"}[0m
[0;36m...ignoring[0m

TASK [cis_security : 6.2.7 Ensure users' dot files and folders are not group or world writable | save output] *******************************************************************************
[0;36mskipping: [dcex9002t1xut7q][0m

TASK [cis_security : 6.2.7 Ensure users' dot files are not group or world writable | correct file permissions] ******************************************************************************
[0;36mskipping: [dcex9002t1xut7q][0m

TASK [cis_security : 6.2.7 Ensure users' dot files and folders are not group or world writable | correct file permissions] ******************************************************************
[0;36mskipping: [dcex9002t1xut7q][0m

TASK [cis_security : 6.2.8 Ensure no users have .netrc files | list] ************************************************************************************************************************
[0;32mok: [dcex9002t1xut7q][0m

TASK [cis_security : 6.2.8 Ensure no users have .netrc files | save output] *****************************************************************************************************************
[0;31mfatal: [dcex9002t1xut7q]: FAILED! => {"msg": "The task includes an option with an undefined variable. The error was: 'dict object' has no attribute 'stdout'\n\nThe error appears to be in '/home/gfk.com/ivan.stamov.adm/cis-hardening/roles/cis_security/tasks/type-files/ubuntu-20-type.yml': line 3087, column 7, but may\nbe elsewhere in the file depending on the exact syntax problem.\n\nThe offending line appears to be:\n\n      changed_when: false\n    - name: 6.2.8 Ensure no users have .netrc files | save output\n      ^ here\n"}[0m
[0;36m...ignoring[0m

TASK [cis_security : 6.2.9 Ensure no users have .forward files | list] **********************************************************************************************************************
[0;32mok: [dcex9002t1xut7q][0m

TASK [cis_security : 6.2.9 Ensure no users have .forward files  | save output] **************************************************************************************************************
[0;31mfatal: [dcex9002t1xut7q]: FAILED! => {"msg": "The task includes an option with an undefined variable. The error was: 'dict object' has no attribute 'stdout'\n\nThe error appears to be in '/home/gfk.com/ivan.stamov.adm/cis-hardening/roles/cis_security/tasks/type-files/ubuntu-20-type.yml': line 3106, column 7, but may\nbe elsewhere in the file depending on the exact syntax problem.\n\nThe offending line appears to be:\n\n      changed_when: false\n    - name: 6.2.9 Ensure no users have .forward files  | save output\n      ^ here\n"}[0m
[0;36m...ignoring[0m

TASK [cis_security : 6.2.10 Ensure no users have .rhosts files | list] **********************************************************************************************************************
[0;32mok: [dcex9002t1xut7q][0m

TASK [cis_security : 6.2.10 Ensure no users have .rhosts files | save output] ***************************************************************************************************************
[0;31mfatal: [dcex9002t1xut7q]: FAILED! => {"msg": "The task includes an option with an undefined variable. The error was: 'dict object' has no attribute 'stdout'\n\nThe error appears to be in '/home/gfk.com/ivan.stamov.adm/cis-hardening/roles/cis_security/tasks/type-files/ubuntu-20-type.yml': line 3124, column 7, but may\nbe elsewhere in the file depending on the exact syntax problem.\n\nThe offending line appears to be:\n\n      changed_when: false\n    - name: 6.2.10 Ensure no users have .rhosts files | save output\n      ^ here\n"}[0m
[0;36m...ignoring[0m

TASK [cis_security : 6.2.11 Ensure root is the only UID 0 account| list] ********************************************************************************************************************
[0;36mskipping: [dcex9002t1xut7q][0m

TASK [cis_security : 6.2.11 Ensure root is the only UID 0 account | Save output] ************************************************************************************************************
[0;31mfatal: [dcex9002t1xut7q]: FAILED! => {"msg": "The task includes an option with an undefined variable. The error was: 'dict object' has no attribute 'stdout_lines'\n\nThe error appears to be in '/home/gfk.com/ivan.stamov.adm/cis-hardening/roles/cis_security/tasks/type-files/ubuntu-20-type.yml': line 3144, column 7, but may\nbe elsewhere in the file depending on the exact syntax problem.\n\nThe offending line appears to be:\n\n      changed_when: false\n    - name: 6.2.11 Ensure root is the only UID 0 account | Save output\n      ^ here\n"}[0m
[0;36m...ignoring[0m

TASK [cis_security : 6.2.12 Ensure root PATH Integrity | run | Delete non-existing folders from PATH] ***************************************************************************************
[0;36mskipping: [dcex9002t1xut7q][0m

TASK [cis_security : 6.2.12 Ensure root PATH Integrity | run] *******************************************************************************************************************************
[0;32mok: [dcex9002t1xut7q][0m

TASK [cis_security : 6.2.12 Ensure root PATH Integrity | run] *******************************************************************************************************************************
[0;32mok: [dcex9002t1xut7q][0m

TASK [cis_security : 6.2.12 Ensure root PATH Integrity | save output] ***********************************************************************************************************************
[0;32mok: [dcex9002t1xut7q][0m

TASK [cis_security : 6.2.13 Ensure no duplicate UIDs exist | list] **************************************************************************************************************************
[0;36mskipping: [dcex9002t1xut7q][0m

TASK [cis_security : 6.2.13 Ensure no duplicate UIDs exist | save output] *******************************************************************************************************************
[0;31m--- before[0m
[0;31m[0m[0;32m+++ after: /root/.ansible/tmp/ansible-local-1147795iHQuB/tmp5Qh0M7[0m
[0;32m[0m[0;36m@@ -0,0 +1 @@[0m
[0;36m[0m[0;32m+{"msg": "skipped, running in check mode", "failed": false, "skipped": true, "changed": false}[0m
[0;32m\ No newline at end of file[0m
[0;32m[0m
[0;33mchanged: [dcex9002t1xut7q][0m

TASK [cis_security : 6.2.14 Ensure no duplicate GIDs exist | list] **************************************************************************************************************************
[0;36mskipping: [dcex9002t1xut7q][0m

TASK [cis_security : 6.2.14 Ensure no duplicate GIDs exist | save output] *******************************************************************************************************************
[0;31m--- before[0m
[0;31m[0m[0;32m+++ after: /root/.ansible/tmp/ansible-local-1147795iHQuB/tmpAY6ppv[0m
[0;32m[0m[0;36m@@ -0,0 +1 @@[0m
[0;36m[0m[0;32m+{"msg": "skipped, running in check mode", "failed": false, "skipped": true, "changed": false}[0m
[0;32m\ No newline at end of file[0m
[0;32m[0m
[0;33mchanged: [dcex9002t1xut7q][0m

TASK [cis_security : 6.2.15 Ensure no duplicate user names exist | list] ********************************************************************************************************************
[0;36mskipping: [dcex9002t1xut7q][0m

TASK [cis_security : 6.2.15 Ensure no duplicate user names exist | save output] *************************************************************************************************************
[0;31mfatal: [dcex9002t1xut7q]: FAILED! => {"msg": "The task includes an option with an undefined variable. The error was: 'dict object' has no attribute 'stdout_lines'\n\nThe error appears to be in '/home/gfk.com/ivan.stamov.adm/cis-hardening/roles/cis_security/tasks/type-files/ubuntu-20-type.yml': line 3260, column 7, but may\nbe elsewhere in the file depending on the exact syntax problem.\n\nThe offending line appears to be:\n\n      changed_when: false\n    - name: 6.2.15 Ensure no duplicate user names exist | save output\n      ^ here\n"}[0m
[0;36m...ignoring[0m

TASK [cis_security : 6.2.16 Ensure no duplicate group names exist | list] *******************************************************************************************************************
[0;36mskipping: [dcex9002t1xut7q][0m

TASK [cis_security : 6.2.16 Ensure no duplicate group names exist | save output] ************************************************************************************************************
[0;32mok: [dcex9002t1xut7q][0m

TASK [cis_security : 6.2.17 Ensure shadow group is empty | list] ****************************************************************************************************************************
[0;36mskipping: [dcex9002t1xut7q][0m

TASK [cis_security : 6.2.17 Ensure shadow group is empty | save output] *********************************************************************************************************************
[0;32mok: [dcex9002t1xut7q][0m

PLAY RECAP **********************************************************************************************************************************************************************************
[0;33mdcex9002t1xut7q[0m            : [0;32mok=185 [0m [0;33mchanged=2   [0m unreachable=0    failed=0    [0;36mskipped=62  [0m rescued=0    [1;35mignored=23  [0m

